[1] "Quadratic programming"
[1] "Wed Jan 18 23:18:08 2017"
[1] "Wed Jan 18 23:18:09 2017"
[1] "deconstructSigs"
[1] "Wed Jan 18 23:18:09 2017"
[1] "Wed Jan 18 23:41:27 2017"
[1] "NMF - read and process data"
[1] "Wed Jan 18 23:41:27 2017"
[1] "Wed Jan 18 23:41:27 2017"
[1] "Simulated annealing - long run"
[1] "Wed Jan 18 23:41:27 2017"
[1] "All"                      "Wed Jan 18 23:41:27 2017"
[1] "PD10010"                  "Wed Jan 18 23:41:51 2017"
[1] "PD10011"                  "Wed Jan 18 23:42:14 2017"
[1] "PD10014"                  "Wed Jan 18 23:42:34 2017"
[1] "PD11326"                  "Wed Jan 18 23:42:56 2017"
[1] "PD11327"                  "Wed Jan 18 23:43:16 2017"
[1] "PD11336"                  "Wed Jan 18 23:43:36 2017"
[1] "PD11337"                  "Wed Jan 18 23:43:57 2017"
[1] "PD11338"                  "Wed Jan 18 23:44:18 2017"
[1] "PD11339"                  "Wed Jan 18 23:44:39 2017"
[1] "PD11340"                  "Wed Jan 18 23:45:01 2017"
[1] "PD11341"                  "Wed Jan 18 23:45:23 2017"
[1] "PD11342"                  "Wed Jan 18 23:45:46 2017"
[1] "PD11343"                  "Wed Jan 18 23:46:09 2017"
[1] "PD11344"                  "Wed Jan 18 23:46:29 2017"
[1] "PD11345"                  "Wed Jan 18 23:46:51 2017"
[1] "PD11346"                  "Wed Jan 18 23:47:14 2017"
[1] "PD11347"                  "Wed Jan 18 23:47:33 2017"
[1] "PD11348"                  "Wed Jan 18 23:47:54 2017"
[1] "PD11349"                  "Wed Jan 18 23:48:17 2017"
[1] "PD11352"                  "Wed Jan 18 23:48:41 2017"
[1] "PD11355"                  "Wed Jan 18 23:49:03 2017"
[1] "PD11357"                  "Wed Jan 18 23:49:24 2017"
[1] "PD11358"                  "Wed Jan 18 23:49:44 2017"
[1] "PD11359"                  "Wed Jan 18 23:50:09 2017"
[1] "PD11360"                  "Wed Jan 18 23:50:31 2017"
[1] "PD11361"                  "Wed Jan 18 23:50:51 2017"
[1] "PD11364"                  "Wed Jan 18 23:51:14 2017"
[1] "PD11365"                  "Wed Jan 18 23:51:35 2017"
[1] "PD11366"                  "Wed Jan 18 23:51:52 2017"
[1] "PD11367"                  "Wed Jan 18 23:52:16 2017"
[1] "PD11368"                  "Wed Jan 18 23:52:40 2017"
[1] "PD11369"                  "Wed Jan 18 23:53:01 2017"
[1] "PD11370"                  "Wed Jan 18 23:53:25 2017"
[1] "PD11372"                  "Wed Jan 18 23:53:46 2017"
[1] "PD11374"                  "Wed Jan 18 23:54:10 2017"
[1] "PD11375"                  "Wed Jan 18 23:54:31 2017"
[1] "PD11376"                  "Wed Jan 18 23:54:49 2017"
[1] "PD11379"                  "Wed Jan 18 23:55:10 2017"
[1] "PD11380"                  "Wed Jan 18 23:55:37 2017"
[1] "PD11381"                  "Wed Jan 18 23:55:58 2017"
[1] "PD11383"                  "Wed Jan 18 23:56:20 2017"
[1] "PD11384"                  "Wed Jan 18 23:56:42 2017"
[1] "PD11385"                  "Wed Jan 18 23:57:03 2017"
[1] "PD11386"                  "Wed Jan 18 23:57:25 2017"
[1] "PD11388"                  "Wed Jan 18 23:57:48 2017"
[1] "PD11389"                  "Wed Jan 18 23:58:08 2017"
[1] "PD11391"                  "Wed Jan 18 23:58:28 2017"
[1] "PD11393"                  "Wed Jan 18 23:58:48 2017"
[1] "PD11394"                  "Wed Jan 18 23:59:08 2017"
[1] "PD11395"                  "Wed Jan 18 23:59:27 2017"
[1] "PD11396"                  "Wed Jan 18 23:59:50 2017"
[1] "PD11397"                  "Thu Jan 19 00:00:11 2017"
[1] "PD11398"                  "Thu Jan 19 00:00:33 2017"
[1] "PD11399"                  "Thu Jan 19 00:00:55 2017"
[1] "PD11402"                  "Thu Jan 19 00:01:14 2017"
[1] "PD11462"                  "Thu Jan 19 00:01:35 2017"
[1] "PD11464"                  "Thu Jan 19 00:01:54 2017"
[1] "PD11465"                  "Thu Jan 19 00:02:17 2017"
[1] "PD11740"                  "Thu Jan 19 00:02:42 2017"
[1] "PD11741"                  "Thu Jan 19 00:03:07 2017"
[1] "PD11742"                  "Thu Jan 19 00:03:27 2017"
[1] "PD11743"                  "Thu Jan 19 00:03:54 2017"
[1] "PD11744"                  "Thu Jan 19 00:04:19 2017"
[1] "PD11745"                  "Thu Jan 19 00:04:41 2017"
[1] "PD11748"                  "Thu Jan 19 00:05:03 2017"
[1] "PD11750"                  "Thu Jan 19 00:05:26 2017"
[1] "PD11751"                  "Thu Jan 19 00:05:44 2017"
[1] "PD11752"                  "Thu Jan 19 00:06:05 2017"
[1] "PD11753"                  "Thu Jan 19 00:06:26 2017"
[1] "PD11755"                  "Thu Jan 19 00:06:49 2017"
[1] "PD11756"                  "Thu Jan 19 00:07:10 2017"
[1] "PD11757"                  "Thu Jan 19 00:07:30 2017"
[1] "PD11760"                  "Thu Jan 19 00:07:51 2017"
[1] "PD11761"                  "Thu Jan 19 00:08:12 2017"
[1] "PD11762"                  "Thu Jan 19 00:08:35 2017"
[1] "PD11765"                  "Thu Jan 19 00:08:54 2017"
[1] "PD11766"                  "Thu Jan 19 00:09:18 2017"
[1] "PD11767"                  "Thu Jan 19 00:09:41 2017"
[1] "PD11769"                  "Thu Jan 19 00:10:01 2017"
[1] "PD11816"                  "Thu Jan 19 00:10:24 2017"
[1] "PD11818"                  "Thu Jan 19 00:10:47 2017"
[1] "PD11819"                  "Thu Jan 19 00:11:08 2017"
[1] "PD13162"                  "Thu Jan 19 00:11:29 2017"
[1] "PD13163"                  "Thu Jan 19 00:11:54 2017"
[1] "PD13164"                  "Thu Jan 19 00:12:16 2017"
[1] "PD13165"                  "Thu Jan 19 00:12:38 2017"
[1] "PD13166"                  "Thu Jan 19 00:13:00 2017"
[1] "PD13167"                  "Thu Jan 19 00:13:22 2017"
[1] "PD13168"                  "Thu Jan 19 00:13:43 2017"
[1] "PD13296"                  "Thu Jan 19 00:14:07 2017"
[1] "PD13297"                  "Thu Jan 19 00:14:27 2017"
[1] "PD13298"                  "Thu Jan 19 00:14:45 2017"
[1] "PD13299"                  "Thu Jan 19 00:15:07 2017"
[1] "PD13302"                  "Thu Jan 19 00:15:34 2017"
[1] "PD13304"                  "Thu Jan 19 00:15:55 2017"
[1] "PD13306"                  "Thu Jan 19 00:16:16 2017"
[1] "PD13307"                  "Thu Jan 19 00:16:36 2017"
[1] "PD13310"                  "Thu Jan 19 00:16:58 2017"
[1] "PD13311"                  "Thu Jan 19 00:17:18 2017"
[1] "PD13312"                  "Thu Jan 19 00:17:37 2017"
[1] "PD13416"                  "Thu Jan 19 00:17:59 2017"
[1] "PD13418"                  "Thu Jan 19 00:18:16 2017"
[1] "PD13419"                  "Thu Jan 19 00:18:41 2017"
[1] "PD13420"                  "Thu Jan 19 00:19:01 2017"
[1] "PD13422"                  "Thu Jan 19 00:19:20 2017"
[1] "PD13424"                  "Thu Jan 19 00:19:42 2017"
[1] "PD13425"                  "Thu Jan 19 00:20:04 2017"
[1] "PD13426"                  "Thu Jan 19 00:20:29 2017"
[1] "PD13427"                  "Thu Jan 19 00:20:52 2017"
[1] "PD13428"                  "Thu Jan 19 00:21:12 2017"
[1] "PD13602"                  "Thu Jan 19 00:21:35 2017"
[1] "PD13603"                  "Thu Jan 19 00:21:55 2017"
[1] "PD13604"                  "Thu Jan 19 00:22:16 2017"
[1] "PD13605"                  "Thu Jan 19 00:22:41 2017"
[1] "PD13606"                  "Thu Jan 19 00:22:58 2017"
[1] "PD13607"                  "Thu Jan 19 00:23:18 2017"
[1] "PD13608"                  "Thu Jan 19 00:23:40 2017"
[1] "PD13609"                  "Thu Jan 19 00:24:02 2017"
[1] "PD13618"                  "Thu Jan 19 00:24:28 2017"
[1] "PD13619"                  "Thu Jan 19 00:24:49 2017"
[1] "PD13620"                  "Thu Jan 19 00:25:11 2017"
[1] "PD13622"                  "Thu Jan 19 00:25:34 2017"
[1] "PD13623"                  "Thu Jan 19 00:25:57 2017"
[1] "PD13625"                  "Thu Jan 19 00:26:22 2017"
[1] "PD13626"                  "Thu Jan 19 00:26:41 2017"
[1] "PD13627"                  "Thu Jan 19 00:27:02 2017"
[1] "PD13629"                  "Thu Jan 19 00:27:19 2017"
[1] "PD13630"                  "Thu Jan 19 00:27:43 2017"
[1] "PD13631"                  "Thu Jan 19 00:28:02 2017"
[1] "PD13752"                  "Thu Jan 19 00:28:22 2017"
[1] "PD13753"                  "Thu Jan 19 00:28:44 2017"
[1] "PD13754"                  "Thu Jan 19 00:29:07 2017"
[1] "PD13755"                  "Thu Jan 19 00:29:30 2017"
[1] "PD13756"                  "Thu Jan 19 00:29:52 2017"
[1] "PD13757"                  "Thu Jan 19 00:30:15 2017"
[1] "PD13758"                  "Thu Jan 19 00:30:37 2017"
[1] "PD13760"                  "Thu Jan 19 00:31:01 2017"
[1] "PD13761"                  "Thu Jan 19 00:31:21 2017"
[1] "PD13762"                  "Thu Jan 19 00:31:41 2017"
[1] "PD13763"                  "Thu Jan 19 00:32:02 2017"
[1] "PD13764"                  "Thu Jan 19 00:32:25 2017"
[1] "PD13765"                  "Thu Jan 19 00:32:48 2017"
[1] "PD13766"                  "Thu Jan 19 00:33:07 2017"
[1] "PD13767"                  "Thu Jan 19 00:33:32 2017"
[1] "PD13768"                  "Thu Jan 19 00:33:54 2017"
[1] "PD13770"                  "Thu Jan 19 00:34:17 2017"
[1] "PD13771"                  "Thu Jan 19 00:34:35 2017"
[1] "PD14432"                  "Thu Jan 19 00:34:55 2017"
[1] "PD14433"                  "Thu Jan 19 00:35:20 2017"
[1] "PD14435"                  "Thu Jan 19 00:35:46 2017"
[1] "PD14437"                  "Thu Jan 19 00:36:09 2017"
[1] "PD14439"                  "Thu Jan 19 00:36:29 2017"
[1] "PD14441"                  "Thu Jan 19 00:36:48 2017"
[1] "PD14442"                  "Thu Jan 19 00:37:12 2017"
[1] "PD14450"                  "Thu Jan 19 00:37:34 2017"
[1] "PD14453"                  "Thu Jan 19 00:37:53 2017"
[1] "PD14454"                  "Thu Jan 19 00:38:14 2017"
[1] "PD14456"                  "Thu Jan 19 00:38:37 2017"
[1] "PD14457"                  "Thu Jan 19 00:38:58 2017"
[1] "PD14458"                  "Thu Jan 19 00:39:19 2017"
[1] "PD14459"                  "Thu Jan 19 00:39:39 2017"
[1] "PD14460"                  "Thu Jan 19 00:40:01 2017"
[1] "PD14461"                  "Thu Jan 19 00:40:28 2017"
[1] "PD14462"                  "Thu Jan 19 00:40:47 2017"
[1] "PD14465"                  "Thu Jan 19 00:41:08 2017"
[1] "PD14467"                  "Thu Jan 19 00:41:28 2017"
[1] "PD14468"                  "Thu Jan 19 00:41:49 2017"
[1] "PD14471"                  "Thu Jan 19 00:42:09 2017"
[1] "PD14472"                  "Thu Jan 19 00:42:29 2017"
[1] "PD14473"                  "Thu Jan 19 00:42:49 2017"
[1] "PD17973"                  "Thu Jan 19 00:43:10 2017"
[1] "PD17981"                  "Thu Jan 19 00:43:29 2017"
[1] "PD17991"                  "Thu Jan 19 00:43:49 2017"
[1] "PD17994"                  "Thu Jan 19 00:44:08 2017"
[1] "PD18017"                  "Thu Jan 19 00:44:28 2017"
[1] "PD18020"                  "Thu Jan 19 00:44:49 2017"
[1] "PD18022"                  "Thu Jan 19 00:45:10 2017"
[1] "PD18024"                  "Thu Jan 19 00:45:32 2017"
[1] "PD18031"                  "Thu Jan 19 00:45:52 2017"
[1] "PD18037"                  "Thu Jan 19 00:46:13 2017"
[1] "PD18045"                  "Thu Jan 19 00:46:34 2017"
[1] "PD18046"                  "Thu Jan 19 00:46:59 2017"
[1] "PD18047"                  "Thu Jan 19 00:47:22 2017"
[1] "PD18048"                  "Thu Jan 19 00:47:41 2017"
[1] "PD18049"                  "Thu Jan 19 00:48:04 2017"
[1] "PD18050"                  "Thu Jan 19 00:48:27 2017"
[1] "PD18100"                  "Thu Jan 19 00:48:46 2017"
[1] "PD18101"                  "Thu Jan 19 00:49:04 2017"
[1] "PD18116"                  "Thu Jan 19 00:49:23 2017"
[1] "PD18149"                  "Thu Jan 19 00:49:44 2017"
[1] "PD18188"                  "Thu Jan 19 00:50:07 2017"
[1] "PD18189"                  "Thu Jan 19 00:50:29 2017"
[1] "PD18247"                  "Thu Jan 19 00:50:48 2017"
[1] "PD18251"                  "Thu Jan 19 00:51:09 2017"
[1] "PD18257"                  "Thu Jan 19 00:51:31 2017"
[1] "PD18258"                  "Thu Jan 19 00:51:52 2017"
[1] "PD18259"                  "Thu Jan 19 00:52:11 2017"
[1] "PD18264"                  "Thu Jan 19 00:52:30 2017"
[1] "PD18269"                  "Thu Jan 19 00:52:55 2017"
[1] "PD18728"                  "Thu Jan 19 00:53:15 2017"
[1] "PD18730"                  "Thu Jan 19 00:53:36 2017"
[1] "PD18733"                  "Thu Jan 19 00:54:00 2017"
[1] "PD18734"                  "Thu Jan 19 00:54:20 2017"
[1] "PD18748"                  "Thu Jan 19 00:54:39 2017"
[1] "PD18749"                  "Thu Jan 19 00:55:00 2017"
[1] "PD18751"                  "Thu Jan 19 00:55:23 2017"
[1] "PD18754"                  "Thu Jan 19 00:55:44 2017"
[1] "PD18756"                  "Thu Jan 19 00:56:08 2017"
[1] "PD18768"                  "Thu Jan 19 00:56:28 2017"
[1] "PD18769"                  "Thu Jan 19 00:56:48 2017"
[1] "PD18771"                  "Thu Jan 19 00:57:12 2017"
[1] "PD18775"                  "Thu Jan 19 00:57:30 2017"
[1] "PD18776"                  "Thu Jan 19 00:57:49 2017"
[1] "PD22036"                  "Thu Jan 19 00:58:07 2017"
[1] "PD22251"                  "Thu Jan 19 00:58:27 2017"
[1] "PD22355"                  "Thu Jan 19 00:58:48 2017"
[1] "PD22357"                  "Thu Jan 19 00:59:08 2017"
[1] "PD22358"                  "Thu Jan 19 00:59:33 2017"
[1] "PD22359"                  "Thu Jan 19 00:59:55 2017"
[1] "PD22360"                  "Thu Jan 19 01:00:14 2017"
[1] "PD22361"                  "Thu Jan 19 01:00:32 2017"
[1] "PD22362"                  "Thu Jan 19 01:00:58 2017"
[1] "PD22363"                  "Thu Jan 19 01:01:20 2017"
[1] "PD22364"                  "Thu Jan 19 01:01:41 2017"
[1] "PD22365"                  "Thu Jan 19 01:02:00 2017"
[1] "PD22366"                  "Thu Jan 19 01:02:24 2017"
[1] "PD23550"                  "Thu Jan 19 01:02:44 2017"
[1] "PD23554"                  "Thu Jan 19 01:03:05 2017"
[1] "PD23558"                  "Thu Jan 19 01:03:25 2017"
[1] "PD23559"                  "Thu Jan 19 01:03:46 2017"
[1] "PD23560"                  "Thu Jan 19 01:04:08 2017"
[1] "PD23561"                  "Thu Jan 19 01:04:30 2017"
[1] "PD23562"                  "Thu Jan 19 01:04:55 2017"
[1] "PD23563"                  "Thu Jan 19 01:05:18 2017"
[1] "PD23564"                  "Thu Jan 19 01:05:38 2017"
[1] "PD23565"                  "Thu Jan 19 01:05:55 2017"
[1] "PD23566"                  "Thu Jan 19 01:06:18 2017"
[1] "PD23567"                  "Thu Jan 19 01:06:36 2017"
[1] "PD23569"                  "Thu Jan 19 01:06:59 2017"
[1] "PD23570"                  "Thu Jan 19 01:07:23 2017"
[1] "PD23574"                  "Thu Jan 19 01:07:45 2017"
[1] "PD23577"                  "Thu Jan 19 01:08:04 2017"
[1] "PD23578"                  "Thu Jan 19 01:08:27 2017"
[1] "PD23579"                  "Thu Jan 19 01:08:47 2017"
[1] "PD24182"                  "Thu Jan 19 01:09:05 2017"
[1] "PD24186"                  "Thu Jan 19 01:09:24 2017"
[1] "PD24189"                  "Thu Jan 19 01:09:43 2017"
[1] "PD24190"                  "Thu Jan 19 01:10:00 2017"
[1] "PD24191"                  "Thu Jan 19 01:10:23 2017"
[1] "PD24192"                  "Thu Jan 19 01:10:44 2017"
[1] "PD24193"                  "Thu Jan 19 01:11:03 2017"
[1] "PD24194"                  "Thu Jan 19 01:11:21 2017"
[1] "PD24195"                  "Thu Jan 19 01:11:47 2017"
[1] "PD24196"                  "Thu Jan 19 01:12:09 2017"
[1] "PD24197"                  "Thu Jan 19 01:12:31 2017"
[1] "PD24199"                  "Thu Jan 19 01:12:52 2017"
[1] "PD24200"                  "Thu Jan 19 01:13:13 2017"
[1] "PD24201"                  "Thu Jan 19 01:13:30 2017"
[1] "PD24202"                  "Thu Jan 19 01:13:51 2017"
[1] "PD24204"                  "Thu Jan 19 01:14:14 2017"
[1] "PD24205"                  "Thu Jan 19 01:14:36 2017"
[1] "PD24206"                  "Thu Jan 19 01:14:59 2017"
[1] "PD24207"                  "Thu Jan 19 01:15:19 2017"
[1] "PD24208"                  "Thu Jan 19 01:15:43 2017"
[1] "PD24209"                  "Thu Jan 19 01:16:04 2017"
[1] "PD24212"                  "Thu Jan 19 01:16:30 2017"
[1] "PD24214"                  "Thu Jan 19 01:16:52 2017"
[1] "PD24215"                  "Thu Jan 19 01:17:10 2017"
[1] "PD24216"                  "Thu Jan 19 01:17:29 2017"
[1] "PD24217"                  "Thu Jan 19 01:17:44 2017"
[1] "PD24218"                  "Thu Jan 19 01:18:04 2017"
[1] "PD24219"                  "Thu Jan 19 01:18:27 2017"
[1] "PD24220"                  "Thu Jan 19 01:18:49 2017"
[1] "PD24221"                  "Thu Jan 19 01:19:11 2017"
[1] "PD24223"                  "Thu Jan 19 01:19:34 2017"
[1] "PD24224"                  "Thu Jan 19 01:19:56 2017"
[1] "PD24225"                  "Thu Jan 19 01:20:19 2017"
[1] "PD24302"                  "Thu Jan 19 01:20:40 2017"
[1] "PD24303"                  "Thu Jan 19 01:21:02 2017"
[1] "PD24304"                  "Thu Jan 19 01:21:20 2017"
[1] "PD24306"                  "Thu Jan 19 01:21:39 2017"
[1] "PD24307"                  "Thu Jan 19 01:21:58 2017"
[1] "PD24308"                  "Thu Jan 19 01:22:19 2017"
[1] "PD24314"                  "Thu Jan 19 01:22:41 2017"
[1] "PD24318"                  "Thu Jan 19 01:23:02 2017"
[1] "PD24320"                  "Thu Jan 19 01:23:25 2017"
[1] "PD24322"                  "Thu Jan 19 01:23:41 2017"
[1] "PD24325"                  "Thu Jan 19 01:24:03 2017"
[1] "PD24326"                  "Thu Jan 19 01:24:23 2017"
[1] "PD24327"                  "Thu Jan 19 01:24:44 2017"
[1] "PD24329"                  "Thu Jan 19 01:25:08 2017"
[1] "PD24332"                  "Thu Jan 19 01:25:31 2017"
[1] "PD24333"                  "Thu Jan 19 01:25:52 2017"
[1] "PD24335"                  "Thu Jan 19 01:26:04 2017"
[1] "PD24336"                  "Thu Jan 19 01:26:26 2017"
[1] "PD24337"                  "Thu Jan 19 01:26:45 2017"
[1] "PD3851"                   "Thu Jan 19 01:27:05 2017"
[1] "PD3890"                   "Thu Jan 19 01:27:27 2017"
[1] "PD3904"                   "Thu Jan 19 01:27:46 2017"
[1] "PD3905"                   "Thu Jan 19 01:28:09 2017"
[1] "PD3945"                   "Thu Jan 19 01:28:30 2017"
[1] "PD3989"                   "Thu Jan 19 01:28:51 2017"
[1] "PD4005"                   "Thu Jan 19 01:29:13 2017"
[1] "PD4006"                   "Thu Jan 19 01:29:33 2017"
[1] "PD4069"                   "Thu Jan 19 01:29:53 2017"
[1] "PD4072"                   "Thu Jan 19 01:30:12 2017"
[1] "PD4076"                   "Thu Jan 19 01:30:27 2017"
[1] "PD4085"                   "Thu Jan 19 01:30:49 2017"
[1] "PD4086"                   "Thu Jan 19 01:31:11 2017"
[1] "PD4088"                   "Thu Jan 19 01:31:30 2017"
[1] "PD4103"                   "Thu Jan 19 01:31:50 2017"
[1] "PD4107"                   "Thu Jan 19 01:32:12 2017"
[1] "PD4109"                   "Thu Jan 19 01:32:34 2017"
[1] "PD4115"                   "Thu Jan 19 01:32:56 2017"
[1] "PD4116"                   "Thu Jan 19 01:33:19 2017"
[1] "PD4192"                   "Thu Jan 19 01:33:40 2017"
[1] "PD4194"                   "Thu Jan 19 01:33:57 2017"
[1] "PD4198"                   "Thu Jan 19 01:34:16 2017"
[1] "PD4199"                   "Thu Jan 19 01:34:37 2017"
[1] "PD4225"                   "Thu Jan 19 01:35:03 2017"
[1] "PD4248"                   "Thu Jan 19 01:35:25 2017"
[1] "PD4252"                   "Thu Jan 19 01:35:46 2017"
[1] "PD4255"                   "Thu Jan 19 01:36:08 2017"
[1] "PD4261"                   "Thu Jan 19 01:36:29 2017"
[1] "PD4264"                   "Thu Jan 19 01:36:48 2017"
[1] "PD4266"                   "Thu Jan 19 01:37:09 2017"
[1] "PD4267"                   "Thu Jan 19 01:37:27 2017"
[1] "PD4315"                   "Thu Jan 19 01:37:50 2017"
[1] "PD4604"                   "Thu Jan 19 01:38:12 2017"
[1] "PD4605"                   "Thu Jan 19 01:38:32 2017"
[1] "PD4606"                   "Thu Jan 19 01:38:54 2017"
[1] "PD4607"                   "Thu Jan 19 01:39:17 2017"
[1] "PD4613"                   "Thu Jan 19 01:39:38 2017"
[1] "PD4826"                   "Thu Jan 19 01:40:00 2017"
[1] "PD4833"                   "Thu Jan 19 01:40:21 2017"
[1] "PD4836"                   "Thu Jan 19 01:40:43 2017"
[1] "PD4841"                   "Thu Jan 19 01:41:05 2017"
[1] "PD4844"                   "Thu Jan 19 01:41:28 2017"
[1] "PD4845"                   "Thu Jan 19 01:41:51 2017"
[1] "PD4847"                   "Thu Jan 19 01:42:09 2017"
[1] "PD4872"                   "Thu Jan 19 01:42:30 2017"
[1] "PD4874"                   "Thu Jan 19 01:42:52 2017"
[1] "PD4875"                   "Thu Jan 19 01:43:15 2017"
[1] "PD4876"                   "Thu Jan 19 01:43:38 2017"
[1] "PD4951"                   "Thu Jan 19 01:44:00 2017"
[1] "PD4952"                   "Thu Jan 19 01:44:21 2017"
[1] "PD4953"                   "Thu Jan 19 01:44:45 2017"
[1] "PD4954"                   "Thu Jan 19 01:45:09 2017"
[1] "PD4955"                   "Thu Jan 19 01:45:28 2017"
[1] "PD4956"                   "Thu Jan 19 01:45:52 2017"
[1] "PD4957"                   "Thu Jan 19 01:46:12 2017"
[1] "PD4958"                   "Thu Jan 19 01:46:33 2017"
[1] "PD4959"                   "Thu Jan 19 01:46:56 2017"
[1] "PD4962"                   "Thu Jan 19 01:47:20 2017"
[1] "PD4965"                   "Thu Jan 19 01:47:45 2017"
[1] "PD4967"                   "Thu Jan 19 01:48:06 2017"
[1] "PD4968"                   "Thu Jan 19 01:48:30 2017"
[1] "PD4969"                   "Thu Jan 19 01:48:48 2017"
[1] "PD4970"                   "Thu Jan 19 01:49:10 2017"
[1] "PD4971"                   "Thu Jan 19 01:49:33 2017"
[1] "PD4972"                   "Thu Jan 19 01:49:51 2017"
[1] "PD4975"                   "Thu Jan 19 01:50:11 2017"
[1] "PD4976"                   "Thu Jan 19 01:50:33 2017"
[1] "PD4977"                   "Thu Jan 19 01:50:56 2017"
[1] "PD4978"                   "Thu Jan 19 01:51:18 2017"
[1] "PD4980"                   "Thu Jan 19 01:51:38 2017"
[1] "PD4981"                   "Thu Jan 19 01:52:00 2017"
[1] "PD4982"                   "Thu Jan 19 01:52:20 2017"
[1] "PD4983"                   "Thu Jan 19 01:52:41 2017"
[1] "PD4985"                   "Thu Jan 19 01:53:03 2017"
[1] "PD4986"                   "Thu Jan 19 01:53:25 2017"
[1] "PD5925"                   "Thu Jan 19 01:53:47 2017"
[1] "PD5928"                   "Thu Jan 19 01:54:12 2017"
[1] "PD5930"                   "Thu Jan 19 01:54:33 2017"
[1] "PD5932"                   "Thu Jan 19 01:54:52 2017"
[1] "PD5934"                   "Thu Jan 19 01:55:12 2017"
[1] "PD5935"                   "Thu Jan 19 01:55:31 2017"
[1] "PD5936"                   "Thu Jan 19 01:55:49 2017"
[1] "PD5937"                   "Thu Jan 19 01:56:12 2017"
[1] "PD5942"                   "Thu Jan 19 01:56:33 2017"
[1] "PD5944"                   "Thu Jan 19 01:56:53 2017"
[1] "PD5945"                   "Thu Jan 19 01:57:14 2017"
[1] "PD5946"                   "Thu Jan 19 01:57:34 2017"
[1] "PD5947"                   "Thu Jan 19 01:57:56 2017"
[1] "PD5948"                   "Thu Jan 19 01:58:17 2017"
[1] "PD5950"                   "Thu Jan 19 01:58:35 2017"
[1] "PD5951"                   "Thu Jan 19 01:58:54 2017"
[1] "PD5953"                   "Thu Jan 19 01:59:14 2017"
[1] "PD5956"                   "Thu Jan 19 01:59:37 2017"
[1] "PD5959"                   "Thu Jan 19 01:59:56 2017"
[1] "PD5960"                   "Thu Jan 19 02:00:17 2017"
[1] "PD5961"                   "Thu Jan 19 02:00:40 2017"
[1] "PD5964"                   "Thu Jan 19 02:01:02 2017"
[1] "PD6016"                   "Thu Jan 19 02:01:23 2017"
[1] "PD6041"                   "Thu Jan 19 02:01:46 2017"
[1] "PD6042"                   "Thu Jan 19 02:02:05 2017"
[1] "PD6043"                   "Thu Jan 19 02:02:27 2017"
[1] "PD6044"                   "Thu Jan 19 02:02:49 2017"
[1] "PD6045"                   "Thu Jan 19 02:03:12 2017"
[1] "PD6046"                   "Thu Jan 19 02:03:34 2017"
[1] "PD6047"                   "Thu Jan 19 02:03:58 2017"
[1] "PD6048"                   "Thu Jan 19 02:04:19 2017"
[1] "PD6404"                   "Thu Jan 19 02:04:38 2017"
[1] "PD6405"                   "Thu Jan 19 02:04:58 2017"
[1] "PD6406"                   "Thu Jan 19 02:05:21 2017"
[1] "PD6409"                   "Thu Jan 19 02:05:39 2017"
[1] "PD6410"                   "Thu Jan 19 02:05:56 2017"
[1] "PD6411"                   "Thu Jan 19 02:06:15 2017"
[1] "PD6412"                   "Thu Jan 19 02:06:34 2017"
[1] "PD6413"                   "Thu Jan 19 02:06:52 2017"
[1] "PD6414"                   "Thu Jan 19 02:07:13 2017"
[1] "PD6415"                   "Thu Jan 19 02:07:36 2017"
[1] "PD6416"                   "Thu Jan 19 02:07:56 2017"
[1] "PD6417"                   "Thu Jan 19 02:08:16 2017"
[1] "PD6418"                   "Thu Jan 19 02:08:35 2017"
[1] "PD6422"                   "Thu Jan 19 02:08:55 2017"
[1] "PD6466"                   "Thu Jan 19 02:09:14 2017"
[1] "PD6684"                   "Thu Jan 19 02:09:33 2017"
[1] "PD6711"                   "Thu Jan 19 02:09:52 2017"
[1] "PD6719"                   "Thu Jan 19 02:10:14 2017"
[1] "PD6720"                   "Thu Jan 19 02:10:33 2017"
[1] "PD6721"                   "Thu Jan 19 02:10:55 2017"
[1] "PD6722"                   "Thu Jan 19 02:11:15 2017"
[1] "PD6727"                   "Thu Jan 19 02:11:41 2017"
[1] "PD6728"                   "Thu Jan 19 02:11:56 2017"
[1] "PD6729"                   "Thu Jan 19 02:12:18 2017"
[1] "PD6730"                   "Thu Jan 19 02:12:40 2017"
[1] "PD6731"                   "Thu Jan 19 02:13:02 2017"
[1] "PD6732"                   "Thu Jan 19 02:13:25 2017"
[1] "PD6733"                   "Thu Jan 19 02:13:45 2017"
[1] "PD7066"                   "Thu Jan 19 02:14:06 2017"
[1] "PD7067"                   "Thu Jan 19 02:14:28 2017"
[1] "PD7069"                   "Thu Jan 19 02:14:48 2017"
[1] "PD7199"                   "Thu Jan 19 02:15:09 2017"
[1] "PD7201"                   "Thu Jan 19 02:15:29 2017"
[1] "PD7202"                   "Thu Jan 19 02:15:51 2017"
[1] "PD7203"                   "Thu Jan 19 02:16:11 2017"
[1] "PD7204"                   "Thu Jan 19 02:16:31 2017"
[1] "PD7205"                   "Thu Jan 19 02:16:52 2017"
[1] "PD7206"                   "Thu Jan 19 02:17:15 2017"
[1] "PD7207"                   "Thu Jan 19 02:17:38 2017"
[1] "PD7209"                   "Thu Jan 19 02:17:58 2017"
[1] "PD7210"                   "Thu Jan 19 02:18:21 2017"
[1] "PD7211"                   "Thu Jan 19 02:18:40 2017"
[1] "PD7214"                   "Thu Jan 19 02:19:00 2017"
[1] "PD7215"                   "Thu Jan 19 02:19:20 2017"
[1] "PD7217"                   "Thu Jan 19 02:19:45 2017"
[1] "PD7218"                   "Thu Jan 19 02:20:06 2017"
[1] "PD7219"                   "Thu Jan 19 02:20:26 2017"
[1] "PD7220"                   "Thu Jan 19 02:20:51 2017"
[1] "PD7221"                   "Thu Jan 19 02:21:11 2017"
[1] "PD7238"                   "Thu Jan 19 02:21:29 2017"
[1] "PD7240"                   "Thu Jan 19 02:21:52 2017"
[1] "PD7243"                   "Thu Jan 19 02:22:14 2017"
[1] "PD7248"                   "Thu Jan 19 02:22:35 2017"
[1] "PD7249"                   "Thu Jan 19 02:22:55 2017"
[1] "PD7250"                   "Thu Jan 19 02:23:16 2017"
[1] "PD7304"                   "Thu Jan 19 02:23:35 2017"
[1] "PD7305"                   "Thu Jan 19 02:23:55 2017"
[1] "PD7306"                   "Thu Jan 19 02:24:15 2017"
[1] "PD7307"                   "Thu Jan 19 02:24:32 2017"
[1] "PD7316"                   "Thu Jan 19 02:24:57 2017"
[1] "PD7321"                   "Thu Jan 19 02:25:16 2017"
[1] "PD7322"                   "Thu Jan 19 02:25:37 2017"
[1] "PD7341"                   "Thu Jan 19 02:25:56 2017"
[1] "PD7344"                   "Thu Jan 19 02:26:15 2017"
[1] "PD7426"                   "Thu Jan 19 02:26:37 2017"
[1] "PD7428"                   "Thu Jan 19 02:26:56 2017"
[1] "PD8609"                   "Thu Jan 19 02:27:16 2017"
[1] "PD8610"                   "Thu Jan 19 02:27:41 2017"
[1] "PD8611"                   "Thu Jan 19 02:28:03 2017"
[1] "PD8612"                   "Thu Jan 19 02:28:22 2017"
[1] "PD8614"                   "Thu Jan 19 02:28:41 2017"
[1] "PD8615"                   "Thu Jan 19 02:29:04 2017"
[1] "PD8617"                   "Thu Jan 19 02:29:27 2017"
[1] "PD8618"                   "Thu Jan 19 02:29:48 2017"
[1] "PD8619"                   "Thu Jan 19 02:30:08 2017"
[1] "PD8620"                   "Thu Jan 19 02:30:30 2017"
[1] "PD8621"                   "Thu Jan 19 02:30:54 2017"
[1] "PD8622"                   "Thu Jan 19 02:31:18 2017"
[1] "PD8623"                   "Thu Jan 19 02:31:39 2017"
[1] "PD8652"                   "Thu Jan 19 02:32:00 2017"
[1] "PD8660"                   "Thu Jan 19 02:32:19 2017"
[1] "PD8828"                   "Thu Jan 19 02:32:40 2017"
[1] "PD8830"                   "Thu Jan 19 02:33:02 2017"
[1] "PD8832"                   "Thu Jan 19 02:33:25 2017"
[1] "PD8964"                   "Thu Jan 19 02:33:45 2017"
[1] "PD8965"                   "Thu Jan 19 02:34:07 2017"
[1] "PD8969"                   "Thu Jan 19 02:34:30 2017"
[1] "PD8973"                   "Thu Jan 19 02:34:53 2017"
[1] "PD8977"                   "Thu Jan 19 02:35:15 2017"
[1] "PD8978"                   "Thu Jan 19 02:35:37 2017"
[1] "PD8979"                   "Thu Jan 19 02:35:55 2017"
[1] "PD8980"                   "Thu Jan 19 02:36:16 2017"
[1] "PD8981"                   "Thu Jan 19 02:36:39 2017"
[1] "PD8982"                   "Thu Jan 19 02:36:59 2017"
[1] "PD8984"                   "Thu Jan 19 02:37:18 2017"
[1] "PD8995"                   "Thu Jan 19 02:37:34 2017"
[1] "PD8996"                   "Thu Jan 19 02:37:55 2017"
[1] "PD8997"                   "Thu Jan 19 02:38:16 2017"
[1] "PD8998"                   "Thu Jan 19 02:38:39 2017"
[1] "PD8999"                   "Thu Jan 19 02:39:02 2017"
[1] "PD9000"                   "Thu Jan 19 02:39:20 2017"
[1] "PD9001"                   "Thu Jan 19 02:39:40 2017"
[1] "PD9002"                   "Thu Jan 19 02:40:03 2017"
[1] "PD9004"                   "Thu Jan 19 02:40:27 2017"
[1] "PD9009"                   "Thu Jan 19 02:40:47 2017"
[1] "PD9063"                   "Thu Jan 19 02:41:13 2017"
[1] "PD9064"                   "Thu Jan 19 02:41:32 2017"
[1] "PD9065"                   "Thu Jan 19 02:41:52 2017"
[1] "PD9067"                   "Thu Jan 19 02:42:12 2017"
[1] "PD9193"                   "Thu Jan 19 02:42:33 2017"
[1] "PD9464"                   "Thu Jan 19 02:42:52 2017"
[1] "PD9467"                   "Thu Jan 19 02:43:14 2017"
[1] "PD9539"                   "Thu Jan 19 02:43:35 2017"
[1] "PD9541"                   "Thu Jan 19 02:43:54 2017"
[1] "PD9544"                   "Thu Jan 19 02:44:17 2017"
[1] "PD9567"                   "Thu Jan 19 02:44:35 2017"
[1] "PD9568"                   "Thu Jan 19 02:44:57 2017"
[1] "PD9569"                   "Thu Jan 19 02:45:15 2017"
[1] "PD9570"                   "Thu Jan 19 02:45:36 2017"
[1] "PD9571"                   "Thu Jan 19 02:45:59 2017"
[1] "PD9572"                   "Thu Jan 19 02:46:19 2017"
[1] "PD9573"                   "Thu Jan 19 02:46:42 2017"
[1] "PD9574"                   "Thu Jan 19 02:47:03 2017"
[1] "PD9575"                   "Thu Jan 19 02:47:24 2017"
[1] "PD9576"                   "Thu Jan 19 02:47:46 2017"
[1] "PD9577"                   "Thu Jan 19 02:48:06 2017"
[1] "PD9578"                   "Thu Jan 19 02:48:30 2017"
[1] "PD9579"                   "Thu Jan 19 02:48:53 2017"
[1] "PD9581"                   "Thu Jan 19 02:49:16 2017"
[1] "PD9582"                   "Thu Jan 19 02:49:37 2017"
[1] "PD9584"                   "Thu Jan 19 02:49:55 2017"
[1] "PD9585"                   "Thu Jan 19 02:50:19 2017"
[1] "PD9589"                   "Thu Jan 19 02:50:38 2017"
[1] "PD9591"                   "Thu Jan 19 02:51:00 2017"
[1] "PD9592"                   "Thu Jan 19 02:51:23 2017"
[1] "PD9593"                   "Thu Jan 19 02:51:42 2017"
[1] "PD9595"                   "Thu Jan 19 02:52:04 2017"
[1] "PD9597"                   "Thu Jan 19 02:52:23 2017"
[1] "PD9599"                   "Thu Jan 19 02:52:46 2017"
[1] "PD9600"                   "Thu Jan 19 02:53:08 2017"
[1] "PD9604"                   "Thu Jan 19 02:53:29 2017"
[1] "PD9605"                   "Thu Jan 19 02:53:47 2017"
[1] "PD9606"                   "Thu Jan 19 02:54:10 2017"
[1] "PD9694"                   "Thu Jan 19 02:54:32 2017"
[1] "PD9696"                   "Thu Jan 19 02:54:54 2017"
[1] "PD9702"                   "Thu Jan 19 02:55:14 2017"
[1] "PD9752"                   "Thu Jan 19 02:55:33 2017"
[1] "PD9754"                   "Thu Jan 19 02:55:52 2017"
[1] "PD9755"                   "Thu Jan 19 02:56:14 2017"
[1] "PD9756"                   "Thu Jan 19 02:56:35 2017"
[1] "PD9759"                   "Thu Jan 19 02:56:57 2017"
[1] "PD9760"                   "Thu Jan 19 02:57:20 2017"
[1] "PD9761"                   "Thu Jan 19 02:57:42 2017"
[1] "PD9842"                   "Thu Jan 19 02:58:01 2017"
[1] "PD9843"                   "Thu Jan 19 02:58:23 2017"
[1] "PD9844"                   "Thu Jan 19 02:58:42 2017"
[1] "PD9845"                   "Thu Jan 19 02:59:02 2017"
[1] "PD9847"                   "Thu Jan 19 02:59:25 2017"
[1] "Thu Jan 19 02:59:47 2017"
[1] "Simulated annealing - testing different errors"
[1] "Thu Jan 19 02:59:47 2017"
[1] "0.001"                    "Thu Jan 19 02:59:47 2017"
[1] "0.01"                     "Thu Jan 19 03:01:12 2017"
[1] "0.05"                     "Thu Jan 19 03:02:16 2017"
[1] "0.1"                      "Thu Jan 19 03:03:02 2017"
null device 
          1 
[1] "Thu Jan 19 03:03:44 2017"
[1] "Simulated annealing with error increase by 1.01 fold"
[1] "Thu Jan 19 03:03:44 2017"
[1] "All"                      "Thu Jan 19 03:03:44 2017"
[1] "PD10010"                  "Thu Jan 19 03:03:50 2017"
[1] "PD10011"                  "Thu Jan 19 03:03:54 2017"
[1] "PD10014"                  "Thu Jan 19 03:03:59 2017"
[1] "PD11326"                  "Thu Jan 19 03:04:06 2017"
[1] "PD11327"                  "Thu Jan 19 03:04:11 2017"
[1] "PD11336"                  "Thu Jan 19 03:04:17 2017"
[1] "PD11337"                  "Thu Jan 19 03:04:20 2017"
[1] "PD11338"                  "Thu Jan 19 03:04:23 2017"
[1] "PD11339"                  "Thu Jan 19 03:04:27 2017"
[1] "PD11340"                  "Thu Jan 19 03:04:31 2017"
[1] "PD11341"                  "Thu Jan 19 03:04:34 2017"
[1] "PD11342"                  "Thu Jan 19 03:04:36 2017"
[1] "PD11343"                  "Thu Jan 19 03:04:42 2017"
[1] "PD11344"                  "Thu Jan 19 03:04:46 2017"
[1] "PD11345"                  "Thu Jan 19 03:04:53 2017"
[1] "PD11346"                  "Thu Jan 19 03:05:03 2017"
[1] "PD11347"                  "Thu Jan 19 03:05:06 2017"
[1] "PD11348"                  "Thu Jan 19 03:05:09 2017"
[1] "PD11349"                  "Thu Jan 19 03:05:12 2017"
[1] "PD11352"                  "Thu Jan 19 03:05:16 2017"
[1] "PD11355"                  "Thu Jan 19 03:05:19 2017"
[1] "PD11357"                  "Thu Jan 19 03:05:22 2017"
[1] "PD11358"                  "Thu Jan 19 03:05:26 2017"
[1] "PD11359"                  "Thu Jan 19 03:05:33 2017"
[1] "PD11360"                  "Thu Jan 19 03:05:36 2017"
[1] "PD11361"                  "Thu Jan 19 03:05:41 2017"
[1] "PD11364"                  "Thu Jan 19 03:05:44 2017"
[1] "PD11365"                  "Thu Jan 19 03:05:47 2017"
[1] "PD11366"                  "Thu Jan 19 03:05:51 2017"
[1] "PD11367"                  "Thu Jan 19 03:05:54 2017"
[1] "PD11368"                  "Thu Jan 19 03:06:00 2017"
[1] "PD11369"                  "Thu Jan 19 03:06:05 2017"
[1] "PD11370"                  "Thu Jan 19 03:06:09 2017"
[1] "PD11372"                  "Thu Jan 19 03:06:12 2017"
[1] "PD11374"                  "Thu Jan 19 03:06:18 2017"
[1] "PD11375"                  "Thu Jan 19 03:06:22 2017"
[1] "PD11376"                  "Thu Jan 19 03:06:25 2017"
[1] "PD11379"                  "Thu Jan 19 03:06:29 2017"
[1] "PD11380"                  "Thu Jan 19 03:06:36 2017"
[1] "PD11381"                  "Thu Jan 19 03:06:40 2017"
[1] "PD11383"                  "Thu Jan 19 03:06:45 2017"
[1] "PD11384"                  "Thu Jan 19 03:06:48 2017"
[1] "PD11385"                  "Thu Jan 19 03:06:52 2017"
[1] "PD11386"                  "Thu Jan 19 03:06:55 2017"
[1] "PD11388"                  "Thu Jan 19 03:06:58 2017"
[1] "PD11389"                  "Thu Jan 19 03:07:01 2017"
[1] "PD11391"                  "Thu Jan 19 03:07:04 2017"
[1] "PD11393"                  "Thu Jan 19 03:07:10 2017"
[1] "PD11394"                  "Thu Jan 19 03:07:13 2017"
[1] "PD11395"                  "Thu Jan 19 03:07:19 2017"
[1] "PD11396"                  "Thu Jan 19 03:07:22 2017"
[1] "PD11397"                  "Thu Jan 19 03:07:26 2017"
[1] "PD11398"                  "Thu Jan 19 03:07:29 2017"
[1] "PD11399"                  "Thu Jan 19 03:07:32 2017"
[1] "PD11402"                  "Thu Jan 19 03:07:36 2017"
[1] "PD11462"                  "Thu Jan 19 03:07:41 2017"
[1] "PD11464"                  "Thu Jan 19 03:07:44 2017"
[1] "PD11465"                  "Thu Jan 19 03:07:51 2017"
[1] "PD11740"                  "Thu Jan 19 03:07:59 2017"
[1] "PD11741"                  "Thu Jan 19 03:08:03 2017"
[1] "PD11742"                  "Thu Jan 19 03:08:07 2017"
[1] "PD11743"                  "Thu Jan 19 03:08:11 2017"
[1] "PD11744"                  "Thu Jan 19 03:08:14 2017"
[1] "PD11745"                  "Thu Jan 19 03:08:17 2017"
[1] "PD11748"                  "Thu Jan 19 03:08:22 2017"
[1] "PD11750"                  "Thu Jan 19 03:08:28 2017"
[1] "PD11751"                  "Thu Jan 19 03:08:36 2017"
[1] "PD11752"                  "Thu Jan 19 03:08:42 2017"
[1] "PD11753"                  "Thu Jan 19 03:08:46 2017"
[1] "PD11755"                  "Thu Jan 19 03:08:50 2017"
[1] "PD11756"                  "Thu Jan 19 03:08:56 2017"
[1] "PD11757"                  "Thu Jan 19 03:08:59 2017"
[1] "PD11760"                  "Thu Jan 19 03:09:07 2017"
[1] "PD11761"                  "Thu Jan 19 03:09:10 2017"
[1] "PD11762"                  "Thu Jan 19 03:09:13 2017"
[1] "PD11765"                  "Thu Jan 19 03:09:17 2017"
[1] "PD11766"                  "Thu Jan 19 03:09:19 2017"
[1] "PD11767"                  "Thu Jan 19 03:09:22 2017"
[1] "PD11769"                  "Thu Jan 19 03:09:25 2017"
[1] "PD11816"                  "Thu Jan 19 03:09:29 2017"
[1] "PD11818"                  "Thu Jan 19 03:09:34 2017"
[1] "PD11819"                  "Thu Jan 19 03:09:37 2017"
[1] "PD13162"                  "Thu Jan 19 03:09:39 2017"
[1] "PD13163"                  "Thu Jan 19 03:09:47 2017"
[1] "PD13164"                  "Thu Jan 19 03:09:51 2017"
[1] "PD13165"                  "Thu Jan 19 03:09:54 2017"
[1] "PD13166"                  "Thu Jan 19 03:09:59 2017"
[1] "PD13167"                  "Thu Jan 19 03:10:01 2017"
[1] "PD13168"                  "Thu Jan 19 03:10:05 2017"
[1] "PD13296"                  "Thu Jan 19 03:10:09 2017"
[1] "PD13297"                  "Thu Jan 19 03:10:14 2017"
[1] "PD13298"                  "Thu Jan 19 03:10:19 2017"
[1] "PD13299"                  "Thu Jan 19 03:10:22 2017"
[1] "PD13302"                  "Thu Jan 19 03:10:30 2017"
[1] "PD13304"                  "Thu Jan 19 03:10:33 2017"
[1] "PD13306"                  "Thu Jan 19 03:10:37 2017"
[1] "PD13307"                  "Thu Jan 19 03:10:40 2017"
[1] "PD13310"                  "Thu Jan 19 03:10:47 2017"
[1] "PD13311"                  "Thu Jan 19 03:10:51 2017"
[1] "PD13312"                  "Thu Jan 19 03:10:57 2017"
[1] "PD13416"                  "Thu Jan 19 03:11:02 2017"
[1] "PD13418"                  "Thu Jan 19 03:11:06 2017"
[1] "PD13419"                  "Thu Jan 19 03:11:13 2017"
[1] "PD13420"                  "Thu Jan 19 03:11:16 2017"
[1] "PD13422"                  "Thu Jan 19 03:11:20 2017"
[1] "PD13424"                  "Thu Jan 19 03:11:24 2017"
[1] "PD13425"                  "Thu Jan 19 03:11:27 2017"
[1] "PD13426"                  "Thu Jan 19 03:11:37 2017"
[1] "PD13427"                  "Thu Jan 19 03:11:40 2017"
[1] "PD13428"                  "Thu Jan 19 03:11:43 2017"
[1] "PD13602"                  "Thu Jan 19 03:11:47 2017"
[1] "PD13603"                  "Thu Jan 19 03:11:51 2017"
[1] "PD13604"                  "Thu Jan 19 03:11:54 2017"
[1] "PD13605"                  "Thu Jan 19 03:12:00 2017"
[1] "PD13606"                  "Thu Jan 19 03:12:03 2017"
[1] "PD13607"                  "Thu Jan 19 03:12:07 2017"
[1] "PD13608"                  "Thu Jan 19 03:12:11 2017"
[1] "PD13609"                  "Thu Jan 19 03:12:17 2017"
[1] "PD13618"                  "Thu Jan 19 03:12:24 2017"
[1] "PD13619"                  "Thu Jan 19 03:12:27 2017"
[1] "PD13620"                  "Thu Jan 19 03:12:30 2017"
[1] "PD13622"                  "Thu Jan 19 03:12:34 2017"
[1] "PD13623"                  "Thu Jan 19 03:12:37 2017"
[1] "PD13625"                  "Thu Jan 19 03:12:46 2017"
[1] "PD13626"                  "Thu Jan 19 03:12:49 2017"
[1] "PD13627"                  "Thu Jan 19 03:12:52 2017"
[1] "PD13629"                  "Thu Jan 19 03:12:58 2017"
[1] "PD13630"                  "Thu Jan 19 03:13:01 2017"
[1] "PD13631"                  "Thu Jan 19 03:13:06 2017"
[1] "PD13752"                  "Thu Jan 19 03:13:09 2017"
[1] "PD13753"                  "Thu Jan 19 03:13:12 2017"
[1] "PD13754"                  "Thu Jan 19 03:13:19 2017"
[1] "PD13755"                  "Thu Jan 19 03:13:22 2017"
[1] "PD13756"                  "Thu Jan 19 03:13:25 2017"
[1] "PD13757"                  "Thu Jan 19 03:13:28 2017"
[1] "PD13758"                  "Thu Jan 19 03:13:33 2017"
[1] "PD13760"                  "Thu Jan 19 03:13:35 2017"
[1] "PD13761"                  "Thu Jan 19 03:13:39 2017"
[1] "PD13762"                  "Thu Jan 19 03:13:42 2017"
[1] "PD13763"                  "Thu Jan 19 03:13:45 2017"
[1] "PD13764"                  "Thu Jan 19 03:13:48 2017"
[1] "PD13765"                  "Thu Jan 19 03:13:51 2017"
[1] "PD13766"                  "Thu Jan 19 03:13:54 2017"
[1] "PD13767"                  "Thu Jan 19 03:14:02 2017"
[1] "PD13768"                  "Thu Jan 19 03:14:05 2017"
[1] "PD13770"                  "Thu Jan 19 03:14:08 2017"
[1] "PD13771"                  "Thu Jan 19 03:14:12 2017"
[1] "PD14432"                  "Thu Jan 19 03:14:17 2017"
[1] "PD14433"                  "Thu Jan 19 03:14:20 2017"
[1] "PD14435"                  "Thu Jan 19 03:14:27 2017"
[1] "PD14437"                  "Thu Jan 19 03:14:30 2017"
[1] "PD14439"                  "Thu Jan 19 03:14:33 2017"
[1] "PD14441"                  "Thu Jan 19 03:14:36 2017"
[1] "PD14442"                  "Thu Jan 19 03:14:41 2017"
[1] "PD14450"                  "Thu Jan 19 03:14:44 2017"
[1] "PD14453"                  "Thu Jan 19 03:14:47 2017"
[1] "PD14454"                  "Thu Jan 19 03:14:53 2017"
[1] "PD14456"                  "Thu Jan 19 03:14:56 2017"
[1] "PD14457"                  "Thu Jan 19 03:15:00 2017"
[1] "PD14458"                  "Thu Jan 19 03:15:03 2017"
[1] "PD14459"                  "Thu Jan 19 03:15:07 2017"
[1] "PD14460"                  "Thu Jan 19 03:15:10 2017"
[1] "PD14461"                  "Thu Jan 19 03:15:18 2017"
[1] "PD14462"                  "Thu Jan 19 03:15:21 2017"
[1] "PD14465"                  "Thu Jan 19 03:15:24 2017"
[1] "PD14467"                  "Thu Jan 19 03:15:28 2017"
[1] "PD14468"                  "Thu Jan 19 03:15:31 2017"
[1] "PD14471"                  "Thu Jan 19 03:15:35 2017"
[1] "PD14472"                  "Thu Jan 19 03:15:39 2017"
[1] "PD14473"                  "Thu Jan 19 03:15:43 2017"
[1] "PD17973"                  "Thu Jan 19 03:15:47 2017"
[1] "PD17981"                  "Thu Jan 19 03:15:50 2017"
[1] "PD17991"                  "Thu Jan 19 03:15:53 2017"
[1] "PD17994"                  "Thu Jan 19 03:15:57 2017"
[1] "PD18017"                  "Thu Jan 19 03:16:00 2017"
[1] "PD18020"                  "Thu Jan 19 03:16:03 2017"
[1] "PD18022"                  "Thu Jan 19 03:16:11 2017"
[1] "PD18024"                  "Thu Jan 19 03:16:14 2017"
[1] "PD18031"                  "Thu Jan 19 03:16:20 2017"
[1] "PD18037"                  "Thu Jan 19 03:16:23 2017"
[1] "PD18045"                  "Thu Jan 19 03:16:27 2017"
[1] "PD18046"                  "Thu Jan 19 03:16:35 2017"
[1] "PD18047"                  "Thu Jan 19 03:16:39 2017"
[1] "PD18048"                  "Thu Jan 19 03:16:43 2017"
[1] "PD18049"                  "Thu Jan 19 03:16:46 2017"
[1] "PD18050"                  "Thu Jan 19 03:16:49 2017"
[1] "PD18100"                  "Thu Jan 19 03:16:53 2017"
[1] "PD18101"                  "Thu Jan 19 03:16:57 2017"
[1] "PD18116"                  "Thu Jan 19 03:17:00 2017"
[1] "PD18149"                  "Thu Jan 19 03:17:03 2017"
[1] "PD18188"                  "Thu Jan 19 03:17:09 2017"
[1] "PD18189"                  "Thu Jan 19 03:17:12 2017"
[1] "PD18247"                  "Thu Jan 19 03:17:16 2017"
[1] "PD18251"                  "Thu Jan 19 03:17:24 2017"
[1] "PD18257"                  "Thu Jan 19 03:17:27 2017"
[1] "PD18258"                  "Thu Jan 19 03:17:31 2017"
[1] "PD18259"                  "Thu Jan 19 03:17:34 2017"
[1] "PD18264"                  "Thu Jan 19 03:17:38 2017"
[1] "PD18269"                  "Thu Jan 19 03:17:46 2017"
[1] "PD18728"                  "Thu Jan 19 03:17:49 2017"
[1] "PD18730"                  "Thu Jan 19 03:17:53 2017"
[1] "PD18733"                  "Thu Jan 19 03:17:59 2017"
[1] "PD18734"                  "Thu Jan 19 03:18:03 2017"
[1] "PD18748"                  "Thu Jan 19 03:18:06 2017"
[1] "PD18749"                  "Thu Jan 19 03:18:10 2017"
[1] "PD18751"                  "Thu Jan 19 03:18:19 2017"
[1] "PD18754"                  "Thu Jan 19 03:18:22 2017"
[1] "PD18756"                  "Thu Jan 19 03:18:29 2017"
[1] "PD18768"                  "Thu Jan 19 03:18:32 2017"
[1] "PD18769"                  "Thu Jan 19 03:18:36 2017"
[1] "PD18771"                  "Thu Jan 19 03:18:43 2017"
[1] "PD18775"                  "Thu Jan 19 03:18:46 2017"
[1] "PD18776"                  "Thu Jan 19 03:18:50 2017"
[1] "PD22036"                  "Thu Jan 19 03:18:53 2017"
[1] "PD22251"                  "Thu Jan 19 03:18:56 2017"
[1] "PD22355"                  "Thu Jan 19 03:19:00 2017"
[1] "PD22357"                  "Thu Jan 19 03:19:05 2017"
[1] "PD22358"                  "Thu Jan 19 03:19:13 2017"
[1] "PD22359"                  "Thu Jan 19 03:19:19 2017"
[1] "PD22360"                  "Thu Jan 19 03:19:23 2017"
[1] "PD22361"                  "Thu Jan 19 03:19:28 2017"
[1] "PD22362"                  "Thu Jan 19 03:19:36 2017"
[1] "PD22363"                  "Thu Jan 19 03:19:38 2017"
[1] "PD22364"                  "Thu Jan 19 03:19:45 2017"
[1] "PD22365"                  "Thu Jan 19 03:19:50 2017"
[1] "PD22366"                  "Thu Jan 19 03:19:53 2017"
[1] "PD23550"                  "Thu Jan 19 03:19:59 2017"
[1] "PD23554"                  "Thu Jan 19 03:20:02 2017"
[1] "PD23558"                  "Thu Jan 19 03:20:07 2017"
[1] "PD23559"                  "Thu Jan 19 03:20:13 2017"
[1] "PD23560"                  "Thu Jan 19 03:20:17 2017"
[1] "PD23561"                  "Thu Jan 19 03:20:19 2017"
[1] "PD23562"                  "Thu Jan 19 03:20:27 2017"
[1] "PD23563"                  "Thu Jan 19 03:20:33 2017"
[1] "PD23564"                  "Thu Jan 19 03:20:39 2017"
[1] "PD23565"                  "Thu Jan 19 03:20:46 2017"
[1] "PD23566"                  "Thu Jan 19 03:20:53 2017"
[1] "PD23567"                  "Thu Jan 19 03:20:59 2017"
[1] "PD23569"                  "Thu Jan 19 03:21:05 2017"
[1] "PD23570"                  "Thu Jan 19 03:21:09 2017"
[1] "PD23574"                  "Thu Jan 19 03:21:16 2017"
[1] "PD23577"                  "Thu Jan 19 03:21:22 2017"
[1] "PD23578"                  "Thu Jan 19 03:21:28 2017"
[1] "PD23579"                  "Thu Jan 19 03:21:34 2017"
[1] "PD24182"                  "Thu Jan 19 03:21:37 2017"
[1] "PD24186"                  "Thu Jan 19 03:21:44 2017"
[1] "PD24189"                  "Thu Jan 19 03:21:50 2017"
[1] "PD24190"                  "Thu Jan 19 03:21:53 2017"
[1] "PD24191"                  "Thu Jan 19 03:21:56 2017"
[1] "PD24192"                  "Thu Jan 19 03:22:03 2017"
[1] "PD24193"                  "Thu Jan 19 03:22:09 2017"
[1] "PD24194"                  "Thu Jan 19 03:22:12 2017"
[1] "PD24195"                  "Thu Jan 19 03:22:20 2017"
[1] "PD24196"                  "Thu Jan 19 03:22:27 2017"
[1] "PD24197"                  "Thu Jan 19 03:22:29 2017"
[1] "PD24199"                  "Thu Jan 19 03:22:35 2017"
[1] "PD24200"                  "Thu Jan 19 03:22:38 2017"
[1] "PD24201"                  "Thu Jan 19 03:22:42 2017"
[1] "PD24202"                  "Thu Jan 19 03:22:47 2017"
[1] "PD24204"                  "Thu Jan 19 03:22:53 2017"
[1] "PD24205"                  "Thu Jan 19 03:22:57 2017"
[1] "PD24206"                  "Thu Jan 19 03:23:02 2017"
[1] "PD24207"                  "Thu Jan 19 03:23:06 2017"
[1] "PD24208"                  "Thu Jan 19 03:23:13 2017"
[1] "PD24209"                  "Thu Jan 19 03:23:19 2017"
[1] "PD24212"                  "Thu Jan 19 03:23:27 2017"
[1] "PD24214"                  "Thu Jan 19 03:23:32 2017"
[1] "PD24215"                  "Thu Jan 19 03:23:36 2017"
[1] "PD24216"                  "Thu Jan 19 03:23:39 2017"
[1] "PD24217"                  "Thu Jan 19 03:23:46 2017"
[1] "PD24218"                  "Thu Jan 19 03:23:54 2017"
[1] "PD24219"                  "Thu Jan 19 03:23:57 2017"
[1] "PD24220"                  "Thu Jan 19 03:24:02 2017"
[1] "PD24221"                  "Thu Jan 19 03:24:06 2017"
[1] "PD24223"                  "Thu Jan 19 03:24:09 2017"
[1] "PD24224"                  "Thu Jan 19 03:24:14 2017"
[1] "PD24225"                  "Thu Jan 19 03:24:18 2017"
[1] "PD24302"                  "Thu Jan 19 03:24:23 2017"
[1] "PD24303"                  "Thu Jan 19 03:24:26 2017"
[1] "PD24304"                  "Thu Jan 19 03:24:31 2017"
[1] "PD24306"                  "Thu Jan 19 03:24:36 2017"
[1] "PD24307"                  "Thu Jan 19 03:24:41 2017"
[1] "PD24308"                  "Thu Jan 19 03:24:45 2017"
[1] "PD24314"                  "Thu Jan 19 03:24:48 2017"
[1] "PD24318"                  "Thu Jan 19 03:24:51 2017"
[1] "PD24320"                  "Thu Jan 19 03:24:55 2017"
[1] "PD24322"                  "Thu Jan 19 03:25:01 2017"
[1] "PD24325"                  "Thu Jan 19 03:25:06 2017"
[1] "PD24326"                  "Thu Jan 19 03:25:11 2017"
[1] "PD24327"                  "Thu Jan 19 03:25:18 2017"
[1] "PD24329"                  "Thu Jan 19 03:25:27 2017"
[1] "PD24332"                  "Thu Jan 19 03:25:31 2017"
[1] "PD24333"                  "Thu Jan 19 03:25:34 2017"
[1] "PD24335"                  "Thu Jan 19 03:25:41 2017"
[1] "PD24336"                  "Thu Jan 19 03:25:46 2017"
[1] "PD24337"                  "Thu Jan 19 03:25:49 2017"
[1] "PD3851"                   "Thu Jan 19 03:25:56 2017"
[1] "PD3890"                   "Thu Jan 19 03:25:59 2017"
[1] "PD3904"                   "Thu Jan 19 03:26:05 2017"
[1] "PD3905"                   "Thu Jan 19 03:26:11 2017"
[1] "PD3945"                   "Thu Jan 19 03:26:16 2017"
[1] "PD3989"                   "Thu Jan 19 03:26:21 2017"
[1] "PD4005"                   "Thu Jan 19 03:26:24 2017"
[1] "PD4006"                   "Thu Jan 19 03:26:31 2017"
[1] "PD4069"                   "Thu Jan 19 03:26:37 2017"
[1] "PD4072"                   "Thu Jan 19 03:26:41 2017"
[1] "PD4076"                   "Thu Jan 19 03:26:46 2017"
[1] "PD4085"                   "Thu Jan 19 03:26:49 2017"
[1] "PD4086"                   "Thu Jan 19 03:26:52 2017"
[1] "PD4088"                   "Thu Jan 19 03:26:58 2017"
[1] "PD4103"                   "Thu Jan 19 03:27:02 2017"
[1] "PD4107"                   "Thu Jan 19 03:27:04 2017"
[1] "PD4109"                   "Thu Jan 19 03:27:11 2017"
[1] "PD4115"                   "Thu Jan 19 03:27:13 2017"
[1] "PD4116"                   "Thu Jan 19 03:27:19 2017"
[1] "PD4192"                   "Thu Jan 19 03:27:25 2017"
[1] "PD4194"                   "Thu Jan 19 03:27:30 2017"
[1] "PD4198"                   "Thu Jan 19 03:27:33 2017"
[1] "PD4199"                   "Thu Jan 19 03:27:35 2017"
[1] "PD4225"                   "Thu Jan 19 03:27:43 2017"
[1] "PD4248"                   "Thu Jan 19 03:27:47 2017"
[1] "PD4252"                   "Thu Jan 19 03:27:51 2017"
[1] "PD4255"                   "Thu Jan 19 03:27:54 2017"
[1] "PD4261"                   "Thu Jan 19 03:27:58 2017"
[1] "PD4264"                   "Thu Jan 19 03:28:02 2017"
[1] "PD4266"                   "Thu Jan 19 03:28:05 2017"
[1] "PD4267"                   "Thu Jan 19 03:28:13 2017"
[1] "PD4315"                   "Thu Jan 19 03:28:17 2017"
[1] "PD4604"                   "Thu Jan 19 03:28:20 2017"
[1] "PD4605"                   "Thu Jan 19 03:28:26 2017"
[1] "PD4606"                   "Thu Jan 19 03:28:29 2017"
[1] "PD4607"                   "Thu Jan 19 03:28:33 2017"
[1] "PD4613"                   "Thu Jan 19 03:28:39 2017"
[1] "PD4826"                   "Thu Jan 19 03:28:47 2017"
[1] "PD4833"                   "Thu Jan 19 03:28:51 2017"
[1] "PD4836"                   "Thu Jan 19 03:28:57 2017"
[1] "PD4841"                   "Thu Jan 19 03:29:01 2017"
[1] "PD4844"                   "Thu Jan 19 03:29:05 2017"
[1] "PD4845"                   "Thu Jan 19 03:29:11 2017"
[1] "PD4847"                   "Thu Jan 19 03:29:16 2017"
[1] "PD4872"                   "Thu Jan 19 03:29:20 2017"
[1] "PD4874"                   "Thu Jan 19 03:29:25 2017"
[1] "PD4875"                   "Thu Jan 19 03:29:32 2017"
[1] "PD4876"                   "Thu Jan 19 03:29:38 2017"
[1] "PD4951"                   "Thu Jan 19 03:29:44 2017"
[1] "PD4952"                   "Thu Jan 19 03:29:50 2017"
[1] "PD4953"                   "Thu Jan 19 03:29:55 2017"
[1] "PD4954"                   "Thu Jan 19 03:30:01 2017"
[1] "PD4955"                   "Thu Jan 19 03:30:07 2017"
[1] "PD4956"                   "Thu Jan 19 03:30:11 2017"
[1] "PD4957"                   "Thu Jan 19 03:30:18 2017"
[1] "PD4958"                   "Thu Jan 19 03:30:23 2017"
[1] "PD4959"                   "Thu Jan 19 03:30:26 2017"
[1] "PD4962"                   "Thu Jan 19 03:30:32 2017"
[1] "PD4965"                   "Thu Jan 19 03:30:41 2017"
[1] "PD4967"                   "Thu Jan 19 03:30:44 2017"
[1] "PD4968"                   "Thu Jan 19 03:30:51 2017"
[1] "PD4969"                   "Thu Jan 19 03:30:54 2017"
[1] "PD4970"                   "Thu Jan 19 03:30:57 2017"
[1] "PD4971"                   "Thu Jan 19 03:31:00 2017"
[1] "PD4972"                   "Thu Jan 19 03:31:04 2017"
[1] "PD4975"                   "Thu Jan 19 03:31:08 2017"
[1] "PD4976"                   "Thu Jan 19 03:31:13 2017"
[1] "PD4977"                   "Thu Jan 19 03:31:17 2017"
[1] "PD4978"                   "Thu Jan 19 03:31:24 2017"
[1] "PD4980"                   "Thu Jan 19 03:31:28 2017"
[1] "PD4981"                   "Thu Jan 19 03:31:32 2017"
[1] "PD4982"                   "Thu Jan 19 03:31:36 2017"
[1] "PD4983"                   "Thu Jan 19 03:31:39 2017"
[1] "PD4985"                   "Thu Jan 19 03:31:43 2017"
[1] "PD4986"                   "Thu Jan 19 03:31:46 2017"
[1] "PD5925"                   "Thu Jan 19 03:31:49 2017"
[1] "PD5928"                   "Thu Jan 19 03:31:56 2017"
[1] "PD5930"                   "Thu Jan 19 03:32:02 2017"
[1] "PD5932"                   "Thu Jan 19 03:32:07 2017"
[1] "PD5934"                   "Thu Jan 19 03:32:14 2017"
[1] "PD5935"                   "Thu Jan 19 03:32:20 2017"
[1] "PD5936"                   "Thu Jan 19 03:32:26 2017"
[1] "PD5937"                   "Thu Jan 19 03:32:29 2017"
[1] "PD5942"                   "Thu Jan 19 03:32:35 2017"
[1] "PD5944"                   "Thu Jan 19 03:32:40 2017"
[1] "PD5945"                   "Thu Jan 19 03:32:44 2017"
[1] "PD5946"                   "Thu Jan 19 03:32:49 2017"
[1] "PD5947"                   "Thu Jan 19 03:32:53 2017"
[1] "PD5948"                   "Thu Jan 19 03:32:56 2017"
[1] "PD5950"                   "Thu Jan 19 03:33:01 2017"
[1] "PD5951"                   "Thu Jan 19 03:33:05 2017"
[1] "PD5953"                   "Thu Jan 19 03:33:10 2017"
[1] "PD5956"                   "Thu Jan 19 03:33:14 2017"
[1] "PD5959"                   "Thu Jan 19 03:33:18 2017"
[1] "PD5960"                   "Thu Jan 19 03:33:21 2017"
[1] "PD5961"                   "Thu Jan 19 03:33:27 2017"
[1] "PD5964"                   "Thu Jan 19 03:33:29 2017"
[1] "PD6016"                   "Thu Jan 19 03:33:32 2017"
[1] "PD6041"                   "Thu Jan 19 03:33:39 2017"
[1] "PD6042"                   "Thu Jan 19 03:33:42 2017"
[1] "PD6043"                   "Thu Jan 19 03:33:47 2017"
[1] "PD6044"                   "Thu Jan 19 03:33:55 2017"
[1] "PD6045"                   "Thu Jan 19 03:33:58 2017"
[1] "PD6046"                   "Thu Jan 19 03:34:04 2017"
[1] "PD6047"                   "Thu Jan 19 03:34:08 2017"
[1] "PD6048"                   "Thu Jan 19 03:34:14 2017"
[1] "PD6404"                   "Thu Jan 19 03:34:18 2017"
[1] "PD6405"                   "Thu Jan 19 03:34:24 2017"
[1] "PD6406"                   "Thu Jan 19 03:34:30 2017"
[1] "PD6409"                   "Thu Jan 19 03:34:35 2017"
[1] "PD6410"                   "Thu Jan 19 03:34:41 2017"
[1] "PD6411"                   "Thu Jan 19 03:34:45 2017"
[1] "PD6412"                   "Thu Jan 19 03:34:51 2017"
[1] "PD6413"                   "Thu Jan 19 03:34:53 2017"
[1] "PD6414"                   "Thu Jan 19 03:34:59 2017"
[1] "PD6415"                   "Thu Jan 19 03:35:02 2017"
[1] "PD6416"                   "Thu Jan 19 03:35:08 2017"
[1] "PD6417"                   "Thu Jan 19 03:35:12 2017"
[1] "PD6418"                   "Thu Jan 19 03:35:16 2017"
[1] "PD6422"                   "Thu Jan 19 03:35:20 2017"
[1] "PD6466"                   "Thu Jan 19 03:35:24 2017"
[1] "PD6684"                   "Thu Jan 19 03:35:26 2017"
[1] "PD6711"                   "Thu Jan 19 03:35:33 2017"
[1] "PD6719"                   "Thu Jan 19 03:35:36 2017"
[1] "PD6720"                   "Thu Jan 19 03:35:43 2017"
[1] "PD6721"                   "Thu Jan 19 03:35:47 2017"
[1] "PD6722"                   "Thu Jan 19 03:35:50 2017"
[1] "PD6727"                   "Thu Jan 19 03:35:58 2017"
[1] "PD6728"                   "Thu Jan 19 03:36:02 2017"
[1] "PD6729"                   "Thu Jan 19 03:36:07 2017"
[1] "PD6730"                   "Thu Jan 19 03:36:11 2017"
[1] "PD6731"                   "Thu Jan 19 03:36:17 2017"
[1] "PD6732"                   "Thu Jan 19 03:36:24 2017"
[1] "PD6733"                   "Thu Jan 19 03:36:28 2017"
[1] "PD7066"                   "Thu Jan 19 03:36:31 2017"
[1] "PD7067"                   "Thu Jan 19 03:36:36 2017"
[1] "PD7069"                   "Thu Jan 19 03:36:40 2017"
[1] "PD7199"                   "Thu Jan 19 03:36:47 2017"
[1] "PD7201"                   "Thu Jan 19 03:36:51 2017"
[1] "PD7202"                   "Thu Jan 19 03:36:54 2017"
[1] "PD7203"                   "Thu Jan 19 03:36:58 2017"
[1] "PD7204"                   "Thu Jan 19 03:37:02 2017"
[1] "PD7205"                   "Thu Jan 19 03:37:06 2017"
[1] "PD7206"                   "Thu Jan 19 03:37:12 2017"
[1] "PD7207"                   "Thu Jan 19 03:37:16 2017"
[1] "PD7209"                   "Thu Jan 19 03:37:19 2017"
[1] "PD7210"                   "Thu Jan 19 03:37:22 2017"
[1] "PD7211"                   "Thu Jan 19 03:37:26 2017"
[1] "PD7214"                   "Thu Jan 19 03:37:32 2017"
[1] "PD7215"                   "Thu Jan 19 03:37:35 2017"
[1] "PD7217"                   "Thu Jan 19 03:37:41 2017"
[1] "PD7218"                   "Thu Jan 19 03:37:46 2017"
[1] "PD7219"                   "Thu Jan 19 03:37:50 2017"
[1] "PD7220"                   "Thu Jan 19 03:37:59 2017"
[1] "PD7221"                   "Thu Jan 19 03:38:02 2017"
[1] "PD7238"                   "Thu Jan 19 03:38:05 2017"
[1] "PD7240"                   "Thu Jan 19 03:38:09 2017"
[1] "PD7243"                   "Thu Jan 19 03:38:12 2017"
[1] "PD7248"                   "Thu Jan 19 03:38:16 2017"
[1] "PD7249"                   "Thu Jan 19 03:38:23 2017"
[1] "PD7250"                   "Thu Jan 19 03:38:30 2017"
[1] "PD7304"                   "Thu Jan 19 03:38:36 2017"
[1] "PD7305"                   "Thu Jan 19 03:38:39 2017"
[1] "PD7306"                   "Thu Jan 19 03:38:43 2017"
[1] "PD7307"                   "Thu Jan 19 03:38:45 2017"
[1] "PD7316"                   "Thu Jan 19 03:38:53 2017"
[1] "PD7321"                   "Thu Jan 19 03:38:59 2017"
[1] "PD7322"                   "Thu Jan 19 03:39:05 2017"
[1] "PD7341"                   "Thu Jan 19 03:39:08 2017"
[1] "PD7344"                   "Thu Jan 19 03:39:12 2017"
[1] "PD7426"                   "Thu Jan 19 03:39:14 2017"
[1] "PD7428"                   "Thu Jan 19 03:39:22 2017"
[1] "PD8609"                   "Thu Jan 19 03:39:27 2017"
[1] "PD8610"                   "Thu Jan 19 03:39:34 2017"
[1] "PD8611"                   "Thu Jan 19 03:39:39 2017"
[1] "PD8612"                   "Thu Jan 19 03:39:45 2017"
[1] "PD8614"                   "Thu Jan 19 03:39:48 2017"
[1] "PD8615"                   "Thu Jan 19 03:39:51 2017"
[1] "PD8617"                   "Thu Jan 19 03:39:59 2017"
[1] "PD8618"                   "Thu Jan 19 03:40:04 2017"
[1] "PD8619"                   "Thu Jan 19 03:40:08 2017"
[1] "PD8620"                   "Thu Jan 19 03:40:11 2017"
[1] "PD8621"                   "Thu Jan 19 03:40:18 2017"
[1] "PD8622"                   "Thu Jan 19 03:40:24 2017"
[1] "PD8623"                   "Thu Jan 19 03:40:27 2017"
[1] "PD8652"                   "Thu Jan 19 03:40:29 2017"
[1] "PD8660"                   "Thu Jan 19 03:40:36 2017"
[1] "PD8828"                   "Thu Jan 19 03:40:41 2017"
[1] "PD8830"                   "Thu Jan 19 03:40:45 2017"
[1] "PD8832"                   "Thu Jan 19 03:40:51 2017"
[1] "PD8964"                   "Thu Jan 19 03:40:57 2017"
[1] "PD8965"                   "Thu Jan 19 03:41:03 2017"
[1] "PD8969"                   "Thu Jan 19 03:41:07 2017"
[1] "PD8973"                   "Thu Jan 19 03:41:13 2017"
[1] "PD8977"                   "Thu Jan 19 03:41:20 2017"
[1] "PD8978"                   "Thu Jan 19 03:41:24 2017"
[1] "PD8979"                   "Thu Jan 19 03:41:29 2017"
[1] "PD8980"                   "Thu Jan 19 03:41:33 2017"
[1] "PD8981"                   "Thu Jan 19 03:41:38 2017"
[1] "PD8982"                   "Thu Jan 19 03:41:41 2017"
[1] "PD8984"                   "Thu Jan 19 03:41:49 2017"
[1] "PD8995"                   "Thu Jan 19 03:41:54 2017"
[1] "PD8996"                   "Thu Jan 19 03:42:00 2017"
[1] "PD8997"                   "Thu Jan 19 03:42:04 2017"
[1] "PD8998"                   "Thu Jan 19 03:42:07 2017"
[1] "PD8999"                   "Thu Jan 19 03:42:16 2017"
[1] "PD9000"                   "Thu Jan 19 03:42:19 2017"
[1] "PD9001"                   "Thu Jan 19 03:42:25 2017"
[1] "PD9002"                   "Thu Jan 19 03:42:28 2017"
[1] "PD9004"                   "Thu Jan 19 03:42:32 2017"
[1] "PD9009"                   "Thu Jan 19 03:42:37 2017"
[1] "PD9063"                   "Thu Jan 19 03:42:45 2017"
[1] "PD9064"                   "Thu Jan 19 03:42:51 2017"
[1] "PD9065"                   "Thu Jan 19 03:42:57 2017"
[1] "PD9067"                   "Thu Jan 19 03:42:59 2017"
[1] "PD9193"                   "Thu Jan 19 03:43:02 2017"
[1] "PD9464"                   "Thu Jan 19 03:43:05 2017"
[1] "PD9467"                   "Thu Jan 19 03:43:08 2017"
[1] "PD9539"                   "Thu Jan 19 03:43:12 2017"
[1] "PD9541"                   "Thu Jan 19 03:43:17 2017"
[1] "PD9544"                   "Thu Jan 19 03:43:21 2017"
[1] "PD9567"                   "Thu Jan 19 03:43:25 2017"
[1] "PD9568"                   "Thu Jan 19 03:43:28 2017"
[1] "PD9569"                   "Thu Jan 19 03:43:35 2017"
[1] "PD9570"                   "Thu Jan 19 03:43:38 2017"
[1] "PD9571"                   "Thu Jan 19 03:43:42 2017"
[1] "PD9572"                   "Thu Jan 19 03:43:46 2017"
[1] "PD9573"                   "Thu Jan 19 03:43:52 2017"
[1] "PD9574"                   "Thu Jan 19 03:43:56 2017"
[1] "PD9575"                   "Thu Jan 19 03:43:59 2017"
[1] "PD9576"                   "Thu Jan 19 03:44:03 2017"
[1] "PD9577"                   "Thu Jan 19 03:44:10 2017"
[1] "PD9578"                   "Thu Jan 19 03:44:13 2017"
[1] "PD9579"                   "Thu Jan 19 03:44:16 2017"
[1] "PD9581"                   "Thu Jan 19 03:44:19 2017"
[1] "PD9582"                   "Thu Jan 19 03:44:22 2017"
[1] "PD9584"                   "Thu Jan 19 03:44:26 2017"
[1] "PD9585"                   "Thu Jan 19 03:44:29 2017"
[1] "PD9589"                   "Thu Jan 19 03:44:34 2017"
[1] "PD9591"                   "Thu Jan 19 03:44:37 2017"
[1] "PD9592"                   "Thu Jan 19 03:44:40 2017"
[1] "PD9593"                   "Thu Jan 19 03:44:46 2017"
[1] "PD9595"                   "Thu Jan 19 03:44:50 2017"
[1] "PD9597"                   "Thu Jan 19 03:44:56 2017"
[1] "PD9599"                   "Thu Jan 19 03:45:04 2017"
[1] "PD9600"                   "Thu Jan 19 03:45:08 2017"
[1] "PD9604"                   "Thu Jan 19 03:45:11 2017"
[1] "PD9605"                   "Thu Jan 19 03:45:18 2017"
[1] "PD9606"                   "Thu Jan 19 03:45:21 2017"
[1] "PD9694"                   "Thu Jan 19 03:45:24 2017"
[1] "PD9696"                   "Thu Jan 19 03:45:29 2017"
[1] "PD9702"                   "Thu Jan 19 03:45:34 2017"
[1] "PD9752"                   "Thu Jan 19 03:45:40 2017"
[1] "PD9754"                   "Thu Jan 19 03:45:43 2017"
[1] "PD9755"                   "Thu Jan 19 03:45:47 2017"
[1] "PD9756"                   "Thu Jan 19 03:45:50 2017"
[1] "PD9759"                   "Thu Jan 19 03:45:58 2017"
[1] "PD9760"                   "Thu Jan 19 03:46:01 2017"
[1] "PD9761"                   "Thu Jan 19 03:46:04 2017"
[1] "PD9842"                   "Thu Jan 19 03:46:08 2017"
[1] "PD9843"                   "Thu Jan 19 03:46:11 2017"
[1] "PD9844"                   "Thu Jan 19 03:46:17 2017"
[1] "PD9845"                   "Thu Jan 19 03:46:20 2017"
[1] "PD9847"                   "Thu Jan 19 03:46:24 2017"
[1] "Thu Jan 19 03:46:28 2017"
[1] "Simulated annealing with error increase by 1.05 fold"
[1] "Thu Jan 19 03:46:28 2017"
[1] "All"                      "Thu Jan 19 03:46:28 2017"
[1] "PD10010"                  "Thu Jan 19 03:46:34 2017"
[1] "PD10011"                  "Thu Jan 19 03:46:36 2017"
[1] "PD10014"                  "Thu Jan 19 03:46:39 2017"
[1] "PD11326"                  "Thu Jan 19 03:46:45 2017"
[1] "PD11327"                  "Thu Jan 19 03:46:49 2017"
[1] "PD11336"                  "Thu Jan 19 03:46:53 2017"
[1] "PD11337"                  "Thu Jan 19 03:46:56 2017"
[1] "PD11338"                  "Thu Jan 19 03:46:58 2017"
[1] "PD11339"                  "Thu Jan 19 03:47:00 2017"
[1] "PD11340"                  "Thu Jan 19 03:47:04 2017"
[1] "PD11341"                  "Thu Jan 19 03:47:05 2017"
[1] "PD11342"                  "Thu Jan 19 03:47:08 2017"
[1] "PD11343"                  "Thu Jan 19 03:47:12 2017"
[1] "PD11344"                  "Thu Jan 19 03:47:15 2017"
[1] "PD11345"                  "Thu Jan 19 03:47:22 2017"
[1] "PD11346"                  "Thu Jan 19 03:47:29 2017"
[1] "PD11347"                  "Thu Jan 19 03:47:31 2017"
[1] "PD11348"                  "Thu Jan 19 03:47:33 2017"
[1] "PD11349"                  "Thu Jan 19 03:47:36 2017"
[1] "PD11352"                  "Thu Jan 19 03:47:38 2017"
[1] "PD11355"                  "Thu Jan 19 03:47:41 2017"
[1] "PD11357"                  "Thu Jan 19 03:47:44 2017"
[1] "PD11358"                  "Thu Jan 19 03:47:47 2017"
[1] "PD11359"                  "Thu Jan 19 03:47:53 2017"
[1] "PD11360"                  "Thu Jan 19 03:47:56 2017"
[1] "PD11361"                  "Thu Jan 19 03:47:59 2017"
[1] "PD11364"                  "Thu Jan 19 03:48:02 2017"
[1] "PD11365"                  "Thu Jan 19 03:48:04 2017"
[1] "PD11366"                  "Thu Jan 19 03:48:07 2017"
[1] "PD11367"                  "Thu Jan 19 03:48:10 2017"
[1] "PD11368"                  "Thu Jan 19 03:48:13 2017"
[1] "PD11369"                  "Thu Jan 19 03:48:17 2017"
[1] "PD11370"                  "Thu Jan 19 03:48:20 2017"
[1] "PD11372"                  "Thu Jan 19 03:48:22 2017"
[1] "PD11374"                  "Thu Jan 19 03:48:28 2017"
[1] "PD11375"                  "Thu Jan 19 03:48:31 2017"
[1] "PD11376"                  "Thu Jan 19 03:48:34 2017"
[1] "PD11379"                  "Thu Jan 19 03:48:37 2017"
[1] "PD11380"                  "Thu Jan 19 03:48:43 2017"
[1] "PD11381"                  "Thu Jan 19 03:48:46 2017"
[1] "PD11383"                  "Thu Jan 19 03:48:48 2017"
[1] "PD11384"                  "Thu Jan 19 03:48:51 2017"
[1] "PD11385"                  "Thu Jan 19 03:48:53 2017"
[1] "PD11386"                  "Thu Jan 19 03:48:56 2017"
[1] "PD11388"                  "Thu Jan 19 03:48:58 2017"
[1] "PD11389"                  "Thu Jan 19 03:49:01 2017"
[1] "PD11391"                  "Thu Jan 19 03:49:04 2017"
[1] "PD11393"                  "Thu Jan 19 03:49:06 2017"
[1] "PD11394"                  "Thu Jan 19 03:49:09 2017"
[1] "PD11395"                  "Thu Jan 19 03:49:14 2017"
[1] "PD11396"                  "Thu Jan 19 03:49:17 2017"
[1] "PD11397"                  "Thu Jan 19 03:49:20 2017"
[1] "PD11398"                  "Thu Jan 19 03:49:22 2017"
[1] "PD11399"                  "Thu Jan 19 03:49:25 2017"
[1] "PD11402"                  "Thu Jan 19 03:49:28 2017"
[1] "PD11462"                  "Thu Jan 19 03:49:31 2017"
[1] "PD11464"                  "Thu Jan 19 03:49:35 2017"
[1] "PD11465"                  "Thu Jan 19 03:49:41 2017"
[1] "PD11740"                  "Thu Jan 19 03:49:48 2017"
[1] "PD11741"                  "Thu Jan 19 03:49:50 2017"
[1] "PD11742"                  "Thu Jan 19 03:49:53 2017"
[1] "PD11743"                  "Thu Jan 19 03:49:56 2017"
[1] "PD11744"                  "Thu Jan 19 03:49:59 2017"
[1] "PD11745"                  "Thu Jan 19 03:50:01 2017"
[1] "PD11748"                  "Thu Jan 19 03:50:04 2017"
[1] "PD11750"                  "Thu Jan 19 03:50:09 2017"
[1] "PD11751"                  "Thu Jan 19 03:50:17 2017"
[1] "PD11752"                  "Thu Jan 19 03:50:22 2017"
[1] "PD11753"                  "Thu Jan 19 03:50:25 2017"
[1] "PD11755"                  "Thu Jan 19 03:50:28 2017"
[1] "PD11756"                  "Thu Jan 19 03:50:33 2017"
[1] "PD11757"                  "Thu Jan 19 03:50:35 2017"
[1] "PD11760"                  "Thu Jan 19 03:50:42 2017"
[1] "PD11761"                  "Thu Jan 19 03:50:45 2017"
[1] "PD11762"                  "Thu Jan 19 03:50:46 2017"
[1] "PD11765"                  "Thu Jan 19 03:50:48 2017"
[1] "PD11766"                  "Thu Jan 19 03:50:50 2017"
[1] "PD11767"                  "Thu Jan 19 03:50:52 2017"
[1] "PD11769"                  "Thu Jan 19 03:50:54 2017"
[1] "PD11816"                  "Thu Jan 19 03:50:57 2017"
[1] "PD11818"                  "Thu Jan 19 03:51:01 2017"
[1] "PD11819"                  "Thu Jan 19 03:51:03 2017"
[1] "PD13162"                  "Thu Jan 19 03:51:06 2017"
[1] "PD13163"                  "Thu Jan 19 03:51:13 2017"
[1] "PD13164"                  "Thu Jan 19 03:51:15 2017"
[1] "PD13165"                  "Thu Jan 19 03:51:17 2017"
[1] "PD13166"                  "Thu Jan 19 03:51:22 2017"
[1] "PD13167"                  "Thu Jan 19 03:51:24 2017"
[1] "PD13168"                  "Thu Jan 19 03:51:26 2017"
[1] "PD13296"                  "Thu Jan 19 03:51:29 2017"
[1] "PD13297"                  "Thu Jan 19 03:51:34 2017"
[1] "PD13298"                  "Thu Jan 19 03:51:38 2017"
[1] "PD13299"                  "Thu Jan 19 03:51:40 2017"
[1] "PD13302"                  "Thu Jan 19 03:51:47 2017"
[1] "PD13304"                  "Thu Jan 19 03:51:50 2017"
[1] "PD13306"                  "Thu Jan 19 03:51:53 2017"
[1] "PD13307"                  "Thu Jan 19 03:51:55 2017"
[1] "PD13310"                  "Thu Jan 19 03:52:01 2017"
[1] "PD13311"                  "Thu Jan 19 03:52:04 2017"
[1] "PD13312"                  "Thu Jan 19 03:52:10 2017"
[1] "PD13416"                  "Thu Jan 19 03:52:13 2017"
[1] "PD13418"                  "Thu Jan 19 03:52:15 2017"
[1] "PD13419"                  "Thu Jan 19 03:52:22 2017"
[1] "PD13420"                  "Thu Jan 19 03:52:24 2017"
[1] "PD13422"                  "Thu Jan 19 03:52:27 2017"
[1] "PD13424"                  "Thu Jan 19 03:52:30 2017"
[1] "PD13425"                  "Thu Jan 19 03:52:32 2017"
[1] "PD13426"                  "Thu Jan 19 03:52:40 2017"
[1] "PD13427"                  "Thu Jan 19 03:52:43 2017"
[1] "PD13428"                  "Thu Jan 19 03:52:46 2017"
[1] "PD13602"                  "Thu Jan 19 03:52:48 2017"
[1] "PD13603"                  "Thu Jan 19 03:52:50 2017"
[1] "PD13604"                  "Thu Jan 19 03:52:52 2017"
[1] "PD13605"                  "Thu Jan 19 03:52:58 2017"
[1] "PD13606"                  "Thu Jan 19 03:53:01 2017"
[1] "PD13607"                  "Thu Jan 19 03:53:03 2017"
[1] "PD13608"                  "Thu Jan 19 03:53:06 2017"
[1] "PD13609"                  "Thu Jan 19 03:53:11 2017"
[1] "PD13618"                  "Thu Jan 19 03:53:17 2017"
[1] "PD13619"                  "Thu Jan 19 03:53:20 2017"
[1] "PD13620"                  "Thu Jan 19 03:53:23 2017"
[1] "PD13622"                  "Thu Jan 19 03:53:26 2017"
[1] "PD13623"                  "Thu Jan 19 03:53:28 2017"
[1] "PD13625"                  "Thu Jan 19 03:53:35 2017"
[1] "PD13626"                  "Thu Jan 19 03:53:38 2017"
[1] "PD13627"                  "Thu Jan 19 03:53:40 2017"
[1] "PD13629"                  "Thu Jan 19 03:53:45 2017"
[1] "PD13630"                  "Thu Jan 19 03:53:47 2017"
[1] "PD13631"                  "Thu Jan 19 03:53:52 2017"
[1] "PD13752"                  "Thu Jan 19 03:53:54 2017"
[1] "PD13753"                  "Thu Jan 19 03:53:56 2017"
[1] "PD13754"                  "Thu Jan 19 03:54:02 2017"
[1] "PD13755"                  "Thu Jan 19 03:54:04 2017"
[1] "PD13756"                  "Thu Jan 19 03:54:07 2017"
[1] "PD13757"                  "Thu Jan 19 03:54:09 2017"
[1] "PD13758"                  "Thu Jan 19 03:54:13 2017"
[1] "PD13760"                  "Thu Jan 19 03:54:15 2017"
[1] "PD13761"                  "Thu Jan 19 03:54:18 2017"
[1] "PD13762"                  "Thu Jan 19 03:54:20 2017"
[1] "PD13763"                  "Thu Jan 19 03:54:23 2017"
[1] "PD13764"                  "Thu Jan 19 03:54:26 2017"
[1] "PD13765"                  "Thu Jan 19 03:54:28 2017"
[1] "PD13766"                  "Thu Jan 19 03:54:30 2017"
[1] "PD13767"                  "Thu Jan 19 03:54:37 2017"
[1] "PD13768"                  "Thu Jan 19 03:54:40 2017"
[1] "PD13770"                  "Thu Jan 19 03:54:43 2017"
[1] "PD13771"                  "Thu Jan 19 03:54:45 2017"
[1] "PD14432"                  "Thu Jan 19 03:54:50 2017"
[1] "PD14433"                  "Thu Jan 19 03:54:52 2017"
[1] "PD14435"                  "Thu Jan 19 03:54:58 2017"
[1] "PD14437"                  "Thu Jan 19 03:55:01 2017"
[1] "PD14439"                  "Thu Jan 19 03:55:03 2017"
[1] "PD14441"                  "Thu Jan 19 03:55:05 2017"
[1] "PD14442"                  "Thu Jan 19 03:55:09 2017"
[1] "PD14450"                  "Thu Jan 19 03:55:11 2017"
[1] "PD14453"                  "Thu Jan 19 03:55:13 2017"
[1] "PD14454"                  "Thu Jan 19 03:55:19 2017"
[1] "PD14456"                  "Thu Jan 19 03:55:21 2017"
[1] "PD14457"                  "Thu Jan 19 03:55:24 2017"
[1] "PD14458"                  "Thu Jan 19 03:55:26 2017"
[1] "PD14459"                  "Thu Jan 19 03:55:29 2017"
[1] "PD14460"                  "Thu Jan 19 03:55:31 2017"
[1] "PD14461"                  "Thu Jan 19 03:55:38 2017"
[1] "PD14462"                  "Thu Jan 19 03:55:41 2017"
[1] "PD14465"                  "Thu Jan 19 03:55:42 2017"
[1] "PD14467"                  "Thu Jan 19 03:55:45 2017"
[1] "PD14468"                  "Thu Jan 19 03:55:48 2017"
[1] "PD14471"                  "Thu Jan 19 03:55:52 2017"
[1] "PD14472"                  "Thu Jan 19 03:55:55 2017"
[1] "PD14473"                  "Thu Jan 19 03:55:57 2017"
[1] "PD17973"                  "Thu Jan 19 03:56:00 2017"
[1] "PD17981"                  "Thu Jan 19 03:56:02 2017"
[1] "PD17991"                  "Thu Jan 19 03:56:05 2017"
[1] "PD17994"                  "Thu Jan 19 03:56:08 2017"
[1] "PD18017"                  "Thu Jan 19 03:56:10 2017"
[1] "PD18020"                  "Thu Jan 19 03:56:12 2017"
[1] "PD18022"                  "Thu Jan 19 03:56:20 2017"
[1] "PD18024"                  "Thu Jan 19 03:56:22 2017"
[1] "PD18031"                  "Thu Jan 19 03:56:27 2017"
[1] "PD18037"                  "Thu Jan 19 03:56:29 2017"
[1] "PD18045"                  "Thu Jan 19 03:56:33 2017"
[1] "PD18046"                  "Thu Jan 19 03:56:39 2017"
[1] "PD18047"                  "Thu Jan 19 03:56:42 2017"
[1] "PD18048"                  "Thu Jan 19 03:56:45 2017"
[1] "PD18049"                  "Thu Jan 19 03:56:48 2017"
[1] "PD18050"                  "Thu Jan 19 03:56:50 2017"
[1] "PD18100"                  "Thu Jan 19 03:56:53 2017"
[1] "PD18101"                  "Thu Jan 19 03:56:56 2017"
[1] "PD18116"                  "Thu Jan 19 03:56:58 2017"
[1] "PD18149"                  "Thu Jan 19 03:57:01 2017"
[1] "PD18188"                  "Thu Jan 19 03:57:03 2017"
[1] "PD18189"                  "Thu Jan 19 03:57:06 2017"
[1] "PD18247"                  "Thu Jan 19 03:57:08 2017"
[1] "PD18251"                  "Thu Jan 19 03:57:15 2017"
[1] "PD18257"                  "Thu Jan 19 03:57:17 2017"
[1] "PD18258"                  "Thu Jan 19 03:57:19 2017"
[1] "PD18259"                  "Thu Jan 19 03:57:22 2017"
[1] "PD18264"                  "Thu Jan 19 03:57:25 2017"
[1] "PD18269"                  "Thu Jan 19 03:57:34 2017"
[1] "PD18728"                  "Thu Jan 19 03:57:36 2017"
[1] "PD18730"                  "Thu Jan 19 03:57:39 2017"
[1] "PD18733"                  "Thu Jan 19 03:57:44 2017"
[1] "PD18734"                  "Thu Jan 19 03:57:47 2017"
[1] "PD18748"                  "Thu Jan 19 03:57:49 2017"
[1] "PD18749"                  "Thu Jan 19 03:57:52 2017"
[1] "PD18751"                  "Thu Jan 19 03:58:00 2017"
[1] "PD18754"                  "Thu Jan 19 03:58:02 2017"
[1] "PD18756"                  "Thu Jan 19 03:58:08 2017"
[1] "PD18768"                  "Thu Jan 19 03:58:11 2017"
[1] "PD18769"                  "Thu Jan 19 03:58:14 2017"
[1] "PD18771"                  "Thu Jan 19 03:58:20 2017"
[1] "PD18775"                  "Thu Jan 19 03:58:22 2017"
[1] "PD18776"                  "Thu Jan 19 03:58:25 2017"
[1] "PD22036"                  "Thu Jan 19 03:58:28 2017"
[1] "PD22251"                  "Thu Jan 19 03:58:30 2017"
[1] "PD22355"                  "Thu Jan 19 03:58:33 2017"
[1] "PD22357"                  "Thu Jan 19 03:58:37 2017"
[1] "PD22358"                  "Thu Jan 19 03:58:43 2017"
[1] "PD22359"                  "Thu Jan 19 03:58:48 2017"
[1] "PD22360"                  "Thu Jan 19 03:58:50 2017"
[1] "PD22361"                  "Thu Jan 19 03:58:54 2017"
[1] "PD22362"                  "Thu Jan 19 03:59:01 2017"
[1] "PD22363"                  "Thu Jan 19 03:59:03 2017"
[1] "PD22364"                  "Thu Jan 19 03:59:08 2017"
[1] "PD22365"                  "Thu Jan 19 03:59:12 2017"
[1] "PD22366"                  "Thu Jan 19 03:59:14 2017"
[1] "PD23550"                  "Thu Jan 19 03:59:19 2017"
[1] "PD23554"                  "Thu Jan 19 03:59:21 2017"
[1] "PD23558"                  "Thu Jan 19 03:59:25 2017"
[1] "PD23559"                  "Thu Jan 19 03:59:30 2017"
[1] "PD23560"                  "Thu Jan 19 03:59:33 2017"
[1] "PD23561"                  "Thu Jan 19 03:59:35 2017"
[1] "PD23562"                  "Thu Jan 19 03:59:41 2017"
[1] "PD23563"                  "Thu Jan 19 03:59:47 2017"
[1] "PD23564"                  "Thu Jan 19 03:59:51 2017"
[1] "PD23565"                  "Thu Jan 19 03:59:57 2017"
[1] "PD23566"                  "Thu Jan 19 04:00:03 2017"
[1] "PD23567"                  "Thu Jan 19 04:00:08 2017"
[1] "PD23569"                  "Thu Jan 19 04:00:13 2017"
[1] "PD23570"                  "Thu Jan 19 04:00:15 2017"
[1] "PD23574"                  "Thu Jan 19 04:00:20 2017"
[1] "PD23577"                  "Thu Jan 19 04:00:26 2017"
[1] "PD23578"                  "Thu Jan 19 04:00:30 2017"
[1] "PD23579"                  "Thu Jan 19 04:00:35 2017"
[1] "PD24182"                  "Thu Jan 19 04:00:36 2017"
[1] "PD24186"                  "Thu Jan 19 04:00:42 2017"
[1] "PD24189"                  "Thu Jan 19 04:00:48 2017"
[1] "PD24190"                  "Thu Jan 19 04:00:50 2017"
[1] "PD24191"                  "Thu Jan 19 04:00:52 2017"
[1] "PD24192"                  "Thu Jan 19 04:00:57 2017"
[1] "PD24193"                  "Thu Jan 19 04:01:03 2017"
[1] "PD24194"                  "Thu Jan 19 04:01:05 2017"
[1] "PD24195"                  "Thu Jan 19 04:01:11 2017"
[1] "PD24196"                  "Thu Jan 19 04:01:14 2017"
[1] "PD24197"                  "Thu Jan 19 04:01:17 2017"
[1] "PD24199"                  "Thu Jan 19 04:01:21 2017"
[1] "PD24200"                  "Thu Jan 19 04:01:24 2017"
[1] "PD24201"                  "Thu Jan 19 04:01:27 2017"
[1] "PD24202"                  "Thu Jan 19 04:01:31 2017"
[1] "PD24204"                  "Thu Jan 19 04:01:36 2017"
[1] "PD24205"                  "Thu Jan 19 04:01:39 2017"
[1] "PD24206"                  "Thu Jan 19 04:01:43 2017"
[1] "PD24207"                  "Thu Jan 19 04:01:47 2017"
[1] "PD24208"                  "Thu Jan 19 04:01:53 2017"
[1] "PD24209"                  "Thu Jan 19 04:01:59 2017"
[1] "PD24212"                  "Thu Jan 19 04:02:05 2017"
[1] "PD24214"                  "Thu Jan 19 04:02:09 2017"
[1] "PD24215"                  "Thu Jan 19 04:02:12 2017"
[1] "PD24216"                  "Thu Jan 19 04:02:14 2017"
[1] "PD24217"                  "Thu Jan 19 04:02:21 2017"
[1] "PD24218"                  "Thu Jan 19 04:02:27 2017"
[1] "PD24219"                  "Thu Jan 19 04:02:29 2017"
[1] "PD24220"                  "Thu Jan 19 04:02:32 2017"
[1] "PD24221"                  "Thu Jan 19 04:02:37 2017"
[1] "PD24223"                  "Thu Jan 19 04:02:39 2017"
[1] "PD24224"                  "Thu Jan 19 04:02:42 2017"
[1] "PD24225"                  "Thu Jan 19 04:02:45 2017"
[1] "PD24302"                  "Thu Jan 19 04:02:48 2017"
[1] "PD24303"                  "Thu Jan 19 04:02:51 2017"
[1] "PD24304"                  "Thu Jan 19 04:02:56 2017"
[1] "PD24306"                  "Thu Jan 19 04:03:00 2017"
[1] "PD24307"                  "Thu Jan 19 04:03:05 2017"
[1] "PD24308"                  "Thu Jan 19 04:03:07 2017"
[1] "PD24314"                  "Thu Jan 19 04:03:09 2017"
[1] "PD24318"                  "Thu Jan 19 04:03:11 2017"
[1] "PD24320"                  "Thu Jan 19 04:03:14 2017"
[1] "PD24322"                  "Thu Jan 19 04:03:20 2017"
[1] "PD24325"                  "Thu Jan 19 04:03:23 2017"
[1] "PD24326"                  "Thu Jan 19 04:03:27 2017"
[1] "PD24327"                  "Thu Jan 19 04:03:33 2017"
[1] "PD24329"                  "Thu Jan 19 04:03:40 2017"
[1] "PD24332"                  "Thu Jan 19 04:03:43 2017"
[1] "PD24333"                  "Thu Jan 19 04:03:46 2017"
[1] "PD24335"                  "Thu Jan 19 04:03:53 2017"
[1] "PD24336"                  "Thu Jan 19 04:03:56 2017"
[1] "PD24337"                  "Thu Jan 19 04:03:58 2017"
[1] "PD3851"                   "Thu Jan 19 04:04:04 2017"
[1] "PD3890"                   "Thu Jan 19 04:04:07 2017"
[1] "PD3904"                   "Thu Jan 19 04:04:12 2017"
[1] "PD3905"                   "Thu Jan 19 04:04:15 2017"
[1] "PD3945"                   "Thu Jan 19 04:04:19 2017"
[1] "PD3989"                   "Thu Jan 19 04:04:22 2017"
[1] "PD4005"                   "Thu Jan 19 04:04:25 2017"
[1] "PD4006"                   "Thu Jan 19 04:04:31 2017"
[1] "PD4069"                   "Thu Jan 19 04:04:36 2017"
[1] "PD4072"                   "Thu Jan 19 04:04:39 2017"
[1] "PD4076"                   "Thu Jan 19 04:04:44 2017"
[1] "PD4085"                   "Thu Jan 19 04:04:47 2017"
[1] "PD4086"                   "Thu Jan 19 04:04:49 2017"
[1] "PD4088"                   "Thu Jan 19 04:04:54 2017"
[1] "PD4103"                   "Thu Jan 19 04:04:57 2017"
[1] "PD4107"                   "Thu Jan 19 04:04:59 2017"
[1] "PD4109"                   "Thu Jan 19 04:05:03 2017"
[1] "PD4115"                   "Thu Jan 19 04:05:05 2017"
[1] "PD4116"                   "Thu Jan 19 04:05:10 2017"
[1] "PD4192"                   "Thu Jan 19 04:05:14 2017"
[1] "PD4194"                   "Thu Jan 19 04:05:18 2017"
[1] "PD4198"                   "Thu Jan 19 04:05:20 2017"
[1] "PD4199"                   "Thu Jan 19 04:05:22 2017"
[1] "PD4225"                   "Thu Jan 19 04:05:29 2017"
[1] "PD4248"                   "Thu Jan 19 04:05:32 2017"
[1] "PD4252"                   "Thu Jan 19 04:05:34 2017"
[1] "PD4255"                   "Thu Jan 19 04:05:37 2017"
[1] "PD4261"                   "Thu Jan 19 04:05:39 2017"
[1] "PD4264"                   "Thu Jan 19 04:05:42 2017"
[1] "PD4266"                   "Thu Jan 19 04:05:45 2017"
[1] "PD4267"                   "Thu Jan 19 04:05:51 2017"
[1] "PD4315"                   "Thu Jan 19 04:05:55 2017"
[1] "PD4604"                   "Thu Jan 19 04:05:57 2017"
[1] "PD4605"                   "Thu Jan 19 04:06:01 2017"
[1] "PD4606"                   "Thu Jan 19 04:06:04 2017"
[1] "PD4607"                   "Thu Jan 19 04:06:07 2017"
[1] "PD4613"                   "Thu Jan 19 04:06:13 2017"
[1] "PD4826"                   "Thu Jan 19 04:06:19 2017"
[1] "PD4833"                   "Thu Jan 19 04:06:21 2017"
[1] "PD4836"                   "Thu Jan 19 04:06:26 2017"
[1] "PD4841"                   "Thu Jan 19 04:06:29 2017"
[1] "PD4844"                   "Thu Jan 19 04:06:32 2017"
[1] "PD4845"                   "Thu Jan 19 04:06:37 2017"
[1] "PD4847"                   "Thu Jan 19 04:06:40 2017"
[1] "PD4872"                   "Thu Jan 19 04:06:42 2017"
[1] "PD4874"                   "Thu Jan 19 04:06:46 2017"
[1] "PD4875"                   "Thu Jan 19 04:06:52 2017"
[1] "PD4876"                   "Thu Jan 19 04:06:55 2017"
[1] "PD4951"                   "Thu Jan 19 04:07:01 2017"
[1] "PD4952"                   "Thu Jan 19 04:07:05 2017"
[1] "PD4953"                   "Thu Jan 19 04:07:09 2017"
[1] "PD4954"                   "Thu Jan 19 04:07:13 2017"
[1] "PD4955"                   "Thu Jan 19 04:07:18 2017"
[1] "PD4956"                   "Thu Jan 19 04:07:21 2017"
[1] "PD4957"                   "Thu Jan 19 04:07:27 2017"
[1] "PD4958"                   "Thu Jan 19 04:07:30 2017"
[1] "PD4959"                   "Thu Jan 19 04:07:33 2017"
[1] "PD4962"                   "Thu Jan 19 04:07:36 2017"
[1] "PD4965"                   "Thu Jan 19 04:07:44 2017"
[1] "PD4967"                   "Thu Jan 19 04:07:46 2017"
[1] "PD4968"                   "Thu Jan 19 04:07:52 2017"
[1] "PD4969"                   "Thu Jan 19 04:07:54 2017"
[1] "PD4970"                   "Thu Jan 19 04:07:56 2017"
[1] "PD4971"                   "Thu Jan 19 04:07:59 2017"
[1] "PD4972"                   "Thu Jan 19 04:08:02 2017"
[1] "PD4975"                   "Thu Jan 19 04:08:05 2017"
[1] "PD4976"                   "Thu Jan 19 04:08:09 2017"
[1] "PD4977"                   "Thu Jan 19 04:08:12 2017"
[1] "PD4978"                   "Thu Jan 19 04:08:18 2017"
[1] "PD4980"                   "Thu Jan 19 04:08:21 2017"
[1] "PD4981"                   "Thu Jan 19 04:08:24 2017"
[1] "PD4982"                   "Thu Jan 19 04:08:27 2017"
[1] "PD4983"                   "Thu Jan 19 04:08:30 2017"
[1] "PD4985"                   "Thu Jan 19 04:08:32 2017"
[1] "PD4986"                   "Thu Jan 19 04:08:35 2017"
[1] "PD5925"                   "Thu Jan 19 04:08:38 2017"
[1] "PD5928"                   "Thu Jan 19 04:08:43 2017"
[1] "PD5930"                   "Thu Jan 19 04:08:48 2017"
[1] "PD5932"                   "Thu Jan 19 04:08:52 2017"
[1] "PD5934"                   "Thu Jan 19 04:08:57 2017"
[1] "PD5935"                   "Thu Jan 19 04:09:02 2017"
[1] "PD5936"                   "Thu Jan 19 04:09:07 2017"
[1] "PD5937"                   "Thu Jan 19 04:09:10 2017"
[1] "PD5942"                   "Thu Jan 19 04:09:15 2017"
[1] "PD5944"                   "Thu Jan 19 04:09:19 2017"
[1] "PD5945"                   "Thu Jan 19 04:09:21 2017"
[1] "PD5946"                   "Thu Jan 19 04:09:26 2017"
[1] "PD5947"                   "Thu Jan 19 04:09:29 2017"
[1] "PD5948"                   "Thu Jan 19 04:09:31 2017"
[1] "PD5950"                   "Thu Jan 19 04:09:36 2017"
[1] "PD5951"                   "Thu Jan 19 04:09:39 2017"
[1] "PD5953"                   "Thu Jan 19 04:09:42 2017"
[1] "PD5956"                   "Thu Jan 19 04:09:45 2017"
[1] "PD5959"                   "Thu Jan 19 04:09:49 2017"
[1] "PD5960"                   "Thu Jan 19 04:09:52 2017"
[1] "PD5961"                   "Thu Jan 19 04:09:55 2017"
[1] "PD5964"                   "Thu Jan 19 04:09:58 2017"
[1] "PD6016"                   "Thu Jan 19 04:10:00 2017"
[1] "PD6041"                   "Thu Jan 19 04:10:05 2017"
[1] "PD6042"                   "Thu Jan 19 04:10:08 2017"
[1] "PD6043"                   "Thu Jan 19 04:10:11 2017"
[1] "PD6044"                   "Thu Jan 19 04:10:20 2017"
[1] "PD6045"                   "Thu Jan 19 04:10:23 2017"
[1] "PD6046"                   "Thu Jan 19 04:10:28 2017"
[1] "PD6047"                   "Thu Jan 19 04:10:30 2017"
[1] "PD6048"                   "Thu Jan 19 04:10:33 2017"
[1] "PD6404"                   "Thu Jan 19 04:10:35 2017"
[1] "PD6405"                   "Thu Jan 19 04:10:39 2017"
[1] "PD6406"                   "Thu Jan 19 04:10:45 2017"
[1] "PD6409"                   "Thu Jan 19 04:10:49 2017"
[1] "PD6410"                   "Thu Jan 19 04:10:54 2017"
[1] "PD6411"                   "Thu Jan 19 04:10:58 2017"
[1] "PD6412"                   "Thu Jan 19 04:11:03 2017"
[1] "PD6413"                   "Thu Jan 19 04:11:05 2017"
[1] "PD6414"                   "Thu Jan 19 04:11:09 2017"
[1] "PD6415"                   "Thu Jan 19 04:11:11 2017"
[1] "PD6416"                   "Thu Jan 19 04:11:16 2017"
[1] "PD6417"                   "Thu Jan 19 04:11:18 2017"
[1] "PD6418"                   "Thu Jan 19 04:11:22 2017"
[1] "PD6422"                   "Thu Jan 19 04:11:24 2017"
[1] "PD6466"                   "Thu Jan 19 04:11:27 2017"
[1] "PD6684"                   "Thu Jan 19 04:11:28 2017"
[1] "PD6711"                   "Thu Jan 19 04:11:34 2017"
[1] "PD6719"                   "Thu Jan 19 04:11:37 2017"
[1] "PD6720"                   "Thu Jan 19 04:11:43 2017"
[1] "PD6721"                   "Thu Jan 19 04:11:45 2017"
[1] "PD6722"                   "Thu Jan 19 04:11:48 2017"
[1] "PD6727"                   "Thu Jan 19 04:11:55 2017"
[1] "PD6728"                   "Thu Jan 19 04:11:58 2017"
[1] "PD6729"                   "Thu Jan 19 04:12:01 2017"
[1] "PD6730"                   "Thu Jan 19 04:12:04 2017"
[1] "PD6731"                   "Thu Jan 19 04:12:09 2017"
[1] "PD6732"                   "Thu Jan 19 04:12:15 2017"
[1] "PD6733"                   "Thu Jan 19 04:12:17 2017"
[1] "PD7066"                   "Thu Jan 19 04:12:19 2017"
[1] "PD7067"                   "Thu Jan 19 04:12:24 2017"
[1] "PD7069"                   "Thu Jan 19 04:12:26 2017"
[1] "PD7199"                   "Thu Jan 19 04:12:32 2017"
[1] "PD7201"                   "Thu Jan 19 04:12:35 2017"
[1] "PD7202"                   "Thu Jan 19 04:12:38 2017"
[1] "PD7203"                   "Thu Jan 19 04:12:40 2017"
[1] "PD7204"                   "Thu Jan 19 04:12:44 2017"
[1] "PD7205"                   "Thu Jan 19 04:12:47 2017"
[1] "PD7206"                   "Thu Jan 19 04:12:53 2017"
[1] "PD7207"                   "Thu Jan 19 04:12:55 2017"
[1] "PD7209"                   "Thu Jan 19 04:12:58 2017"
[1] "PD7210"                   "Thu Jan 19 04:13:01 2017"
[1] "PD7211"                   "Thu Jan 19 04:13:04 2017"
[1] "PD7214"                   "Thu Jan 19 04:13:09 2017"
[1] "PD7215"                   "Thu Jan 19 04:13:11 2017"
[1] "PD7217"                   "Thu Jan 19 04:13:16 2017"
[1] "PD7218"                   "Thu Jan 19 04:13:21 2017"
[1] "PD7219"                   "Thu Jan 19 04:13:23 2017"
[1] "PD7220"                   "Thu Jan 19 04:13:31 2017"
[1] "PD7221"                   "Thu Jan 19 04:13:33 2017"
[1] "PD7238"                   "Thu Jan 19 04:13:36 2017"
[1] "PD7240"                   "Thu Jan 19 04:13:39 2017"
[1] "PD7243"                   "Thu Jan 19 04:13:41 2017"
[1] "PD7248"                   "Thu Jan 19 04:13:45 2017"
[1] "PD7249"                   "Thu Jan 19 04:13:50 2017"
[1] "PD7250"                   "Thu Jan 19 04:13:55 2017"
[1] "PD7304"                   "Thu Jan 19 04:14:01 2017"
[1] "PD7305"                   "Thu Jan 19 04:14:03 2017"
[1] "PD7306"                   "Thu Jan 19 04:14:06 2017"
[1] "PD7307"                   "Thu Jan 19 04:14:08 2017"
[1] "PD7316"                   "Thu Jan 19 04:14:15 2017"
[1] "PD7321"                   "Thu Jan 19 04:14:19 2017"
[1] "PD7322"                   "Thu Jan 19 04:14:24 2017"
[1] "PD7341"                   "Thu Jan 19 04:14:27 2017"
[1] "PD7344"                   "Thu Jan 19 04:14:29 2017"
[1] "PD7426"                   "Thu Jan 19 04:14:31 2017"
[1] "PD7428"                   "Thu Jan 19 04:14:39 2017"
[1] "PD8609"                   "Thu Jan 19 04:14:43 2017"
[1] "PD8610"                   "Thu Jan 19 04:14:49 2017"
[1] "PD8611"                   "Thu Jan 19 04:14:53 2017"
[1] "PD8612"                   "Thu Jan 19 04:14:58 2017"
[1] "PD8614"                   "Thu Jan 19 04:15:00 2017"
[1] "PD8615"                   "Thu Jan 19 04:15:02 2017"
[1] "PD8617"                   "Thu Jan 19 04:15:09 2017"
[1] "PD8618"                   "Thu Jan 19 04:15:11 2017"
[1] "PD8619"                   "Thu Jan 19 04:15:14 2017"
[1] "PD8620"                   "Thu Jan 19 04:15:17 2017"
[1] "PD8621"                   "Thu Jan 19 04:15:23 2017"
[1] "PD8622"                   "Thu Jan 19 04:15:28 2017"
[1] "PD8623"                   "Thu Jan 19 04:15:30 2017"
[1] "PD8652"                   "Thu Jan 19 04:15:32 2017"
[1] "PD8660"                   "Thu Jan 19 04:15:38 2017"
[1] "PD8828"                   "Thu Jan 19 04:15:41 2017"
[1] "PD8830"                   "Thu Jan 19 04:15:46 2017"
[1] "PD8832"                   "Thu Jan 19 04:15:51 2017"
[1] "PD8964"                   "Thu Jan 19 04:15:57 2017"
[1] "PD8965"                   "Thu Jan 19 04:16:03 2017"
[1] "PD8969"                   "Thu Jan 19 04:16:05 2017"
[1] "PD8973"                   "Thu Jan 19 04:16:08 2017"
[1] "PD8977"                   "Thu Jan 19 04:16:15 2017"
[1] "PD8978"                   "Thu Jan 19 04:16:18 2017"
[1] "PD8979"                   "Thu Jan 19 04:16:23 2017"
[1] "PD8980"                   "Thu Jan 19 04:16:26 2017"
[1] "PD8981"                   "Thu Jan 19 04:16:30 2017"
[1] "PD8982"                   "Thu Jan 19 04:16:32 2017"
[1] "PD8984"                   "Thu Jan 19 04:16:39 2017"
[1] "PD8995"                   "Thu Jan 19 04:16:43 2017"
[1] "PD8996"                   "Thu Jan 19 04:16:49 2017"
[1] "PD8997"                   "Thu Jan 19 04:16:52 2017"
[1] "PD8998"                   "Thu Jan 19 04:16:55 2017"
[1] "PD8999"                   "Thu Jan 19 04:17:02 2017"
[1] "PD9000"                   "Thu Jan 19 04:17:04 2017"
[1] "PD9001"                   "Thu Jan 19 04:17:09 2017"
[1] "PD9002"                   "Thu Jan 19 04:17:11 2017"
[1] "PD9004"                   "Thu Jan 19 04:17:14 2017"
[1] "PD9009"                   "Thu Jan 19 04:17:18 2017"
[1] "PD9063"                   "Thu Jan 19 04:17:26 2017"
[1] "PD9064"                   "Thu Jan 19 04:17:33 2017"
[1] "PD9065"                   "Thu Jan 19 04:17:38 2017"
[1] "PD9067"                   "Thu Jan 19 04:17:40 2017"
[1] "PD9193"                   "Thu Jan 19 04:17:43 2017"
[1] "PD9464"                   "Thu Jan 19 04:17:45 2017"
[1] "PD9467"                   "Thu Jan 19 04:17:47 2017"
[1] "PD9539"                   "Thu Jan 19 04:17:51 2017"
[1] "PD9541"                   "Thu Jan 19 04:17:56 2017"
[1] "PD9544"                   "Thu Jan 19 04:18:00 2017"
[1] "PD9567"                   "Thu Jan 19 04:18:03 2017"
[1] "PD9568"                   "Thu Jan 19 04:18:06 2017"
[1] "PD9569"                   "Thu Jan 19 04:18:11 2017"
[1] "PD9570"                   "Thu Jan 19 04:18:13 2017"
[1] "PD9571"                   "Thu Jan 19 04:18:16 2017"
[1] "PD9572"                   "Thu Jan 19 04:18:19 2017"
[1] "PD9573"                   "Thu Jan 19 04:18:25 2017"
[1] "PD9574"                   "Thu Jan 19 04:18:28 2017"
[1] "PD9575"                   "Thu Jan 19 04:18:31 2017"
[1] "PD9576"                   "Thu Jan 19 04:18:33 2017"
[1] "PD9577"                   "Thu Jan 19 04:18:39 2017"
[1] "PD9578"                   "Thu Jan 19 04:18:42 2017"
[1] "PD9579"                   "Thu Jan 19 04:18:44 2017"
[1] "PD9581"                   "Thu Jan 19 04:18:46 2017"
[1] "PD9582"                   "Thu Jan 19 04:18:49 2017"
[1] "PD9584"                   "Thu Jan 19 04:18:52 2017"
[1] "PD9585"                   "Thu Jan 19 04:18:54 2017"
[1] "PD9589"                   "Thu Jan 19 04:18:58 2017"
[1] "PD9591"                   "Thu Jan 19 04:19:01 2017"
[1] "PD9592"                   "Thu Jan 19 04:19:04 2017"
[1] "PD9593"                   "Thu Jan 19 04:19:09 2017"
[1] "PD9595"                   "Thu Jan 19 04:19:11 2017"
[1] "PD9597"                   "Thu Jan 19 04:19:17 2017"
[1] "PD9599"                   "Thu Jan 19 04:19:23 2017"
[1] "PD9600"                   "Thu Jan 19 04:19:26 2017"
[1] "PD9604"                   "Thu Jan 19 04:19:29 2017"
[1] "PD9605"                   "Thu Jan 19 04:19:35 2017"
[1] "PD9606"                   "Thu Jan 19 04:19:37 2017"
[1] "PD9694"                   "Thu Jan 19 04:19:40 2017"
[1] "PD9696"                   "Thu Jan 19 04:19:44 2017"
[1] "PD9702"                   "Thu Jan 19 04:19:48 2017"
[1] "PD9752"                   "Thu Jan 19 04:19:53 2017"
[1] "PD9754"                   "Thu Jan 19 04:19:56 2017"
[1] "PD9755"                   "Thu Jan 19 04:19:59 2017"
[1] "PD9756"                   "Thu Jan 19 04:20:01 2017"
[1] "PD9759"                   "Thu Jan 19 04:20:08 2017"
[1] "PD9760"                   "Thu Jan 19 04:20:10 2017"
[1] "PD9761"                   "Thu Jan 19 04:20:13 2017"
[1] "PD9842"                   "Thu Jan 19 04:20:16 2017"
[1] "PD9843"                   "Thu Jan 19 04:20:18 2017"
[1] "PD9844"                   "Thu Jan 19 04:20:21 2017"
[1] "PD9845"                   "Thu Jan 19 04:20:23 2017"
[1] "PD9847"                   "Thu Jan 19 04:20:25 2017"
[1] "Thu Jan 19 04:20:28 2017"
