[1] "Quadratic programming"
[1] "Wed Jan 18 21:41:35 2017"
[1] "Wed Jan 18 21:41:35 2017"
[1] "deconstructSigs"
[1] "Wed Jan 18 21:41:35 2017"
[1] "Wed Jan 18 21:48:32 2017"
[1] "NMF - read and process data"
[1] "Wed Jan 18 21:48:32 2017"
[1] "Wed Jan 18 21:48:32 2017"
[1] "Simulated annealing - long run"
[1] "Wed Jan 18 21:48:32 2017"
[1] "All"                      "Wed Jan 18 21:48:32 2017"
[1] "PD10010"                  "Wed Jan 18 21:48:41 2017"
[1] "PD10011"                  "Wed Jan 18 21:48:48 2017"
[1] "PD10014"                  "Wed Jan 18 21:48:55 2017"
[1] "PD11326"                  "Wed Jan 18 21:49:03 2017"
[1] "PD11327"                  "Wed Jan 18 21:49:12 2017"
[1] "PD11336"                  "Wed Jan 18 21:49:21 2017"
[1] "PD11337"                  "Wed Jan 18 21:49:29 2017"
[1] "PD11338"                  "Wed Jan 18 21:49:35 2017"
[1] "PD11339"                  "Wed Jan 18 21:49:42 2017"
[1] "PD11340"                  "Wed Jan 18 21:49:48 2017"
[1] "PD11341"                  "Wed Jan 18 21:49:56 2017"
[1] "PD11342"                  "Wed Jan 18 21:50:02 2017"
[1] "PD11343"                  "Wed Jan 18 21:50:09 2017"
[1] "PD11344"                  "Wed Jan 18 21:50:17 2017"
[1] "PD11345"                  "Wed Jan 18 21:50:25 2017"
[1] "PD11346"                  "Wed Jan 18 21:50:32 2017"
[1] "PD11347"                  "Wed Jan 18 21:50:40 2017"
[1] "PD11348"                  "Wed Jan 18 21:50:46 2017"
[1] "PD11349"                  "Wed Jan 18 21:50:54 2017"
[1] "PD11352"                  "Wed Jan 18 21:51:02 2017"
[1] "PD11355"                  "Wed Jan 18 21:51:08 2017"
[1] "PD11357"                  "Wed Jan 18 21:51:15 2017"
[1] "PD11358"                  "Wed Jan 18 21:51:21 2017"
[1] "PD11359"                  "Wed Jan 18 21:51:28 2017"
[1] "PD11360"                  "Wed Jan 18 21:51:35 2017"
[1] "PD11361"                  "Wed Jan 18 21:51:42 2017"
[1] "PD11364"                  "Wed Jan 18 21:51:49 2017"
[1] "PD11365"                  "Wed Jan 18 21:51:55 2017"
[1] "PD11366"                  "Wed Jan 18 21:52:00 2017"
[1] "PD11367"                  "Wed Jan 18 21:52:06 2017"
[1] "PD11368"                  "Wed Jan 18 21:52:13 2017"
[1] "PD11369"                  "Wed Jan 18 21:52:20 2017"
[1] "PD11370"                  "Wed Jan 18 21:52:27 2017"
[1] "PD11372"                  "Wed Jan 18 21:52:34 2017"
[1] "PD11374"                  "Wed Jan 18 21:52:43 2017"
[1] "PD11375"                  "Wed Jan 18 21:52:51 2017"
[1] "PD11376"                  "Wed Jan 18 21:52:56 2017"
[1] "PD11379"                  "Wed Jan 18 21:53:03 2017"
[1] "PD11380"                  "Wed Jan 18 21:53:12 2017"
[1] "PD11381"                  "Wed Jan 18 21:53:20 2017"
[1] "PD11383"                  "Wed Jan 18 21:53:27 2017"
[1] "PD11384"                  "Wed Jan 18 21:53:34 2017"
[1] "PD11385"                  "Wed Jan 18 21:53:41 2017"
[1] "PD11386"                  "Wed Jan 18 21:53:48 2017"
[1] "PD11388"                  "Wed Jan 18 21:53:55 2017"
[1] "PD11389"                  "Wed Jan 18 21:54:03 2017"
[1] "PD11391"                  "Wed Jan 18 21:54:09 2017"
[1] "PD11393"                  "Wed Jan 18 21:54:15 2017"
[1] "PD11394"                  "Wed Jan 18 21:54:22 2017"
[1] "PD11395"                  "Wed Jan 18 21:54:30 2017"
[1] "PD11396"                  "Wed Jan 18 21:54:38 2017"
[1] "PD11397"                  "Wed Jan 18 21:54:45 2017"
[1] "PD11398"                  "Wed Jan 18 21:54:53 2017"
[1] "PD11399"                  "Wed Jan 18 21:54:59 2017"
[1] "PD11402"                  "Wed Jan 18 21:55:06 2017"
[1] "PD11462"                  "Wed Jan 18 21:55:12 2017"
[1] "PD11464"                  "Wed Jan 18 21:55:19 2017"
[1] "PD11465"                  "Wed Jan 18 21:55:27 2017"
[1] "PD11740"                  "Wed Jan 18 21:55:36 2017"
[1] "PD11741"                  "Wed Jan 18 21:55:42 2017"
[1] "PD11742"                  "Wed Jan 18 21:55:49 2017"
[1] "PD11743"                  "Wed Jan 18 21:55:57 2017"
[1] "PD11744"                  "Wed Jan 18 21:56:05 2017"
[1] "PD11745"                  "Wed Jan 18 21:56:11 2017"
[1] "PD11748"                  "Wed Jan 18 21:56:19 2017"
[1] "PD11750"                  "Wed Jan 18 21:56:28 2017"
[1] "PD11751"                  "Wed Jan 18 21:56:34 2017"
[1] "PD11752"                  "Wed Jan 18 21:56:42 2017"
[1] "PD11753"                  "Wed Jan 18 21:56:50 2017"
[1] "PD11755"                  "Wed Jan 18 21:56:58 2017"
[1] "PD11756"                  "Wed Jan 18 21:57:06 2017"
[1] "PD11757"                  "Wed Jan 18 21:57:12 2017"
[1] "PD11760"                  "Wed Jan 18 21:57:19 2017"
[1] "PD11761"                  "Wed Jan 18 21:57:25 2017"
[1] "PD11762"                  "Wed Jan 18 21:57:33 2017"
[1] "PD11765"                  "Wed Jan 18 21:57:40 2017"
[1] "PD11766"                  "Wed Jan 18 21:57:47 2017"
[1] "PD11767"                  "Wed Jan 18 21:57:54 2017"
[1] "PD11769"                  "Wed Jan 18 21:58:01 2017"
[1] "PD11816"                  "Wed Jan 18 21:58:09 2017"
[1] "PD11818"                  "Wed Jan 18 21:58:16 2017"
[1] "PD11819"                  "Wed Jan 18 21:58:23 2017"
[1] "PD13162"                  "Wed Jan 18 21:58:30 2017"
[1] "PD13163"                  "Wed Jan 18 21:58:37 2017"
[1] "PD13164"                  "Wed Jan 18 21:58:44 2017"
[1] "PD13165"                  "Wed Jan 18 21:58:52 2017"
[1] "PD13166"                  "Wed Jan 18 21:58:58 2017"
[1] "PD13167"                  "Wed Jan 18 21:59:05 2017"
[1] "PD13168"                  "Wed Jan 18 21:59:12 2017"
[1] "PD13296"                  "Wed Jan 18 21:59:20 2017"
[1] "PD13297"                  "Wed Jan 18 21:59:28 2017"
[1] "PD13298"                  "Wed Jan 18 21:59:34 2017"
[1] "PD13299"                  "Wed Jan 18 21:59:42 2017"
[1] "PD13302"                  "Wed Jan 18 21:59:51 2017"
[1] "PD13304"                  "Wed Jan 18 21:59:58 2017"
[1] "PD13306"                  "Wed Jan 18 22:00:06 2017"
[1] "PD13307"                  "Wed Jan 18 22:00:12 2017"
[1] "PD13310"                  "Wed Jan 18 22:00:22 2017"
[1] "PD13311"                  "Wed Jan 18 22:00:29 2017"
[1] "PD13312"                  "Wed Jan 18 22:00:36 2017"
[1] "PD13416"                  "Wed Jan 18 22:00:43 2017"
[1] "PD13418"                  "Wed Jan 18 22:00:49 2017"
[1] "PD13419"                  "Wed Jan 18 22:00:57 2017"
[1] "PD13420"                  "Wed Jan 18 22:01:03 2017"
[1] "PD13422"                  "Wed Jan 18 22:01:11 2017"
[1] "PD13424"                  "Wed Jan 18 22:01:19 2017"
[1] "PD13425"                  "Wed Jan 18 22:01:27 2017"
[1] "PD13426"                  "Wed Jan 18 22:01:36 2017"
[1] "PD13427"                  "Wed Jan 18 22:01:42 2017"
[1] "PD13428"                  "Wed Jan 18 22:01:48 2017"
[1] "PD13602"                  "Wed Jan 18 22:01:54 2017"
[1] "PD13603"                  "Wed Jan 18 22:02:02 2017"
[1] "PD13604"                  "Wed Jan 18 22:02:10 2017"
[1] "PD13605"                  "Wed Jan 18 22:02:19 2017"
[1] "PD13606"                  "Wed Jan 18 22:02:27 2017"
[1] "PD13607"                  "Wed Jan 18 22:02:34 2017"
[1] "PD13608"                  "Wed Jan 18 22:02:42 2017"
[1] "PD13609"                  "Wed Jan 18 22:02:50 2017"
[1] "PD13618"                  "Wed Jan 18 22:02:58 2017"
[1] "PD13619"                  "Wed Jan 18 22:03:04 2017"
[1] "PD13620"                  "Wed Jan 18 22:03:11 2017"
[1] "PD13622"                  "Wed Jan 18 22:03:19 2017"
[1] "PD13623"                  "Wed Jan 18 22:03:27 2017"
[1] "PD13625"                  "Wed Jan 18 22:03:36 2017"
[1] "PD13626"                  "Wed Jan 18 22:03:43 2017"
[1] "PD13627"                  "Wed Jan 18 22:03:50 2017"
[1] "PD13629"                  "Wed Jan 18 22:03:58 2017"
[1] "PD13630"                  "Wed Jan 18 22:04:06 2017"
[1] "PD13631"                  "Wed Jan 18 22:04:14 2017"
[1] "PD13752"                  "Wed Jan 18 22:04:20 2017"
[1] "PD13753"                  "Wed Jan 18 22:04:27 2017"
[1] "PD13754"                  "Wed Jan 18 22:04:36 2017"
[1] "PD13755"                  "Wed Jan 18 22:04:44 2017"
[1] "PD13756"                  "Wed Jan 18 22:04:50 2017"
[1] "PD13757"                  "Wed Jan 18 22:04:57 2017"
[1] "PD13758"                  "Wed Jan 18 22:05:05 2017"
[1] "PD13760"                  "Wed Jan 18 22:05:12 2017"
[1] "PD13761"                  "Wed Jan 18 22:05:20 2017"
[1] "PD13762"                  "Wed Jan 18 22:05:26 2017"
[1] "PD13763"                  "Wed Jan 18 22:05:33 2017"
[1] "PD13764"                  "Wed Jan 18 22:05:40 2017"
[1] "PD13765"                  "Wed Jan 18 22:05:48 2017"
[1] "PD13766"                  "Wed Jan 18 22:05:55 2017"
[1] "PD13767"                  "Wed Jan 18 22:06:03 2017"
[1] "PD13768"                  "Wed Jan 18 22:06:11 2017"
[1] "PD13770"                  "Wed Jan 18 22:06:17 2017"
[1] "PD13771"                  "Wed Jan 18 22:06:23 2017"
[1] "PD14432"                  "Wed Jan 18 22:06:31 2017"
[1] "PD14433"                  "Wed Jan 18 22:06:38 2017"
[1] "PD14435"                  "Wed Jan 18 22:06:46 2017"
[1] "PD14437"                  "Wed Jan 18 22:06:53 2017"
[1] "PD14439"                  "Wed Jan 18 22:07:00 2017"
[1] "PD14441"                  "Wed Jan 18 22:07:07 2017"
[1] "PD14442"                  "Wed Jan 18 22:07:16 2017"
[1] "PD14450"                  "Wed Jan 18 22:07:22 2017"
[1] "PD14453"                  "Wed Jan 18 22:07:28 2017"
[1] "PD14454"                  "Wed Jan 18 22:07:36 2017"
[1] "PD14456"                  "Wed Jan 18 22:07:43 2017"
[1] "PD14457"                  "Wed Jan 18 22:07:51 2017"
[1] "PD14458"                  "Wed Jan 18 22:07:58 2017"
[1] "PD14459"                  "Wed Jan 18 22:08:05 2017"
[1] "PD14460"                  "Wed Jan 18 22:08:11 2017"
[1] "PD14461"                  "Wed Jan 18 22:08:20 2017"
[1] "PD14462"                  "Wed Jan 18 22:08:27 2017"
[1] "PD14465"                  "Wed Jan 18 22:08:34 2017"
[1] "PD14467"                  "Wed Jan 18 22:08:42 2017"
[1] "PD14468"                  "Wed Jan 18 22:08:50 2017"
[1] "PD14471"                  "Wed Jan 18 22:08:56 2017"
[1] "PD14472"                  "Wed Jan 18 22:09:05 2017"
[1] "PD14473"                  "Wed Jan 18 22:09:11 2017"
[1] "PD17973"                  "Wed Jan 18 22:09:18 2017"
[1] "PD17981"                  "Wed Jan 18 22:09:25 2017"
[1] "PD17991"                  "Wed Jan 18 22:09:31 2017"
[1] "PD17994"                  "Wed Jan 18 22:09:38 2017"
[1] "PD18017"                  "Wed Jan 18 22:09:43 2017"
[1] "PD18020"                  "Wed Jan 18 22:09:49 2017"
[1] "PD18022"                  "Wed Jan 18 22:09:57 2017"
[1] "PD18024"                  "Wed Jan 18 22:10:05 2017"
[1] "PD18031"                  "Wed Jan 18 22:10:13 2017"
[1] "PD18037"                  "Wed Jan 18 22:10:20 2017"
[1] "PD18045"                  "Wed Jan 18 22:10:28 2017"
[1] "PD18046"                  "Wed Jan 18 22:10:37 2017"
[1] "PD18047"                  "Wed Jan 18 22:10:44 2017"
[1] "PD18048"                  "Wed Jan 18 22:10:52 2017"
[1] "PD18049"                  "Wed Jan 18 22:10:59 2017"
[1] "PD18050"                  "Wed Jan 18 22:11:06 2017"
[1] "PD18100"                  "Wed Jan 18 22:11:15 2017"
[1] "PD18101"                  "Wed Jan 18 22:11:21 2017"
[1] "PD18116"                  "Wed Jan 18 22:11:27 2017"
[1] "PD18149"                  "Wed Jan 18 22:11:35 2017"
[1] "PD18188"                  "Wed Jan 18 22:11:43 2017"
[1] "PD18189"                  "Wed Jan 18 22:11:51 2017"
[1] "PD18247"                  "Wed Jan 18 22:11:58 2017"
[1] "PD18251"                  "Wed Jan 18 22:12:05 2017"
[1] "PD18257"                  "Wed Jan 18 22:12:13 2017"
[1] "PD18258"                  "Wed Jan 18 22:12:19 2017"
[1] "PD18259"                  "Wed Jan 18 22:12:27 2017"
[1] "PD18264"                  "Wed Jan 18 22:12:35 2017"
[1] "PD18269"                  "Wed Jan 18 22:12:43 2017"
[1] "PD18728"                  "Wed Jan 18 22:12:48 2017"
[1] "PD18730"                  "Wed Jan 18 22:12:54 2017"
[1] "PD18733"                  "Wed Jan 18 22:13:02 2017"
[1] "PD18734"                  "Wed Jan 18 22:13:08 2017"
[1] "PD18748"                  "Wed Jan 18 22:13:15 2017"
[1] "PD18749"                  "Wed Jan 18 22:13:22 2017"
[1] "PD18751"                  "Wed Jan 18 22:13:31 2017"
[1] "PD18754"                  "Wed Jan 18 22:13:39 2017"
[1] "PD18756"                  "Wed Jan 18 22:13:45 2017"
[1] "PD18768"                  "Wed Jan 18 22:13:51 2017"
[1] "PD18769"                  "Wed Jan 18 22:13:57 2017"
[1] "PD18771"                  "Wed Jan 18 22:14:04 2017"
[1] "PD18775"                  "Wed Jan 18 22:14:10 2017"
[1] "PD18776"                  "Wed Jan 18 22:14:16 2017"
[1] "PD22036"                  "Wed Jan 18 22:14:22 2017"
[1] "PD22251"                  "Wed Jan 18 22:14:28 2017"
[1] "PD22355"                  "Wed Jan 18 22:14:36 2017"
[1] "PD22357"                  "Wed Jan 18 22:14:45 2017"
[1] "PD22358"                  "Wed Jan 18 22:14:54 2017"
[1] "PD22359"                  "Wed Jan 18 22:15:02 2017"
[1] "PD22360"                  "Wed Jan 18 22:15:09 2017"
[1] "PD22361"                  "Wed Jan 18 22:15:16 2017"
[1] "PD22362"                  "Wed Jan 18 22:15:24 2017"
[1] "PD22363"                  "Wed Jan 18 22:15:32 2017"
[1] "PD22364"                  "Wed Jan 18 22:15:40 2017"
[1] "PD22365"                  "Wed Jan 18 22:15:46 2017"
[1] "PD22366"                  "Wed Jan 18 22:15:53 2017"
[1] "PD23550"                  "Wed Jan 18 22:16:01 2017"
[1] "PD23554"                  "Wed Jan 18 22:16:07 2017"
[1] "PD23558"                  "Wed Jan 18 22:16:15 2017"
[1] "PD23559"                  "Wed Jan 18 22:16:24 2017"
[1] "PD23560"                  "Wed Jan 18 22:16:31 2017"
[1] "PD23561"                  "Wed Jan 18 22:16:39 2017"
[1] "PD23562"                  "Wed Jan 18 22:16:46 2017"
[1] "PD23563"                  "Wed Jan 18 22:16:54 2017"
[1] "PD23564"                  "Wed Jan 18 22:17:04 2017"
[1] "PD23565"                  "Wed Jan 18 22:17:08 2017"
[1] "PD23566"                  "Wed Jan 18 22:17:15 2017"
[1] "PD23567"                  "Wed Jan 18 22:17:23 2017"
[1] "PD23569"                  "Wed Jan 18 22:17:32 2017"
[1] "PD23570"                  "Wed Jan 18 22:17:40 2017"
[1] "PD23574"                  "Wed Jan 18 22:17:46 2017"
[1] "PD23577"                  "Wed Jan 18 22:17:54 2017"
[1] "PD23578"                  "Wed Jan 18 22:18:01 2017"
[1] "PD23579"                  "Wed Jan 18 22:18:10 2017"
[1] "PD24182"                  "Wed Jan 18 22:18:15 2017"
[1] "PD24186"                  "Wed Jan 18 22:18:22 2017"
[1] "PD24189"                  "Wed Jan 18 22:18:30 2017"
[1] "PD24190"                  "Wed Jan 18 22:18:34 2017"
[1] "PD24191"                  "Wed Jan 18 22:18:41 2017"
[1] "PD24192"                  "Wed Jan 18 22:18:50 2017"
[1] "PD24193"                  "Wed Jan 18 22:18:57 2017"
[1] "PD24194"                  "Wed Jan 18 22:19:05 2017"
[1] "PD24195"                  "Wed Jan 18 22:19:13 2017"
[1] "PD24196"                  "Wed Jan 18 22:19:20 2017"
[1] "PD24197"                  "Wed Jan 18 22:19:27 2017"
[1] "PD24199"                  "Wed Jan 18 22:19:34 2017"
[1] "PD24200"                  "Wed Jan 18 22:19:41 2017"
[1] "PD24201"                  "Wed Jan 18 22:19:47 2017"
[1] "PD24202"                  "Wed Jan 18 22:19:55 2017"
[1] "PD24204"                  "Wed Jan 18 22:20:03 2017"
[1] "PD24205"                  "Wed Jan 18 22:20:09 2017"
[1] "PD24206"                  "Wed Jan 18 22:20:18 2017"
[1] "PD24207"                  "Wed Jan 18 22:20:24 2017"
[1] "PD24208"                  "Wed Jan 18 22:20:31 2017"
[1] "PD24209"                  "Wed Jan 18 22:20:37 2017"
[1] "PD24212"                  "Wed Jan 18 22:20:46 2017"
[1] "PD24214"                  "Wed Jan 18 22:20:55 2017"
[1] "PD24215"                  "Wed Jan 18 22:21:02 2017"
[1] "PD24216"                  "Wed Jan 18 22:21:09 2017"
[1] "PD24217"                  "Wed Jan 18 22:21:14 2017"
[1] "PD24218"                  "Wed Jan 18 22:21:22 2017"
[1] "PD24219"                  "Wed Jan 18 22:21:28 2017"
[1] "PD24220"                  "Wed Jan 18 22:21:36 2017"
[1] "PD24221"                  "Wed Jan 18 22:21:43 2017"
[1] "PD24223"                  "Wed Jan 18 22:21:51 2017"
[1] "PD24224"                  "Wed Jan 18 22:21:58 2017"
[1] "PD24225"                  "Wed Jan 18 22:22:06 2017"
[1] "PD24302"                  "Wed Jan 18 22:22:13 2017"
[1] "PD24303"                  "Wed Jan 18 22:22:18 2017"
[1] "PD24304"                  "Wed Jan 18 22:22:25 2017"
[1] "PD24306"                  "Wed Jan 18 22:22:34 2017"
[1] "PD24307"                  "Wed Jan 18 22:22:42 2017"
[1] "PD24308"                  "Wed Jan 18 22:22:48 2017"
[1] "PD24314"                  "Wed Jan 18 22:22:56 2017"
[1] "PD24318"                  "Wed Jan 18 22:23:03 2017"
[1] "PD24320"                  "Wed Jan 18 22:23:09 2017"
[1] "PD24322"                  "Wed Jan 18 22:23:14 2017"
[1] "PD24325"                  "Wed Jan 18 22:23:20 2017"
[1] "PD24326"                  "Wed Jan 18 22:23:28 2017"
[1] "PD24327"                  "Wed Jan 18 22:23:35 2017"
[1] "PD24329"                  "Wed Jan 18 22:23:43 2017"
[1] "PD24332"                  "Wed Jan 18 22:23:50 2017"
[1] "PD24333"                  "Wed Jan 18 22:23:57 2017"
[1] "PD24335"                  "Wed Jan 18 22:24:00 2017"
[1] "PD24336"                  "Wed Jan 18 22:24:08 2017"
[1] "PD24337"                  "Wed Jan 18 22:24:14 2017"
[1] "PD3851"                   "Wed Jan 18 22:24:23 2017"
[1] "PD3890"                   "Wed Jan 18 22:24:31 2017"
[1] "PD3904"                   "Wed Jan 18 22:24:38 2017"
[1] "PD3905"                   "Wed Jan 18 22:24:46 2017"
[1] "PD3945"                   "Wed Jan 18 22:24:55 2017"
[1] "PD3989"                   "Wed Jan 18 22:25:03 2017"
[1] "PD4005"                   "Wed Jan 18 22:25:10 2017"
[1] "PD4006"                   "Wed Jan 18 22:25:17 2017"
[1] "PD4069"                   "Wed Jan 18 22:25:25 2017"
[1] "PD4072"                   "Wed Jan 18 22:25:32 2017"
[1] "PD4076"                   "Wed Jan 18 22:25:37 2017"
[1] "PD4085"                   "Wed Jan 18 22:25:43 2017"
[1] "PD4086"                   "Wed Jan 18 22:25:50 2017"
[1] "PD4088"                   "Wed Jan 18 22:25:58 2017"
[1] "PD4103"                   "Wed Jan 18 22:26:05 2017"
[1] "PD4107"                   "Wed Jan 18 22:26:13 2017"
[1] "PD4109"                   "Wed Jan 18 22:26:21 2017"
[1] "PD4115"                   "Wed Jan 18 22:26:28 2017"
[1] "PD4116"                   "Wed Jan 18 22:26:37 2017"
[1] "PD4192"                   "Wed Jan 18 22:26:46 2017"
[1] "PD4194"                   "Wed Jan 18 22:26:52 2017"
[1] "PD4198"                   "Wed Jan 18 22:26:59 2017"
[1] "PD4199"                   "Wed Jan 18 22:27:06 2017"
[1] "PD4225"                   "Wed Jan 18 22:27:15 2017"
[1] "PD4248"                   "Wed Jan 18 22:27:22 2017"
[1] "PD4252"                   "Wed Jan 18 22:27:30 2017"
[1] "PD4255"                   "Wed Jan 18 22:27:38 2017"
[1] "PD4261"                   "Wed Jan 18 22:27:45 2017"
[1] "PD4264"                   "Wed Jan 18 22:27:50 2017"
[1] "PD4266"                   "Wed Jan 18 22:27:56 2017"
[1] "PD4267"                   "Wed Jan 18 22:28:03 2017"
[1] "PD4315"                   "Wed Jan 18 22:28:10 2017"
[1] "PD4604"                   "Wed Jan 18 22:28:17 2017"
[1] "PD4605"                   "Wed Jan 18 22:28:27 2017"
[1] "PD4606"                   "Wed Jan 18 22:28:34 2017"
[1] "PD4607"                   "Wed Jan 18 22:28:42 2017"
[1] "PD4613"                   "Wed Jan 18 22:28:48 2017"
[1] "PD4826"                   "Wed Jan 18 22:28:55 2017"
[1] "PD4833"                   "Wed Jan 18 22:29:01 2017"
[1] "PD4836"                   "Wed Jan 18 22:29:09 2017"
[1] "PD4841"                   "Wed Jan 18 22:29:17 2017"
[1] "PD4844"                   "Wed Jan 18 22:29:25 2017"
[1] "PD4845"                   "Wed Jan 18 22:29:33 2017"
[1] "PD4847"                   "Wed Jan 18 22:29:39 2017"
[1] "PD4872"                   "Wed Jan 18 22:29:46 2017"
[1] "PD4874"                   "Wed Jan 18 22:29:54 2017"
[1] "PD4875"                   "Wed Jan 18 22:30:03 2017"
[1] "PD4876"                   "Wed Jan 18 22:30:11 2017"
[1] "PD4951"                   "Wed Jan 18 22:30:18 2017"
[1] "PD4952"                   "Wed Jan 18 22:30:27 2017"
[1] "PD4953"                   "Wed Jan 18 22:30:36 2017"
[1] "PD4954"                   "Wed Jan 18 22:30:43 2017"
[1] "PD4955"                   "Wed Jan 18 22:30:52 2017"
[1] "PD4956"                   "Wed Jan 18 22:31:01 2017"
[1] "PD4957"                   "Wed Jan 18 22:31:08 2017"
[1] "PD4958"                   "Wed Jan 18 22:31:16 2017"
[1] "PD4959"                   "Wed Jan 18 22:31:24 2017"
[1] "PD4962"                   "Wed Jan 18 22:31:33 2017"
[1] "PD4965"                   "Wed Jan 18 22:31:42 2017"
[1] "PD4967"                   "Wed Jan 18 22:31:50 2017"
[1] "PD4968"                   "Wed Jan 18 22:31:57 2017"
[1] "PD4969"                   "Wed Jan 18 22:32:03 2017"
[1] "PD4970"                   "Wed Jan 18 22:32:09 2017"
[1] "PD4971"                   "Wed Jan 18 22:32:17 2017"
[1] "PD4972"                   "Wed Jan 18 22:32:24 2017"
[1] "PD4975"                   "Wed Jan 18 22:32:31 2017"
[1] "PD4976"                   "Wed Jan 18 22:32:38 2017"
[1] "PD4977"                   "Wed Jan 18 22:32:46 2017"
[1] "PD4978"                   "Wed Jan 18 22:32:53 2017"
[1] "PD4980"                   "Wed Jan 18 22:33:00 2017"
[1] "PD4981"                   "Wed Jan 18 22:33:08 2017"
[1] "PD4982"                   "Wed Jan 18 22:33:14 2017"
[1] "PD4983"                   "Wed Jan 18 22:33:21 2017"
[1] "PD4985"                   "Wed Jan 18 22:33:27 2017"
[1] "PD4986"                   "Wed Jan 18 22:33:35 2017"
[1] "PD5925"                   "Wed Jan 18 22:33:42 2017"
[1] "PD5928"                   "Wed Jan 18 22:33:50 2017"
[1] "PD5930"                   "Wed Jan 18 22:33:59 2017"
[1] "PD5932"                   "Wed Jan 18 22:34:06 2017"
[1] "PD5934"                   "Wed Jan 18 22:34:13 2017"
[1] "PD5935"                   "Wed Jan 18 22:34:22 2017"
[1] "PD5936"                   "Wed Jan 18 22:34:29 2017"
[1] "PD5937"                   "Wed Jan 18 22:34:35 2017"
[1] "PD5942"                   "Wed Jan 18 22:34:41 2017"
[1] "PD5944"                   "Wed Jan 18 22:34:48 2017"
[1] "PD5945"                   "Wed Jan 18 22:34:57 2017"
[1] "PD5946"                   "Wed Jan 18 22:35:05 2017"
[1] "PD5947"                   "Wed Jan 18 22:35:13 2017"
[1] "PD5948"                   "Wed Jan 18 22:35:20 2017"
[1] "PD5950"                   "Wed Jan 18 22:35:27 2017"
[1] "PD5951"                   "Wed Jan 18 22:35:33 2017"
[1] "PD5953"                   "Wed Jan 18 22:35:41 2017"
[1] "PD5956"                   "Wed Jan 18 22:35:49 2017"
[1] "PD5959"                   "Wed Jan 18 22:35:55 2017"
[1] "PD5960"                   "Wed Jan 18 22:36:01 2017"
[1] "PD5961"                   "Wed Jan 18 22:36:10 2017"
[1] "PD5964"                   "Wed Jan 18 22:36:17 2017"
[1] "PD6016"                   "Wed Jan 18 22:36:25 2017"
[1] "PD6041"                   "Wed Jan 18 22:36:33 2017"
[1] "PD6042"                   "Wed Jan 18 22:36:39 2017"
[1] "PD6043"                   "Wed Jan 18 22:36:46 2017"
[1] "PD6044"                   "Wed Jan 18 22:36:55 2017"
[1] "PD6045"                   "Wed Jan 18 22:37:01 2017"
[1] "PD6046"                   "Wed Jan 18 22:37:08 2017"
[1] "PD6047"                   "Wed Jan 18 22:37:16 2017"
[1] "PD6048"                   "Wed Jan 18 22:37:25 2017"
[1] "PD6404"                   "Wed Jan 18 22:37:32 2017"
[1] "PD6405"                   "Wed Jan 18 22:37:39 2017"
[1] "PD6406"                   "Wed Jan 18 22:37:49 2017"
[1] "PD6409"                   "Wed Jan 18 22:37:57 2017"
[1] "PD6410"                   "Wed Jan 18 22:38:04 2017"
[1] "PD6411"                   "Wed Jan 18 22:38:10 2017"
[1] "PD6412"                   "Wed Jan 18 22:38:17 2017"
[1] "PD6413"                   "Wed Jan 18 22:38:24 2017"
[1] "PD6414"                   "Wed Jan 18 22:38:33 2017"
[1] "PD6415"                   "Wed Jan 18 22:38:39 2017"
[1] "PD6416"                   "Wed Jan 18 22:38:47 2017"
[1] "PD6417"                   "Wed Jan 18 22:38:54 2017"
[1] "PD6418"                   "Wed Jan 18 22:39:01 2017"
[1] "PD6422"                   "Wed Jan 18 22:39:08 2017"
[1] "PD6466"                   "Wed Jan 18 22:39:15 2017"
[1] "PD6684"                   "Wed Jan 18 22:39:22 2017"
[1] "PD6711"                   "Wed Jan 18 22:39:28 2017"
[1] "PD6719"                   "Wed Jan 18 22:39:35 2017"
[1] "PD6720"                   "Wed Jan 18 22:39:43 2017"
[1] "PD6721"                   "Wed Jan 18 22:39:51 2017"
[1] "PD6722"                   "Wed Jan 18 22:39:57 2017"
[1] "PD6727"                   "Wed Jan 18 22:40:06 2017"
[1] "PD6728"                   "Wed Jan 18 22:40:12 2017"
[1] "PD6729"                   "Wed Jan 18 22:40:20 2017"
[1] "PD6730"                   "Wed Jan 18 22:40:26 2017"
[1] "PD6731"                   "Wed Jan 18 22:40:35 2017"
[1] "PD6732"                   "Wed Jan 18 22:40:44 2017"
[1] "PD6733"                   "Wed Jan 18 22:40:51 2017"
[1] "PD7066"                   "Wed Jan 18 22:40:59 2017"
[1] "PD7067"                   "Wed Jan 18 22:41:05 2017"
[1] "PD7069"                   "Wed Jan 18 22:41:12 2017"
[1] "PD7199"                   "Wed Jan 18 22:41:20 2017"
[1] "PD7201"                   "Wed Jan 18 22:41:27 2017"
[1] "PD7202"                   "Wed Jan 18 22:41:34 2017"
[1] "PD7203"                   "Wed Jan 18 22:41:42 2017"
[1] "PD7204"                   "Wed Jan 18 22:41:50 2017"
[1] "PD7205"                   "Wed Jan 18 22:41:57 2017"
[1] "PD7206"                   "Wed Jan 18 22:42:05 2017"
[1] "PD7207"                   "Wed Jan 18 22:42:13 2017"
[1] "PD7209"                   "Wed Jan 18 22:42:19 2017"
[1] "PD7210"                   "Wed Jan 18 22:42:25 2017"
[1] "PD7211"                   "Wed Jan 18 22:42:31 2017"
[1] "PD7214"                   "Wed Jan 18 22:42:39 2017"
[1] "PD7215"                   "Wed Jan 18 22:42:46 2017"
[1] "PD7217"                   "Wed Jan 18 22:42:55 2017"
[1] "PD7218"                   "Wed Jan 18 22:43:02 2017"
[1] "PD7219"                   "Wed Jan 18 22:43:08 2017"
[1] "PD7220"                   "Wed Jan 18 22:43:16 2017"
[1] "PD7221"                   "Wed Jan 18 22:43:24 2017"
[1] "PD7238"                   "Wed Jan 18 22:43:31 2017"
[1] "PD7240"                   "Wed Jan 18 22:43:36 2017"
[1] "PD7243"                   "Wed Jan 18 22:43:43 2017"
[1] "PD7248"                   "Wed Jan 18 22:43:51 2017"
[1] "PD7249"                   "Wed Jan 18 22:43:58 2017"
[1] "PD7250"                   "Wed Jan 18 22:44:05 2017"
[1] "PD7304"                   "Wed Jan 18 22:44:13 2017"
[1] "PD7305"                   "Wed Jan 18 22:44:20 2017"
[1] "PD7306"                   "Wed Jan 18 22:44:28 2017"
[1] "PD7307"                   "Wed Jan 18 22:44:35 2017"
[1] "PD7316"                   "Wed Jan 18 22:44:44 2017"
[1] "PD7321"                   "Wed Jan 18 22:44:52 2017"
[1] "PD7322"                   "Wed Jan 18 22:45:00 2017"
[1] "PD7341"                   "Wed Jan 18 22:45:06 2017"
[1] "PD7344"                   "Wed Jan 18 22:45:13 2017"
[1] "PD7426"                   "Wed Jan 18 22:45:19 2017"
[1] "PD7428"                   "Wed Jan 18 22:45:27 2017"
[1] "PD8609"                   "Wed Jan 18 22:45:34 2017"
[1] "PD8610"                   "Wed Jan 18 22:45:43 2017"
[1] "PD8611"                   "Wed Jan 18 22:45:51 2017"
[1] "PD8612"                   "Wed Jan 18 22:45:57 2017"
[1] "PD8614"                   "Wed Jan 18 22:46:05 2017"
[1] "PD8615"                   "Wed Jan 18 22:46:13 2017"
[1] "PD8617"                   "Wed Jan 18 22:46:21 2017"
[1] "PD8618"                   "Wed Jan 18 22:46:27 2017"
[1] "PD8619"                   "Wed Jan 18 22:46:33 2017"
[1] "PD8620"                   "Wed Jan 18 22:46:40 2017"
[1] "PD8621"                   "Wed Jan 18 22:46:48 2017"
[1] "PD8622"                   "Wed Jan 18 22:46:56 2017"
[1] "PD8623"                   "Wed Jan 18 22:47:03 2017"
[1] "PD8652"                   "Wed Jan 18 22:47:10 2017"
[1] "PD8660"                   "Wed Jan 18 22:47:17 2017"
[1] "PD8828"                   "Wed Jan 18 22:47:23 2017"
[1] "PD8830"                   "Wed Jan 18 22:47:30 2017"
[1] "PD8832"                   "Wed Jan 18 22:47:38 2017"
[1] "PD8964"                   "Wed Jan 18 22:47:45 2017"
[1] "PD8965"                   "Wed Jan 18 22:47:53 2017"
[1] "PD8969"                   "Wed Jan 18 22:48:01 2017"
[1] "PD8973"                   "Wed Jan 18 22:48:09 2017"
[1] "PD8977"                   "Wed Jan 18 22:48:17 2017"
[1] "PD8978"                   "Wed Jan 18 22:48:23 2017"
[1] "PD8979"                   "Wed Jan 18 22:48:30 2017"
[1] "PD8980"                   "Wed Jan 18 22:48:37 2017"
[1] "PD8981"                   "Wed Jan 18 22:48:45 2017"
[1] "PD8982"                   "Wed Jan 18 22:48:52 2017"
[1] "PD8984"                   "Wed Jan 18 22:48:58 2017"
[1] "PD8995"                   "Wed Jan 18 22:49:05 2017"
[1] "PD8996"                   "Wed Jan 18 22:49:13 2017"
[1] "PD8997"                   "Wed Jan 18 22:49:21 2017"
[1] "PD8998"                   "Wed Jan 18 22:49:28 2017"
[1] "PD8999"                   "Wed Jan 18 22:49:36 2017"
[1] "PD9000"                   "Wed Jan 18 22:49:42 2017"
[1] "PD9001"                   "Wed Jan 18 22:49:49 2017"
[1] "PD9002"                   "Wed Jan 18 22:49:56 2017"
[1] "PD9004"                   "Wed Jan 18 22:50:05 2017"
[1] "PD9009"                   "Wed Jan 18 22:50:12 2017"
[1] "PD9063"                   "Wed Jan 18 22:50:21 2017"
[1] "PD9064"                   "Wed Jan 18 22:50:27 2017"
[1] "PD9065"                   "Wed Jan 18 22:50:35 2017"
[1] "PD9067"                   "Wed Jan 18 22:50:41 2017"
[1] "PD9193"                   "Wed Jan 18 22:50:48 2017"
[1] "PD9464"                   "Wed Jan 18 22:50:55 2017"
[1] "PD9467"                   "Wed Jan 18 22:51:02 2017"
[1] "PD9539"                   "Wed Jan 18 22:51:08 2017"
[1] "PD9541"                   "Wed Jan 18 22:51:14 2017"
[1] "PD9544"                   "Wed Jan 18 22:51:22 2017"
[1] "PD9567"                   "Wed Jan 18 22:51:28 2017"
[1] "PD9568"                   "Wed Jan 18 22:51:35 2017"
[1] "PD9569"                   "Wed Jan 18 22:51:42 2017"
[1] "PD9570"                   "Wed Jan 18 22:51:48 2017"
[1] "PD9571"                   "Wed Jan 18 22:51:56 2017"
[1] "PD9572"                   "Wed Jan 18 22:52:02 2017"
[1] "PD9573"                   "Wed Jan 18 22:52:08 2017"
[1] "PD9574"                   "Wed Jan 18 22:52:14 2017"
[1] "PD9575"                   "Wed Jan 18 22:52:22 2017"
[1] "PD9576"                   "Wed Jan 18 22:52:28 2017"
[1] "PD9577"                   "Wed Jan 18 22:52:36 2017"
[1] "PD9578"                   "Wed Jan 18 22:52:44 2017"
[1] "PD9579"                   "Wed Jan 18 22:52:50 2017"
[1] "PD9581"                   "Wed Jan 18 22:52:58 2017"
[1] "PD9582"                   "Wed Jan 18 22:53:03 2017"
[1] "PD9584"                   "Wed Jan 18 22:53:10 2017"
[1] "PD9585"                   "Wed Jan 18 22:53:17 2017"
[1] "PD9589"                   "Wed Jan 18 22:53:25 2017"
[1] "PD9591"                   "Wed Jan 18 22:53:32 2017"
[1] "PD9592"                   "Wed Jan 18 22:53:39 2017"
[1] "PD9593"                   "Wed Jan 18 22:53:46 2017"
[1] "PD9595"                   "Wed Jan 18 22:53:54 2017"
[1] "PD9597"                   "Wed Jan 18 22:54:02 2017"
[1] "PD9599"                   "Wed Jan 18 22:54:08 2017"
[1] "PD9600"                   "Wed Jan 18 22:54:14 2017"
[1] "PD9604"                   "Wed Jan 18 22:54:21 2017"
[1] "PD9605"                   "Wed Jan 18 22:54:27 2017"
[1] "PD9606"                   "Wed Jan 18 22:54:33 2017"
[1] "PD9694"                   "Wed Jan 18 22:54:39 2017"
[1] "PD9696"                   "Wed Jan 18 22:54:46 2017"
[1] "PD9702"                   "Wed Jan 18 22:54:53 2017"
[1] "PD9752"                   "Wed Jan 18 22:55:00 2017"
[1] "PD9754"                   "Wed Jan 18 22:55:07 2017"
[1] "PD9755"                   "Wed Jan 18 22:55:14 2017"
[1] "PD9756"                   "Wed Jan 18 22:55:20 2017"
[1] "PD9759"                   "Wed Jan 18 22:55:28 2017"
[1] "PD9760"                   "Wed Jan 18 22:55:35 2017"
[1] "PD9761"                   "Wed Jan 18 22:55:42 2017"
[1] "PD9842"                   "Wed Jan 18 22:55:49 2017"
[1] "PD9843"                   "Wed Jan 18 22:55:56 2017"
[1] "PD9844"                   "Wed Jan 18 22:56:03 2017"
[1] "PD9845"                   "Wed Jan 18 22:56:10 2017"
[1] "PD9847"                   "Wed Jan 18 22:56:17 2017"
[1] "Wed Jan 18 22:56:25 2017"
[1] "Simulated annealing - testing different errors"
[1] "Wed Jan 18 22:56:25 2017"
[1] "0.001"                    "Wed Jan 18 22:56:25 2017"
[1] "0.01"                     "Wed Jan 18 22:56:38 2017"
[1] "0.05"                     "Wed Jan 18 22:56:48 2017"
[1] "0.1"                      "Wed Jan 18 22:56:53 2017"
null device 
          1 
[1] "Wed Jan 18 22:56:57 2017"
[1] "Simulated annealing with error increase by 1.01 fold"
[1] "Wed Jan 18 22:56:57 2017"
[1] "All"                      "Wed Jan 18 22:56:57 2017"
[1] "PD10010"                  "Wed Jan 18 22:56:58 2017"
[1] "PD10011"                  "Wed Jan 18 22:56:59 2017"
[1] "PD10014"                  "Wed Jan 18 22:57:00 2017"
[1] "PD11326"                  "Wed Jan 18 22:57:01 2017"
[1] "PD11327"                  "Wed Jan 18 22:57:02 2017"
[1] "PD11336"                  "Wed Jan 18 22:57:03 2017"
[1] "PD11337"                  "Wed Jan 18 22:57:03 2017"
[1] "PD11338"                  "Wed Jan 18 22:57:04 2017"
[1] "PD11339"                  "Wed Jan 18 22:57:05 2017"
[1] "PD11340"                  "Wed Jan 18 22:57:05 2017"
[1] "PD11341"                  "Wed Jan 18 22:57:06 2017"
[1] "PD11342"                  "Wed Jan 18 22:57:06 2017"
[1] "PD11343"                  "Wed Jan 18 22:57:07 2017"
[1] "PD11344"                  "Wed Jan 18 22:57:08 2017"
[1] "PD11345"                  "Wed Jan 18 22:57:09 2017"
[1] "PD11346"                  "Wed Jan 18 22:57:10 2017"
[1] "PD11347"                  "Wed Jan 18 22:57:10 2017"
[1] "PD11348"                  "Wed Jan 18 22:57:11 2017"
[1] "PD11349"                  "Wed Jan 18 22:57:12 2017"
[1] "PD11352"                  "Wed Jan 18 22:57:13 2017"
[1] "PD11355"                  "Wed Jan 18 22:57:13 2017"
[1] "PD11357"                  "Wed Jan 18 22:57:14 2017"
[1] "PD11358"                  "Wed Jan 18 22:57:15 2017"
[1] "PD11359"                  "Wed Jan 18 22:57:16 2017"
[1] "PD11360"                  "Wed Jan 18 22:57:17 2017"
[1] "PD11361"                  "Wed Jan 18 22:57:17 2017"
[1] "PD11364"                  "Wed Jan 18 22:57:18 2017"
[1] "PD11365"                  "Wed Jan 18 22:57:19 2017"
[1] "PD11366"                  "Wed Jan 18 22:57:19 2017"
[1] "PD11367"                  "Wed Jan 18 22:57:20 2017"
[1] "PD11368"                  "Wed Jan 18 22:57:21 2017"
[1] "PD11369"                  "Wed Jan 18 22:57:21 2017"
[1] "PD11370"                  "Wed Jan 18 22:57:22 2017"
[1] "PD11372"                  "Wed Jan 18 22:57:23 2017"
[1] "PD11374"                  "Wed Jan 18 22:57:23 2017"
[1] "PD11375"                  "Wed Jan 18 22:57:24 2017"
[1] "PD11376"                  "Wed Jan 18 22:57:25 2017"
[1] "PD11379"                  "Wed Jan 18 22:57:25 2017"
[1] "PD11380"                  "Wed Jan 18 22:57:26 2017"
[1] "PD11381"                  "Wed Jan 18 22:57:27 2017"
[1] "PD11383"                  "Wed Jan 18 22:57:28 2017"
[1] "PD11384"                  "Wed Jan 18 22:57:29 2017"
[1] "PD11385"                  "Wed Jan 18 22:57:29 2017"
[1] "PD11386"                  "Wed Jan 18 22:57:30 2017"
[1] "PD11388"                  "Wed Jan 18 22:57:31 2017"
[1] "PD11389"                  "Wed Jan 18 22:57:31 2017"
[1] "PD11391"                  "Wed Jan 18 22:57:32 2017"
[1] "PD11393"                  "Wed Jan 18 22:57:33 2017"
[1] "PD11394"                  "Wed Jan 18 22:57:34 2017"
[1] "PD11395"                  "Wed Jan 18 22:57:34 2017"
[1] "PD11396"                  "Wed Jan 18 22:57:35 2017"
[1] "PD11397"                  "Wed Jan 18 22:57:36 2017"
[1] "PD11398"                  "Wed Jan 18 22:57:37 2017"
[1] "PD11399"                  "Wed Jan 18 22:57:37 2017"
[1] "PD11402"                  "Wed Jan 18 22:57:38 2017"
[1] "PD11462"                  "Wed Jan 18 22:57:39 2017"
[1] "PD11464"                  "Wed Jan 18 22:57:40 2017"
[1] "PD11465"                  "Wed Jan 18 22:57:41 2017"
[1] "PD11740"                  "Wed Jan 18 22:57:42 2017"
[1] "PD11741"                  "Wed Jan 18 22:57:43 2017"
[1] "PD11742"                  "Wed Jan 18 22:57:43 2017"
[1] "PD11743"                  "Wed Jan 18 22:57:44 2017"
[1] "PD11744"                  "Wed Jan 18 22:57:45 2017"
[1] "PD11745"                  "Wed Jan 18 22:57:46 2017"
[1] "PD11748"                  "Wed Jan 18 22:57:46 2017"
[1] "PD11750"                  "Wed Jan 18 22:57:48 2017"
[1] "PD11751"                  "Wed Jan 18 22:57:49 2017"
[1] "PD11752"                  "Wed Jan 18 22:57:50 2017"
[1] "PD11753"                  "Wed Jan 18 22:57:50 2017"
[1] "PD11755"                  "Wed Jan 18 22:57:51 2017"
[1] "PD11756"                  "Wed Jan 18 22:57:52 2017"
[1] "PD11757"                  "Wed Jan 18 22:57:53 2017"
[1] "PD11760"                  "Wed Jan 18 22:57:54 2017"
[1] "PD11761"                  "Wed Jan 18 22:57:54 2017"
[1] "PD11762"                  "Wed Jan 18 22:57:55 2017"
[1] "PD11765"                  "Wed Jan 18 22:57:56 2017"
[1] "PD11766"                  "Wed Jan 18 22:57:57 2017"
[1] "PD11767"                  "Wed Jan 18 22:57:58 2017"
[1] "PD11769"                  "Wed Jan 18 22:57:58 2017"
[1] "PD11816"                  "Wed Jan 18 22:57:59 2017"
[1] "PD11818"                  "Wed Jan 18 22:58:00 2017"
[1] "PD11819"                  "Wed Jan 18 22:58:01 2017"
[1] "PD13162"                  "Wed Jan 18 22:58:01 2017"
[1] "PD13163"                  "Wed Jan 18 22:58:02 2017"
[1] "PD13164"                  "Wed Jan 18 22:58:03 2017"
[1] "PD13165"                  "Wed Jan 18 22:58:04 2017"
[1] "PD13166"                  "Wed Jan 18 22:58:04 2017"
[1] "PD13167"                  "Wed Jan 18 22:58:05 2017"
[1] "PD13168"                  "Wed Jan 18 22:58:06 2017"
[1] "PD13296"                  "Wed Jan 18 22:58:06 2017"
[1] "PD13297"                  "Wed Jan 18 22:58:07 2017"
[1] "PD13298"                  "Wed Jan 18 22:58:08 2017"
[1] "PD13299"                  "Wed Jan 18 22:58:09 2017"
[1] "PD13302"                  "Wed Jan 18 22:58:09 2017"
[1] "PD13304"                  "Wed Jan 18 22:58:10 2017"
[1] "PD13306"                  "Wed Jan 18 22:58:11 2017"
[1] "PD13307"                  "Wed Jan 18 22:58:12 2017"
[1] "PD13310"                  "Wed Jan 18 22:58:12 2017"
[1] "PD13311"                  "Wed Jan 18 22:58:13 2017"
[1] "PD13312"                  "Wed Jan 18 22:58:14 2017"
[1] "PD13416"                  "Wed Jan 18 22:58:15 2017"
[1] "PD13418"                  "Wed Jan 18 22:58:16 2017"
[1] "PD13419"                  "Wed Jan 18 22:58:16 2017"
[1] "PD13420"                  "Wed Jan 18 22:58:17 2017"
[1] "PD13422"                  "Wed Jan 18 22:58:18 2017"
[1] "PD13424"                  "Wed Jan 18 22:58:18 2017"
[1] "PD13425"                  "Wed Jan 18 22:58:19 2017"
[1] "PD13426"                  "Wed Jan 18 22:58:20 2017"
[1] "PD13427"                  "Wed Jan 18 22:58:21 2017"
[1] "PD13428"                  "Wed Jan 18 22:58:22 2017"
[1] "PD13602"                  "Wed Jan 18 22:58:23 2017"
[1] "PD13603"                  "Wed Jan 18 22:58:24 2017"
[1] "PD13604"                  "Wed Jan 18 22:58:25 2017"
[1] "PD13605"                  "Wed Jan 18 22:58:25 2017"
[1] "PD13606"                  "Wed Jan 18 22:58:26 2017"
[1] "PD13607"                  "Wed Jan 18 22:58:27 2017"
[1] "PD13608"                  "Wed Jan 18 22:58:27 2017"
[1] "PD13609"                  "Wed Jan 18 22:58:28 2017"
[1] "PD13618"                  "Wed Jan 18 22:58:29 2017"
[1] "PD13619"                  "Wed Jan 18 22:58:30 2017"
[1] "PD13620"                  "Wed Jan 18 22:58:31 2017"
[1] "PD13622"                  "Wed Jan 18 22:58:31 2017"
[1] "PD13623"                  "Wed Jan 18 22:58:32 2017"
[1] "PD13625"                  "Wed Jan 18 22:58:33 2017"
[1] "PD13626"                  "Wed Jan 18 22:58:34 2017"
[1] "PD13627"                  "Wed Jan 18 22:58:34 2017"
[1] "PD13629"                  "Wed Jan 18 22:58:35 2017"
[1] "PD13630"                  "Wed Jan 18 22:58:36 2017"
[1] "PD13631"                  "Wed Jan 18 22:58:36 2017"
[1] "PD13752"                  "Wed Jan 18 22:58:37 2017"
[1] "PD13753"                  "Wed Jan 18 22:58:38 2017"
[1] "PD13754"                  "Wed Jan 18 22:58:39 2017"
[1] "PD13755"                  "Wed Jan 18 22:58:40 2017"
[1] "PD13756"                  "Wed Jan 18 22:58:41 2017"
[1] "PD13757"                  "Wed Jan 18 22:58:42 2017"
[1] "PD13758"                  "Wed Jan 18 22:58:43 2017"
[1] "PD13760"                  "Wed Jan 18 22:58:44 2017"
[1] "PD13761"                  "Wed Jan 18 22:58:44 2017"
[1] "PD13762"                  "Wed Jan 18 22:58:45 2017"
[1] "PD13763"                  "Wed Jan 18 22:58:46 2017"
[1] "PD13764"                  "Wed Jan 18 22:58:47 2017"
[1] "PD13765"                  "Wed Jan 18 22:58:48 2017"
[1] "PD13766"                  "Wed Jan 18 22:58:48 2017"
[1] "PD13767"                  "Wed Jan 18 22:58:49 2017"
[1] "PD13768"                  "Wed Jan 18 22:58:50 2017"
[1] "PD13770"                  "Wed Jan 18 22:58:51 2017"
[1] "PD13771"                  "Wed Jan 18 22:58:52 2017"
[1] "PD14432"                  "Wed Jan 18 22:58:53 2017"
[1] "PD14433"                  "Wed Jan 18 22:58:54 2017"
[1] "PD14435"                  "Wed Jan 18 22:58:55 2017"
[1] "PD14437"                  "Wed Jan 18 22:58:56 2017"
[1] "PD14439"                  "Wed Jan 18 22:58:56 2017"
[1] "PD14441"                  "Wed Jan 18 22:58:57 2017"
[1] "PD14442"                  "Wed Jan 18 22:58:57 2017"
[1] "PD14450"                  "Wed Jan 18 22:58:58 2017"
[1] "PD14453"                  "Wed Jan 18 22:58:59 2017"
[1] "PD14454"                  "Wed Jan 18 22:59:00 2017"
[1] "PD14456"                  "Wed Jan 18 22:59:01 2017"
[1] "PD14457"                  "Wed Jan 18 22:59:01 2017"
[1] "PD14458"                  "Wed Jan 18 22:59:02 2017"
[1] "PD14459"                  "Wed Jan 18 22:59:03 2017"
[1] "PD14460"                  "Wed Jan 18 22:59:03 2017"
[1] "PD14461"                  "Wed Jan 18 22:59:04 2017"
[1] "PD14462"                  "Wed Jan 18 22:59:05 2017"
[1] "PD14465"                  "Wed Jan 18 22:59:06 2017"
[1] "PD14467"                  "Wed Jan 18 22:59:06 2017"
[1] "PD14468"                  "Wed Jan 18 22:59:07 2017"
[1] "PD14471"                  "Wed Jan 18 22:59:08 2017"
[1] "PD14472"                  "Wed Jan 18 22:59:08 2017"
[1] "PD14473"                  "Wed Jan 18 22:59:09 2017"
[1] "PD17973"                  "Wed Jan 18 22:59:10 2017"
[1] "PD17981"                  "Wed Jan 18 22:59:10 2017"
[1] "PD17991"                  "Wed Jan 18 22:59:11 2017"
[1] "PD17994"                  "Wed Jan 18 22:59:11 2017"
[1] "PD18017"                  "Wed Jan 18 22:59:12 2017"
[1] "PD18020"                  "Wed Jan 18 22:59:13 2017"
[1] "PD18022"                  "Wed Jan 18 22:59:14 2017"
[1] "PD18024"                  "Wed Jan 18 22:59:14 2017"
[1] "PD18031"                  "Wed Jan 18 22:59:15 2017"
[1] "PD18037"                  "Wed Jan 18 22:59:15 2017"
[1] "PD18045"                  "Wed Jan 18 22:59:16 2017"
[1] "PD18046"                  "Wed Jan 18 22:59:17 2017"
[1] "PD18047"                  "Wed Jan 18 22:59:18 2017"
[1] "PD18048"                  "Wed Jan 18 22:59:19 2017"
[1] "PD18049"                  "Wed Jan 18 22:59:20 2017"
[1] "PD18050"                  "Wed Jan 18 22:59:21 2017"
[1] "PD18100"                  "Wed Jan 18 22:59:22 2017"
[1] "PD18101"                  "Wed Jan 18 22:59:23 2017"
[1] "PD18116"                  "Wed Jan 18 22:59:23 2017"
[1] "PD18149"                  "Wed Jan 18 22:59:24 2017"
[1] "PD18188"                  "Wed Jan 18 22:59:25 2017"
[1] "PD18189"                  "Wed Jan 18 22:59:26 2017"
[1] "PD18247"                  "Wed Jan 18 22:59:27 2017"
[1] "PD18251"                  "Wed Jan 18 22:59:28 2017"
[1] "PD18257"                  "Wed Jan 18 22:59:29 2017"
[1] "PD18258"                  "Wed Jan 18 22:59:30 2017"
[1] "PD18259"                  "Wed Jan 18 22:59:30 2017"
[1] "PD18264"                  "Wed Jan 18 22:59:31 2017"
[1] "PD18269"                  "Wed Jan 18 22:59:32 2017"
[1] "PD18728"                  "Wed Jan 18 22:59:33 2017"
[1] "PD18730"                  "Wed Jan 18 22:59:34 2017"
[1] "PD18733"                  "Wed Jan 18 22:59:35 2017"
[1] "PD18734"                  "Wed Jan 18 22:59:36 2017"
[1] "PD18748"                  "Wed Jan 18 22:59:36 2017"
[1] "PD18749"                  "Wed Jan 18 22:59:37 2017"
[1] "PD18751"                  "Wed Jan 18 22:59:38 2017"
[1] "PD18754"                  "Wed Jan 18 22:59:39 2017"
[1] "PD18756"                  "Wed Jan 18 22:59:40 2017"
[1] "PD18768"                  "Wed Jan 18 22:59:41 2017"
[1] "PD18769"                  "Wed Jan 18 22:59:42 2017"
[1] "PD18771"                  "Wed Jan 18 22:59:43 2017"
[1] "PD18775"                  "Wed Jan 18 22:59:44 2017"
[1] "PD18776"                  "Wed Jan 18 22:59:44 2017"
[1] "PD22036"                  "Wed Jan 18 22:59:45 2017"
[1] "PD22251"                  "Wed Jan 18 22:59:46 2017"
[1] "PD22355"                  "Wed Jan 18 22:59:47 2017"
[1] "PD22357"                  "Wed Jan 18 22:59:48 2017"
[1] "PD22358"                  "Wed Jan 18 22:59:49 2017"
[1] "PD22359"                  "Wed Jan 18 22:59:50 2017"
[1] "PD22360"                  "Wed Jan 18 22:59:51 2017"
[1] "PD22361"                  "Wed Jan 18 22:59:52 2017"
[1] "PD22362"                  "Wed Jan 18 22:59:53 2017"
[1] "PD22363"                  "Wed Jan 18 22:59:53 2017"
[1] "PD22364"                  "Wed Jan 18 22:59:54 2017"
[1] "PD22365"                  "Wed Jan 18 22:59:55 2017"
[1] "PD22366"                  "Wed Jan 18 22:59:56 2017"
[1] "PD23550"                  "Wed Jan 18 22:59:57 2017"
[1] "PD23554"                  "Wed Jan 18 22:59:57 2017"
[1] "PD23558"                  "Wed Jan 18 22:59:58 2017"
[1] "PD23559"                  "Wed Jan 18 22:59:59 2017"
[1] "PD23560"                  "Wed Jan 18 23:00:00 2017"
[1] "PD23561"                  "Wed Jan 18 23:00:01 2017"
[1] "PD23562"                  "Wed Jan 18 23:00:02 2017"
[1] "PD23563"                  "Wed Jan 18 23:00:03 2017"
[1] "PD23564"                  "Wed Jan 18 23:00:04 2017"
[1] "PD23565"                  "Wed Jan 18 23:00:04 2017"
[1] "PD23566"                  "Wed Jan 18 23:00:05 2017"
[1] "PD23567"                  "Wed Jan 18 23:00:06 2017"
[1] "PD23569"                  "Wed Jan 18 23:00:07 2017"
[1] "PD23570"                  "Wed Jan 18 23:00:07 2017"
[1] "PD23574"                  "Wed Jan 18 23:00:08 2017"
[1] "PD23577"                  "Wed Jan 18 23:00:09 2017"
[1] "PD23578"                  "Wed Jan 18 23:00:10 2017"
[1] "PD23579"                  "Wed Jan 18 23:00:11 2017"
[1] "PD24182"                  "Wed Jan 18 23:00:11 2017"
[1] "PD24186"                  "Wed Jan 18 23:00:12 2017"
[1] "PD24189"                  "Wed Jan 18 23:00:13 2017"
[1] "PD24190"                  "Wed Jan 18 23:00:13 2017"
[1] "PD24191"                  "Wed Jan 18 23:00:14 2017"
[1] "PD24192"                  "Wed Jan 18 23:00:15 2017"
[1] "PD24193"                  "Wed Jan 18 23:00:16 2017"
[1] "PD24194"                  "Wed Jan 18 23:00:17 2017"
[1] "PD24195"                  "Wed Jan 18 23:00:18 2017"
[1] "PD24196"                  "Wed Jan 18 23:00:19 2017"
[1] "PD24197"                  "Wed Jan 18 23:00:20 2017"
[1] "PD24199"                  "Wed Jan 18 23:00:20 2017"
[1] "PD24200"                  "Wed Jan 18 23:00:21 2017"
[1] "PD24201"                  "Wed Jan 18 23:00:22 2017"
[1] "PD24202"                  "Wed Jan 18 23:00:23 2017"
[1] "PD24204"                  "Wed Jan 18 23:00:24 2017"
[1] "PD24205"                  "Wed Jan 18 23:00:25 2017"
[1] "PD24206"                  "Wed Jan 18 23:00:26 2017"
[1] "PD24207"                  "Wed Jan 18 23:00:27 2017"
[1] "PD24208"                  "Wed Jan 18 23:00:28 2017"
[1] "PD24209"                  "Wed Jan 18 23:00:28 2017"
[1] "PD24212"                  "Wed Jan 18 23:00:29 2017"
[1] "PD24214"                  "Wed Jan 18 23:00:30 2017"
[1] "PD24215"                  "Wed Jan 18 23:00:31 2017"
[1] "PD24216"                  "Wed Jan 18 23:00:31 2017"
[1] "PD24217"                  "Wed Jan 18 23:00:32 2017"
[1] "PD24218"                  "Wed Jan 18 23:00:34 2017"
[1] "PD24219"                  "Wed Jan 18 23:00:35 2017"
[1] "PD24220"                  "Wed Jan 18 23:00:35 2017"
[1] "PD24221"                  "Wed Jan 18 23:00:36 2017"
[1] "PD24223"                  "Wed Jan 18 23:00:37 2017"
[1] "PD24224"                  "Wed Jan 18 23:00:38 2017"
[1] "PD24225"                  "Wed Jan 18 23:00:39 2017"
[1] "PD24302"                  "Wed Jan 18 23:00:39 2017"
[1] "PD24303"                  "Wed Jan 18 23:00:40 2017"
[1] "PD24304"                  "Wed Jan 18 23:00:41 2017"
[1] "PD24306"                  "Wed Jan 18 23:00:42 2017"
[1] "PD24307"                  "Wed Jan 18 23:00:43 2017"
[1] "PD24308"                  "Wed Jan 18 23:00:44 2017"
[1] "PD24314"                  "Wed Jan 18 23:00:45 2017"
[1] "PD24318"                  "Wed Jan 18 23:00:46 2017"
[1] "PD24320"                  "Wed Jan 18 23:00:47 2017"
[1] "PD24322"                  "Wed Jan 18 23:00:48 2017"
[1] "PD24325"                  "Wed Jan 18 23:00:48 2017"
[1] "PD24326"                  "Wed Jan 18 23:00:49 2017"
[1] "PD24327"                  "Wed Jan 18 23:00:50 2017"
[1] "PD24329"                  "Wed Jan 18 23:00:51 2017"
[1] "PD24332"                  "Wed Jan 18 23:00:52 2017"
[1] "PD24333"                  "Wed Jan 18 23:00:52 2017"
[1] "PD24335"                  "Wed Jan 18 23:00:53 2017"
[1] "PD24336"                  "Wed Jan 18 23:00:54 2017"
[1] "PD24337"                  "Wed Jan 18 23:00:55 2017"
[1] "PD3851"                   "Wed Jan 18 23:00:56 2017"
[1] "PD3890"                   "Wed Jan 18 23:00:57 2017"
[1] "PD3904"                   "Wed Jan 18 23:00:58 2017"
[1] "PD3905"                   "Wed Jan 18 23:00:59 2017"
[1] "PD3945"                   "Wed Jan 18 23:01:00 2017"
[1] "PD3989"                   "Wed Jan 18 23:01:00 2017"
[1] "PD4005"                   "Wed Jan 18 23:01:01 2017"
[1] "PD4006"                   "Wed Jan 18 23:01:02 2017"
[1] "PD4069"                   "Wed Jan 18 23:01:03 2017"
[1] "PD4072"                   "Wed Jan 18 23:01:03 2017"
[1] "PD4076"                   "Wed Jan 18 23:01:04 2017"
[1] "PD4085"                   "Wed Jan 18 23:01:05 2017"
[1] "PD4086"                   "Wed Jan 18 23:01:05 2017"
[1] "PD4088"                   "Wed Jan 18 23:01:06 2017"
[1] "PD4103"                   "Wed Jan 18 23:01:07 2017"
[1] "PD4107"                   "Wed Jan 18 23:01:07 2017"
[1] "PD4109"                   "Wed Jan 18 23:01:08 2017"
[1] "PD4115"                   "Wed Jan 18 23:01:08 2017"
[1] "PD4116"                   "Wed Jan 18 23:01:09 2017"
[1] "PD4192"                   "Wed Jan 18 23:01:10 2017"
[1] "PD4194"                   "Wed Jan 18 23:01:11 2017"
[1] "PD4198"                   "Wed Jan 18 23:01:12 2017"
[1] "PD4199"                   "Wed Jan 18 23:01:13 2017"
[1] "PD4225"                   "Wed Jan 18 23:01:14 2017"
[1] "PD4248"                   "Wed Jan 18 23:01:14 2017"
[1] "PD4252"                   "Wed Jan 18 23:01:16 2017"
[1] "PD4255"                   "Wed Jan 18 23:01:16 2017"
[1] "PD4261"                   "Wed Jan 18 23:01:17 2017"
[1] "PD4264"                   "Wed Jan 18 23:01:18 2017"
[1] "PD4266"                   "Wed Jan 18 23:01:19 2017"
[1] "PD4267"                   "Wed Jan 18 23:01:20 2017"
[1] "PD4315"                   "Wed Jan 18 23:01:20 2017"
[1] "PD4604"                   "Wed Jan 18 23:01:21 2017"
[1] "PD4605"                   "Wed Jan 18 23:01:22 2017"
[1] "PD4606"                   "Wed Jan 18 23:01:22 2017"
[1] "PD4607"                   "Wed Jan 18 23:01:23 2017"
[1] "PD4613"                   "Wed Jan 18 23:01:24 2017"
[1] "PD4826"                   "Wed Jan 18 23:01:25 2017"
[1] "PD4833"                   "Wed Jan 18 23:01:26 2017"
[1] "PD4836"                   "Wed Jan 18 23:01:27 2017"
[1] "PD4841"                   "Wed Jan 18 23:01:28 2017"
[1] "PD4844"                   "Wed Jan 18 23:01:28 2017"
[1] "PD4845"                   "Wed Jan 18 23:01:29 2017"
[1] "PD4847"                   "Wed Jan 18 23:01:30 2017"
[1] "PD4872"                   "Wed Jan 18 23:01:31 2017"
[1] "PD4874"                   "Wed Jan 18 23:01:32 2017"
[1] "PD4875"                   "Wed Jan 18 23:01:32 2017"
[1] "PD4876"                   "Wed Jan 18 23:01:33 2017"
[1] "PD4951"                   "Wed Jan 18 23:01:34 2017"
[1] "PD4952"                   "Wed Jan 18 23:01:35 2017"
[1] "PD4953"                   "Wed Jan 18 23:01:36 2017"
[1] "PD4954"                   "Wed Jan 18 23:01:37 2017"
[1] "PD4955"                   "Wed Jan 18 23:01:38 2017"
[1] "PD4956"                   "Wed Jan 18 23:01:39 2017"
[1] "PD4957"                   "Wed Jan 18 23:01:40 2017"
[1] "PD4958"                   "Wed Jan 18 23:01:40 2017"
[1] "PD4959"                   "Wed Jan 18 23:01:41 2017"
[1] "PD4962"                   "Wed Jan 18 23:01:42 2017"
[1] "PD4965"                   "Wed Jan 18 23:01:43 2017"
[1] "PD4967"                   "Wed Jan 18 23:01:44 2017"
[1] "PD4968"                   "Wed Jan 18 23:01:45 2017"
[1] "PD4969"                   "Wed Jan 18 23:01:45 2017"
[1] "PD4970"                   "Wed Jan 18 23:01:46 2017"
[1] "PD4971"                   "Wed Jan 18 23:01:47 2017"
[1] "PD4972"                   "Wed Jan 18 23:01:48 2017"
[1] "PD4975"                   "Wed Jan 18 23:01:48 2017"
[1] "PD4976"                   "Wed Jan 18 23:01:49 2017"
[1] "PD4977"                   "Wed Jan 18 23:01:50 2017"
[1] "PD4978"                   "Wed Jan 18 23:01:51 2017"
[1] "PD4980"                   "Wed Jan 18 23:01:51 2017"
[1] "PD4981"                   "Wed Jan 18 23:01:52 2017"
[1] "PD4982"                   "Wed Jan 18 23:01:53 2017"
[1] "PD4983"                   "Wed Jan 18 23:01:53 2017"
[1] "PD4985"                   "Wed Jan 18 23:01:54 2017"
[1] "PD4986"                   "Wed Jan 18 23:01:55 2017"
[1] "PD5925"                   "Wed Jan 18 23:01:56 2017"
[1] "PD5928"                   "Wed Jan 18 23:01:57 2017"
[1] "PD5930"                   "Wed Jan 18 23:01:58 2017"
[1] "PD5932"                   "Wed Jan 18 23:01:58 2017"
[1] "PD5934"                   "Wed Jan 18 23:01:59 2017"
[1] "PD5935"                   "Wed Jan 18 23:02:01 2017"
[1] "PD5936"                   "Wed Jan 18 23:02:01 2017"
[1] "PD5937"                   "Wed Jan 18 23:02:02 2017"
[1] "PD5942"                   "Wed Jan 18 23:02:03 2017"
[1] "PD5944"                   "Wed Jan 18 23:02:04 2017"
[1] "PD5945"                   "Wed Jan 18 23:02:04 2017"
[1] "PD5946"                   "Wed Jan 18 23:02:05 2017"
[1] "PD5947"                   "Wed Jan 18 23:02:06 2017"
[1] "PD5948"                   "Wed Jan 18 23:02:07 2017"
[1] "PD5950"                   "Wed Jan 18 23:02:08 2017"
[1] "PD5951"                   "Wed Jan 18 23:02:08 2017"
[1] "PD5953"                   "Wed Jan 18 23:02:09 2017"
[1] "PD5956"                   "Wed Jan 18 23:02:10 2017"
[1] "PD5959"                   "Wed Jan 18 23:02:11 2017"
[1] "PD5960"                   "Wed Jan 18 23:02:12 2017"
[1] "PD5961"                   "Wed Jan 18 23:02:12 2017"
[1] "PD5964"                   "Wed Jan 18 23:02:13 2017"
[1] "PD6016"                   "Wed Jan 18 23:02:13 2017"
[1] "PD6041"                   "Wed Jan 18 23:02:14 2017"
[1] "PD6042"                   "Wed Jan 18 23:02:15 2017"
[1] "PD6043"                   "Wed Jan 18 23:02:16 2017"
[1] "PD6044"                   "Wed Jan 18 23:02:17 2017"
[1] "PD6045"                   "Wed Jan 18 23:02:18 2017"
[1] "PD6046"                   "Wed Jan 18 23:02:19 2017"
[1] "PD6047"                   "Wed Jan 18 23:02:19 2017"
[1] "PD6048"                   "Wed Jan 18 23:02:20 2017"
[1] "PD6404"                   "Wed Jan 18 23:02:21 2017"
[1] "PD6405"                   "Wed Jan 18 23:02:22 2017"
[1] "PD6406"                   "Wed Jan 18 23:02:23 2017"
[1] "PD6409"                   "Wed Jan 18 23:02:24 2017"
[1] "PD6410"                   "Wed Jan 18 23:02:25 2017"
[1] "PD6411"                   "Wed Jan 18 23:02:25 2017"
[1] "PD6412"                   "Wed Jan 18 23:02:26 2017"
[1] "PD6413"                   "Wed Jan 18 23:02:27 2017"
[1] "PD6414"                   "Wed Jan 18 23:02:28 2017"
[1] "PD6415"                   "Wed Jan 18 23:02:29 2017"
[1] "PD6416"                   "Wed Jan 18 23:02:30 2017"
[1] "PD6417"                   "Wed Jan 18 23:02:30 2017"
[1] "PD6418"                   "Wed Jan 18 23:02:31 2017"
[1] "PD6422"                   "Wed Jan 18 23:02:32 2017"
[1] "PD6466"                   "Wed Jan 18 23:02:33 2017"
[1] "PD6684"                   "Wed Jan 18 23:02:33 2017"
[1] "PD6711"                   "Wed Jan 18 23:02:34 2017"
[1] "PD6719"                   "Wed Jan 18 23:02:35 2017"
[1] "PD6720"                   "Wed Jan 18 23:02:36 2017"
[1] "PD6721"                   "Wed Jan 18 23:02:37 2017"
[1] "PD6722"                   "Wed Jan 18 23:02:37 2017"
[1] "PD6727"                   "Wed Jan 18 23:02:38 2017"
[1] "PD6728"                   "Wed Jan 18 23:02:39 2017"
[1] "PD6729"                   "Wed Jan 18 23:02:40 2017"
[1] "PD6730"                   "Wed Jan 18 23:02:40 2017"
[1] "PD6731"                   "Wed Jan 18 23:02:41 2017"
[1] "PD6732"                   "Wed Jan 18 23:02:42 2017"
[1] "PD6733"                   "Wed Jan 18 23:02:43 2017"
[1] "PD7066"                   "Wed Jan 18 23:02:43 2017"
[1] "PD7067"                   "Wed Jan 18 23:02:44 2017"
[1] "PD7069"                   "Wed Jan 18 23:02:45 2017"
[1] "PD7199"                   "Wed Jan 18 23:02:45 2017"
[1] "PD7201"                   "Wed Jan 18 23:02:46 2017"
[1] "PD7202"                   "Wed Jan 18 23:02:47 2017"
[1] "PD7203"                   "Wed Jan 18 23:02:47 2017"
[1] "PD7204"                   "Wed Jan 18 23:02:48 2017"
[1] "PD7205"                   "Wed Jan 18 23:02:49 2017"
[1] "PD7206"                   "Wed Jan 18 23:02:50 2017"
[1] "PD7207"                   "Wed Jan 18 23:02:51 2017"
[1] "PD7209"                   "Wed Jan 18 23:02:51 2017"
[1] "PD7210"                   "Wed Jan 18 23:02:52 2017"
[1] "PD7211"                   "Wed Jan 18 23:02:52 2017"
[1] "PD7214"                   "Wed Jan 18 23:02:53 2017"
[1] "PD7215"                   "Wed Jan 18 23:02:54 2017"
[1] "PD7217"                   "Wed Jan 18 23:02:54 2017"
[1] "PD7218"                   "Wed Jan 18 23:02:55 2017"
[1] "PD7219"                   "Wed Jan 18 23:02:56 2017"
[1] "PD7220"                   "Wed Jan 18 23:02:57 2017"
[1] "PD7221"                   "Wed Jan 18 23:02:58 2017"
[1] "PD7238"                   "Wed Jan 18 23:02:58 2017"
[1] "PD7240"                   "Wed Jan 18 23:02:59 2017"
[1] "PD7243"                   "Wed Jan 18 23:03:00 2017"
[1] "PD7248"                   "Wed Jan 18 23:03:01 2017"
[1] "PD7249"                   "Wed Jan 18 23:03:02 2017"
[1] "PD7250"                   "Wed Jan 18 23:03:03 2017"
[1] "PD7304"                   "Wed Jan 18 23:03:04 2017"
[1] "PD7305"                   "Wed Jan 18 23:03:04 2017"
[1] "PD7306"                   "Wed Jan 18 23:03:05 2017"
[1] "PD7307"                   "Wed Jan 18 23:03:05 2017"
[1] "PD7316"                   "Wed Jan 18 23:03:06 2017"
[1] "PD7321"                   "Wed Jan 18 23:03:07 2017"
[1] "PD7322"                   "Wed Jan 18 23:03:08 2017"
[1] "PD7341"                   "Wed Jan 18 23:03:09 2017"
[1] "PD7344"                   "Wed Jan 18 23:03:09 2017"
[1] "PD7426"                   "Wed Jan 18 23:03:10 2017"
[1] "PD7428"                   "Wed Jan 18 23:03:11 2017"
[1] "PD8609"                   "Wed Jan 18 23:03:12 2017"
[1] "PD8610"                   "Wed Jan 18 23:03:13 2017"
[1] "PD8611"                   "Wed Jan 18 23:03:14 2017"
[1] "PD8612"                   "Wed Jan 18 23:03:15 2017"
[1] "PD8614"                   "Wed Jan 18 23:03:15 2017"
[1] "PD8615"                   "Wed Jan 18 23:03:16 2017"
[1] "PD8617"                   "Wed Jan 18 23:03:17 2017"
[1] "PD8618"                   "Wed Jan 18 23:03:18 2017"
[1] "PD8619"                   "Wed Jan 18 23:03:19 2017"
[1] "PD8620"                   "Wed Jan 18 23:03:20 2017"
[1] "PD8621"                   "Wed Jan 18 23:03:21 2017"
[1] "PD8622"                   "Wed Jan 18 23:03:22 2017"
[1] "PD8623"                   "Wed Jan 18 23:03:23 2017"
[1] "PD8652"                   "Wed Jan 18 23:03:24 2017"
[1] "PD8660"                   "Wed Jan 18 23:03:25 2017"
[1] "PD8828"                   "Wed Jan 18 23:03:25 2017"
[1] "PD8830"                   "Wed Jan 18 23:03:26 2017"
[1] "PD8832"                   "Wed Jan 18 23:03:27 2017"
[1] "PD8964"                   "Wed Jan 18 23:03:28 2017"
[1] "PD8965"                   "Wed Jan 18 23:03:29 2017"
[1] "PD8969"                   "Wed Jan 18 23:03:30 2017"
[1] "PD8973"                   "Wed Jan 18 23:03:31 2017"
[1] "PD8977"                   "Wed Jan 18 23:03:32 2017"
[1] "PD8978"                   "Wed Jan 18 23:03:33 2017"
[1] "PD8979"                   "Wed Jan 18 23:03:34 2017"
[1] "PD8980"                   "Wed Jan 18 23:03:35 2017"
[1] "PD8981"                   "Wed Jan 18 23:03:35 2017"
[1] "PD8982"                   "Wed Jan 18 23:03:36 2017"
[1] "PD8984"                   "Wed Jan 18 23:03:37 2017"
[1] "PD8995"                   "Wed Jan 18 23:03:38 2017"
[1] "PD8996"                   "Wed Jan 18 23:03:39 2017"
[1] "PD8997"                   "Wed Jan 18 23:03:39 2017"
[1] "PD8998"                   "Wed Jan 18 23:03:40 2017"
[1] "PD8999"                   "Wed Jan 18 23:03:41 2017"
[1] "PD9000"                   "Wed Jan 18 23:03:42 2017"
[1] "PD9001"                   "Wed Jan 18 23:03:43 2017"
[1] "PD9002"                   "Wed Jan 18 23:03:44 2017"
[1] "PD9004"                   "Wed Jan 18 23:03:45 2017"
[1] "PD9009"                   "Wed Jan 18 23:03:46 2017"
[1] "PD9063"                   "Wed Jan 18 23:03:47 2017"
[1] "PD9064"                   "Wed Jan 18 23:03:48 2017"
[1] "PD9065"                   "Wed Jan 18 23:03:49 2017"
[1] "PD9067"                   "Wed Jan 18 23:03:50 2017"
[1] "PD9193"                   "Wed Jan 18 23:03:50 2017"
[1] "PD9464"                   "Wed Jan 18 23:03:51 2017"
[1] "PD9467"                   "Wed Jan 18 23:03:51 2017"
[1] "PD9539"                   "Wed Jan 18 23:03:52 2017"
[1] "PD9541"                   "Wed Jan 18 23:03:53 2017"
[1] "PD9544"                   "Wed Jan 18 23:03:54 2017"
[1] "PD9567"                   "Wed Jan 18 23:03:54 2017"
[1] "PD9568"                   "Wed Jan 18 23:03:55 2017"
[1] "PD9569"                   "Wed Jan 18 23:03:56 2017"
[1] "PD9570"                   "Wed Jan 18 23:03:57 2017"
[1] "PD9571"                   "Wed Jan 18 23:03:57 2017"
[1] "PD9572"                   "Wed Jan 18 23:03:58 2017"
[1] "PD9573"                   "Wed Jan 18 23:03:59 2017"
[1] "PD9574"                   "Wed Jan 18 23:04:00 2017"
[1] "PD9575"                   "Wed Jan 18 23:04:00 2017"
[1] "PD9576"                   "Wed Jan 18 23:04:01 2017"
[1] "PD9577"                   "Wed Jan 18 23:04:02 2017"
[1] "PD9578"                   "Wed Jan 18 23:04:03 2017"
[1] "PD9579"                   "Wed Jan 18 23:04:04 2017"
[1] "PD9581"                   "Wed Jan 18 23:04:05 2017"
[1] "PD9582"                   "Wed Jan 18 23:04:06 2017"
[1] "PD9584"                   "Wed Jan 18 23:04:07 2017"
[1] "PD9585"                   "Wed Jan 18 23:04:08 2017"
[1] "PD9589"                   "Wed Jan 18 23:04:08 2017"
[1] "PD9591"                   "Wed Jan 18 23:04:09 2017"
[1] "PD9592"                   "Wed Jan 18 23:04:10 2017"
[1] "PD9593"                   "Wed Jan 18 23:04:11 2017"
[1] "PD9595"                   "Wed Jan 18 23:04:12 2017"
[1] "PD9597"                   "Wed Jan 18 23:04:13 2017"
[1] "PD9599"                   "Wed Jan 18 23:04:14 2017"
[1] "PD9600"                   "Wed Jan 18 23:04:15 2017"
[1] "PD9604"                   "Wed Jan 18 23:04:15 2017"
[1] "PD9605"                   "Wed Jan 18 23:04:16 2017"
[1] "PD9606"                   "Wed Jan 18 23:04:17 2017"
[1] "PD9694"                   "Wed Jan 18 23:04:17 2017"
[1] "PD9696"                   "Wed Jan 18 23:04:18 2017"
[1] "PD9702"                   "Wed Jan 18 23:04:19 2017"
[1] "PD9752"                   "Wed Jan 18 23:04:20 2017"
[1] "PD9754"                   "Wed Jan 18 23:04:21 2017"
[1] "PD9755"                   "Wed Jan 18 23:04:21 2017"
[1] "PD9756"                   "Wed Jan 18 23:04:22 2017"
[1] "PD9759"                   "Wed Jan 18 23:04:23 2017"
[1] "PD9760"                   "Wed Jan 18 23:04:24 2017"
[1] "PD9761"                   "Wed Jan 18 23:04:24 2017"
[1] "PD9842"                   "Wed Jan 18 23:04:25 2017"
[1] "PD9843"                   "Wed Jan 18 23:04:26 2017"
[1] "PD9844"                   "Wed Jan 18 23:04:27 2017"
[1] "PD9845"                   "Wed Jan 18 23:04:28 2017"
[1] "PD9847"                   "Wed Jan 18 23:04:29 2017"
[1] "Wed Jan 18 23:04:29 2017"
[1] "Simulated annealing with error increase by 1.05 fold"
[1] "Wed Jan 18 23:04:29 2017"
[1] "All"                      "Wed Jan 18 23:04:30 2017"
[1] "PD10010"                  "Wed Jan 18 23:04:30 2017"
[1] "PD10011"                  "Wed Jan 18 23:04:31 2017"
[1] "PD10014"                  "Wed Jan 18 23:04:31 2017"
[1] "PD11326"                  "Wed Jan 18 23:04:32 2017"
[1] "PD11327"                  "Wed Jan 18 23:04:32 2017"
[1] "PD11336"                  "Wed Jan 18 23:04:33 2017"
[1] "PD11337"                  "Wed Jan 18 23:04:33 2017"
[1] "PD11338"                  "Wed Jan 18 23:04:33 2017"
[1] "PD11339"                  "Wed Jan 18 23:04:34 2017"
[1] "PD11340"                  "Wed Jan 18 23:04:35 2017"
[1] "PD11341"                  "Wed Jan 18 23:04:35 2017"
[1] "PD11342"                  "Wed Jan 18 23:04:35 2017"
[1] "PD11343"                  "Wed Jan 18 23:04:36 2017"
[1] "PD11344"                  "Wed Jan 18 23:04:36 2017"
[1] "PD11345"                  "Wed Jan 18 23:04:37 2017"
[1] "PD11346"                  "Wed Jan 18 23:04:37 2017"
[1] "PD11347"                  "Wed Jan 18 23:04:38 2017"
[1] "PD11348"                  "Wed Jan 18 23:04:38 2017"
[1] "PD11349"                  "Wed Jan 18 23:04:39 2017"
[1] "PD11352"                  "Wed Jan 18 23:04:39 2017"
[1] "PD11355"                  "Wed Jan 18 23:04:39 2017"
[1] "PD11357"                  "Wed Jan 18 23:04:40 2017"
[1] "PD11358"                  "Wed Jan 18 23:04:40 2017"
[1] "PD11359"                  "Wed Jan 18 23:04:41 2017"
[1] "PD11360"                  "Wed Jan 18 23:04:42 2017"
[1] "PD11361"                  "Wed Jan 18 23:04:42 2017"
[1] "PD11364"                  "Wed Jan 18 23:04:42 2017"
[1] "PD11365"                  "Wed Jan 18 23:04:43 2017"
[1] "PD11366"                  "Wed Jan 18 23:04:43 2017"
[1] "PD11367"                  "Wed Jan 18 23:04:44 2017"
[1] "PD11368"                  "Wed Jan 18 23:04:44 2017"
[1] "PD11369"                  "Wed Jan 18 23:04:45 2017"
[1] "PD11370"                  "Wed Jan 18 23:04:45 2017"
[1] "PD11372"                  "Wed Jan 18 23:04:46 2017"
[1] "PD11374"                  "Wed Jan 18 23:04:46 2017"
[1] "PD11375"                  "Wed Jan 18 23:04:47 2017"
[1] "PD11376"                  "Wed Jan 18 23:04:47 2017"
[1] "PD11379"                  "Wed Jan 18 23:04:48 2017"
[1] "PD11380"                  "Wed Jan 18 23:04:48 2017"
[1] "PD11381"                  "Wed Jan 18 23:04:49 2017"
[1] "PD11383"                  "Wed Jan 18 23:04:50 2017"
[1] "PD11384"                  "Wed Jan 18 23:04:50 2017"
[1] "PD11385"                  "Wed Jan 18 23:04:51 2017"
[1] "PD11386"                  "Wed Jan 18 23:04:51 2017"
[1] "PD11388"                  "Wed Jan 18 23:04:52 2017"
[1] "PD11389"                  "Wed Jan 18 23:04:52 2017"
[1] "PD11391"                  "Wed Jan 18 23:04:53 2017"
[1] "PD11393"                  "Wed Jan 18 23:04:54 2017"
[1] "PD11394"                  "Wed Jan 18 23:04:54 2017"
[1] "PD11395"                  "Wed Jan 18 23:04:55 2017"
[1] "PD11396"                  "Wed Jan 18 23:04:55 2017"
[1] "PD11397"                  "Wed Jan 18 23:04:55 2017"
[1] "PD11398"                  "Wed Jan 18 23:04:56 2017"
[1] "PD11399"                  "Wed Jan 18 23:04:56 2017"
[1] "PD11402"                  "Wed Jan 18 23:04:57 2017"
[1] "PD11462"                  "Wed Jan 18 23:04:57 2017"
[1] "PD11464"                  "Wed Jan 18 23:04:58 2017"
[1] "PD11465"                  "Wed Jan 18 23:04:58 2017"
[1] "PD11740"                  "Wed Jan 18 23:04:59 2017"
[1] "PD11741"                  "Wed Jan 18 23:05:00 2017"
[1] "PD11742"                  "Wed Jan 18 23:05:00 2017"
[1] "PD11743"                  "Wed Jan 18 23:05:01 2017"
[1] "PD11744"                  "Wed Jan 18 23:05:01 2017"
[1] "PD11745"                  "Wed Jan 18 23:05:02 2017"
[1] "PD11748"                  "Wed Jan 18 23:05:02 2017"
[1] "PD11750"                  "Wed Jan 18 23:05:03 2017"
[1] "PD11751"                  "Wed Jan 18 23:05:03 2017"
[1] "PD11752"                  "Wed Jan 18 23:05:04 2017"
[1] "PD11753"                  "Wed Jan 18 23:05:05 2017"
[1] "PD11755"                  "Wed Jan 18 23:05:05 2017"
[1] "PD11756"                  "Wed Jan 18 23:05:06 2017"
[1] "PD11757"                  "Wed Jan 18 23:05:06 2017"
[1] "PD11760"                  "Wed Jan 18 23:05:07 2017"
[1] "PD11761"                  "Wed Jan 18 23:05:07 2017"
[1] "PD11762"                  "Wed Jan 18 23:05:08 2017"
[1] "PD11765"                  "Wed Jan 18 23:05:08 2017"
[1] "PD11766"                  "Wed Jan 18 23:05:09 2017"
[1] "PD11767"                  "Wed Jan 18 23:05:10 2017"
[1] "PD11769"                  "Wed Jan 18 23:05:10 2017"
[1] "PD11816"                  "Wed Jan 18 23:05:10 2017"
[1] "PD11818"                  "Wed Jan 18 23:05:11 2017"
[1] "PD11819"                  "Wed Jan 18 23:05:12 2017"
[1] "PD13162"                  "Wed Jan 18 23:05:12 2017"
[1] "PD13163"                  "Wed Jan 18 23:05:13 2017"
[1] "PD13164"                  "Wed Jan 18 23:05:13 2017"
[1] "PD13165"                  "Wed Jan 18 23:05:14 2017"
[1] "PD13166"                  "Wed Jan 18 23:05:14 2017"
[1] "PD13167"                  "Wed Jan 18 23:05:15 2017"
[1] "PD13168"                  "Wed Jan 18 23:05:15 2017"
[1] "PD13296"                  "Wed Jan 18 23:05:16 2017"
[1] "PD13297"                  "Wed Jan 18 23:05:17 2017"
[1] "PD13298"                  "Wed Jan 18 23:05:17 2017"
[1] "PD13299"                  "Wed Jan 18 23:05:18 2017"
[1] "PD13302"                  "Wed Jan 18 23:05:18 2017"
[1] "PD13304"                  "Wed Jan 18 23:05:19 2017"
[1] "PD13306"                  "Wed Jan 18 23:05:19 2017"
[1] "PD13307"                  "Wed Jan 18 23:05:20 2017"
[1] "PD13310"                  "Wed Jan 18 23:05:20 2017"
[1] "PD13311"                  "Wed Jan 18 23:05:21 2017"
[1] "PD13312"                  "Wed Jan 18 23:05:22 2017"
[1] "PD13416"                  "Wed Jan 18 23:05:24 2017"
[1] "PD13418"                  "Wed Jan 18 23:05:24 2017"
[1] "PD13419"                  "Wed Jan 18 23:05:25 2017"
[1] "PD13420"                  "Wed Jan 18 23:05:25 2017"
[1] "PD13422"                  "Wed Jan 18 23:05:26 2017"
[1] "PD13424"                  "Wed Jan 18 23:05:27 2017"
[1] "PD13425"                  "Wed Jan 18 23:05:27 2017"
[1] "PD13426"                  "Wed Jan 18 23:05:28 2017"
[1] "PD13427"                  "Wed Jan 18 23:05:28 2017"
[1] "PD13428"                  "Wed Jan 18 23:05:29 2017"
[1] "PD13602"                  "Wed Jan 18 23:05:29 2017"
[1] "PD13603"                  "Wed Jan 18 23:05:30 2017"
[1] "PD13604"                  "Wed Jan 18 23:05:30 2017"
[1] "PD13605"                  "Wed Jan 18 23:05:31 2017"
[1] "PD13606"                  "Wed Jan 18 23:05:31 2017"
[1] "PD13607"                  "Wed Jan 18 23:05:32 2017"
[1] "PD13608"                  "Wed Jan 18 23:05:32 2017"
[1] "PD13609"                  "Wed Jan 18 23:05:32 2017"
[1] "PD13618"                  "Wed Jan 18 23:05:33 2017"
[1] "PD13619"                  "Wed Jan 18 23:05:34 2017"
[1] "PD13620"                  "Wed Jan 18 23:05:34 2017"
[1] "PD13622"                  "Wed Jan 18 23:05:35 2017"
[1] "PD13623"                  "Wed Jan 18 23:05:35 2017"
[1] "PD13625"                  "Wed Jan 18 23:05:36 2017"
[1] "PD13626"                  "Wed Jan 18 23:05:36 2017"
[1] "PD13627"                  "Wed Jan 18 23:05:37 2017"
[1] "PD13629"                  "Wed Jan 18 23:05:38 2017"
[1] "PD13630"                  "Wed Jan 18 23:05:38 2017"
[1] "PD13631"                  "Wed Jan 18 23:05:39 2017"
[1] "PD13752"                  "Wed Jan 18 23:05:39 2017"
[1] "PD13753"                  "Wed Jan 18 23:05:40 2017"
[1] "PD13754"                  "Wed Jan 18 23:05:41 2017"
[1] "PD13755"                  "Wed Jan 18 23:05:41 2017"
[1] "PD13756"                  "Wed Jan 18 23:05:42 2017"
[1] "PD13757"                  "Wed Jan 18 23:05:42 2017"
[1] "PD13758"                  "Wed Jan 18 23:05:43 2017"
[1] "PD13760"                  "Wed Jan 18 23:05:43 2017"
[1] "PD13761"                  "Wed Jan 18 23:05:44 2017"
[1] "PD13762"                  "Wed Jan 18 23:05:44 2017"
[1] "PD13763"                  "Wed Jan 18 23:05:45 2017"
[1] "PD13764"                  "Wed Jan 18 23:05:45 2017"
[1] "PD13765"                  "Wed Jan 18 23:05:46 2017"
[1] "PD13766"                  "Wed Jan 18 23:05:46 2017"
[1] "PD13767"                  "Wed Jan 18 23:05:47 2017"
[1] "PD13768"                  "Wed Jan 18 23:05:47 2017"
[1] "PD13770"                  "Wed Jan 18 23:05:48 2017"
[1] "PD13771"                  "Wed Jan 18 23:05:48 2017"
[1] "PD14432"                  "Wed Jan 18 23:05:49 2017"
[1] "PD14433"                  "Wed Jan 18 23:05:49 2017"
[1] "PD14435"                  "Wed Jan 18 23:05:50 2017"
[1] "PD14437"                  "Wed Jan 18 23:05:50 2017"
[1] "PD14439"                  "Wed Jan 18 23:05:51 2017"
[1] "PD14441"                  "Wed Jan 18 23:05:51 2017"
[1] "PD14442"                  "Wed Jan 18 23:05:51 2017"
[1] "PD14450"                  "Wed Jan 18 23:05:52 2017"
[1] "PD14453"                  "Wed Jan 18 23:05:52 2017"
[1] "PD14454"                  "Wed Jan 18 23:05:53 2017"
[1] "PD14456"                  "Wed Jan 18 23:05:53 2017"
[1] "PD14457"                  "Wed Jan 18 23:05:54 2017"
[1] "PD14458"                  "Wed Jan 18 23:05:54 2017"
[1] "PD14459"                  "Wed Jan 18 23:05:55 2017"
[1] "PD14460"                  "Wed Jan 18 23:05:55 2017"
[1] "PD14461"                  "Wed Jan 18 23:05:56 2017"
[1] "PD14462"                  "Wed Jan 18 23:05:56 2017"
[1] "PD14465"                  "Wed Jan 18 23:05:57 2017"
[1] "PD14467"                  "Wed Jan 18 23:05:57 2017"
[1] "PD14468"                  "Wed Jan 18 23:05:57 2017"
[1] "PD14471"                  "Wed Jan 18 23:05:58 2017"
[1] "PD14472"                  "Wed Jan 18 23:05:59 2017"
[1] "PD14473"                  "Wed Jan 18 23:06:00 2017"
[1] "PD17973"                  "Wed Jan 18 23:06:00 2017"
[1] "PD17981"                  "Wed Jan 18 23:06:00 2017"
[1] "PD17991"                  "Wed Jan 18 23:06:01 2017"
[1] "PD17994"                  "Wed Jan 18 23:06:01 2017"
[1] "PD18017"                  "Wed Jan 18 23:06:02 2017"
[1] "PD18020"                  "Wed Jan 18 23:06:02 2017"
[1] "PD18022"                  "Wed Jan 18 23:06:03 2017"
[1] "PD18024"                  "Wed Jan 18 23:06:03 2017"
[1] "PD18031"                  "Wed Jan 18 23:06:04 2017"
[1] "PD18037"                  "Wed Jan 18 23:06:04 2017"
[1] "PD18045"                  "Wed Jan 18 23:06:05 2017"
[1] "PD18046"                  "Wed Jan 18 23:06:06 2017"
[1] "PD18047"                  "Wed Jan 18 23:06:06 2017"
[1] "PD18048"                  "Wed Jan 18 23:06:07 2017"
[1] "PD18049"                  "Wed Jan 18 23:06:08 2017"
[1] "PD18050"                  "Wed Jan 18 23:06:08 2017"
[1] "PD18100"                  "Wed Jan 18 23:06:09 2017"
[1] "PD18101"                  "Wed Jan 18 23:06:09 2017"
[1] "PD18116"                  "Wed Jan 18 23:06:10 2017"
[1] "PD18149"                  "Wed Jan 18 23:06:10 2017"
[1] "PD18188"                  "Wed Jan 18 23:06:11 2017"
[1] "PD18189"                  "Wed Jan 18 23:06:11 2017"
[1] "PD18247"                  "Wed Jan 18 23:06:12 2017"
[1] "PD18251"                  "Wed Jan 18 23:06:13 2017"
[1] "PD18257"                  "Wed Jan 18 23:06:13 2017"
[1] "PD18258"                  "Wed Jan 18 23:06:14 2017"
[1] "PD18259"                  "Wed Jan 18 23:06:14 2017"
[1] "PD18264"                  "Wed Jan 18 23:06:15 2017"
[1] "PD18269"                  "Wed Jan 18 23:06:15 2017"
[1] "PD18728"                  "Wed Jan 18 23:06:16 2017"
[1] "PD18730"                  "Wed Jan 18 23:06:17 2017"
[1] "PD18733"                  "Wed Jan 18 23:06:17 2017"
[1] "PD18734"                  "Wed Jan 18 23:06:18 2017"
[1] "PD18748"                  "Wed Jan 18 23:06:18 2017"
[1] "PD18749"                  "Wed Jan 18 23:06:19 2017"
[1] "PD18751"                  "Wed Jan 18 23:06:19 2017"
[1] "PD18754"                  "Wed Jan 18 23:06:20 2017"
[1] "PD18756"                  "Wed Jan 18 23:06:20 2017"
[1] "PD18768"                  "Wed Jan 18 23:06:21 2017"
[1] "PD18769"                  "Wed Jan 18 23:06:22 2017"
[1] "PD18771"                  "Wed Jan 18 23:06:22 2017"
[1] "PD18775"                  "Wed Jan 18 23:06:23 2017"
[1] "PD18776"                  "Wed Jan 18 23:06:23 2017"
[1] "PD22036"                  "Wed Jan 18 23:06:24 2017"
[1] "PD22251"                  "Wed Jan 18 23:06:25 2017"
[1] "PD22355"                  "Wed Jan 18 23:06:25 2017"
[1] "PD22357"                  "Wed Jan 18 23:06:26 2017"
[1] "PD22358"                  "Wed Jan 18 23:06:26 2017"
[1] "PD22359"                  "Wed Jan 18 23:06:27 2017"
[1] "PD22360"                  "Wed Jan 18 23:06:27 2017"
[1] "PD22361"                  "Wed Jan 18 23:06:28 2017"
[1] "PD22362"                  "Wed Jan 18 23:06:29 2017"
[1] "PD22363"                  "Wed Jan 18 23:06:29 2017"
[1] "PD22364"                  "Wed Jan 18 23:06:30 2017"
[1] "PD22365"                  "Wed Jan 18 23:06:30 2017"
[1] "PD22366"                  "Wed Jan 18 23:06:31 2017"
[1] "PD23550"                  "Wed Jan 18 23:06:32 2017"
[1] "PD23554"                  "Wed Jan 18 23:06:32 2017"
[1] "PD23558"                  "Wed Jan 18 23:06:33 2017"
[1] "PD23559"                  "Wed Jan 18 23:06:33 2017"
[1] "PD23560"                  "Wed Jan 18 23:06:34 2017"
[1] "PD23561"                  "Wed Jan 18 23:06:34 2017"
[1] "PD23562"                  "Wed Jan 18 23:06:35 2017"
[1] "PD23563"                  "Wed Jan 18 23:06:36 2017"
[1] "PD23564"                  "Wed Jan 18 23:06:36 2017"
[1] "PD23565"                  "Wed Jan 18 23:06:37 2017"
[1] "PD23566"                  "Wed Jan 18 23:06:38 2017"
[1] "PD23567"                  "Wed Jan 18 23:06:39 2017"
[1] "PD23569"                  "Wed Jan 18 23:06:39 2017"
[1] "PD23570"                  "Wed Jan 18 23:06:39 2017"
[1] "PD23574"                  "Wed Jan 18 23:06:40 2017"
[1] "PD23577"                  "Wed Jan 18 23:06:41 2017"
[1] "PD23578"                  "Wed Jan 18 23:06:42 2017"
[1] "PD23579"                  "Wed Jan 18 23:06:42 2017"
[1] "PD24182"                  "Wed Jan 18 23:06:42 2017"
[1] "PD24186"                  "Wed Jan 18 23:06:43 2017"
[1] "PD24189"                  "Wed Jan 18 23:06:44 2017"
[1] "PD24190"                  "Wed Jan 18 23:06:44 2017"
[1] "PD24191"                  "Wed Jan 18 23:06:45 2017"
[1] "PD24192"                  "Wed Jan 18 23:06:45 2017"
[1] "PD24193"                  "Wed Jan 18 23:06:46 2017"
[1] "PD24194"                  "Wed Jan 18 23:06:46 2017"
[1] "PD24195"                  "Wed Jan 18 23:06:47 2017"
[1] "PD24196"                  "Wed Jan 18 23:06:48 2017"
[1] "PD24197"                  "Wed Jan 18 23:06:48 2017"
[1] "PD24199"                  "Wed Jan 18 23:06:49 2017"
[1] "PD24200"                  "Wed Jan 18 23:06:50 2017"
[1] "PD24201"                  "Wed Jan 18 23:06:50 2017"
[1] "PD24202"                  "Wed Jan 18 23:06:51 2017"
[1] "PD24204"                  "Wed Jan 18 23:06:51 2017"
[1] "PD24205"                  "Wed Jan 18 23:06:52 2017"
[1] "PD24206"                  "Wed Jan 18 23:06:53 2017"
[1] "PD24207"                  "Wed Jan 18 23:06:53 2017"
[1] "PD24208"                  "Wed Jan 18 23:06:54 2017"
[1] "PD24209"                  "Wed Jan 18 23:06:54 2017"
[1] "PD24212"                  "Wed Jan 18 23:06:55 2017"
[1] "PD24214"                  "Wed Jan 18 23:06:55 2017"
[1] "PD24215"                  "Wed Jan 18 23:06:57 2017"
[1] "PD24216"                  "Wed Jan 18 23:06:57 2017"
[1] "PD24217"                  "Wed Jan 18 23:06:58 2017"
[1] "PD24218"                  "Wed Jan 18 23:06:58 2017"
[1] "PD24219"                  "Wed Jan 18 23:06:59 2017"
[1] "PD24220"                  "Wed Jan 18 23:06:59 2017"
[1] "PD24221"                  "Wed Jan 18 23:07:00 2017"
[1] "PD24223"                  "Wed Jan 18 23:07:00 2017"
[1] "PD24224"                  "Wed Jan 18 23:07:01 2017"
[1] "PD24225"                  "Wed Jan 18 23:07:01 2017"
[1] "PD24302"                  "Wed Jan 18 23:07:02 2017"
[1] "PD24303"                  "Wed Jan 18 23:07:02 2017"
[1] "PD24304"                  "Wed Jan 18 23:07:03 2017"
[1] "PD24306"                  "Wed Jan 18 23:07:03 2017"
[1] "PD24307"                  "Wed Jan 18 23:07:04 2017"
[1] "PD24308"                  "Wed Jan 18 23:07:04 2017"
[1] "PD24314"                  "Wed Jan 18 23:07:05 2017"
[1] "PD24318"                  "Wed Jan 18 23:07:05 2017"
[1] "PD24320"                  "Wed Jan 18 23:07:06 2017"
[1] "PD24322"                  "Wed Jan 18 23:07:07 2017"
[1] "PD24325"                  "Wed Jan 18 23:07:07 2017"
[1] "PD24326"                  "Wed Jan 18 23:07:08 2017"
[1] "PD24327"                  "Wed Jan 18 23:07:08 2017"
[1] "PD24329"                  "Wed Jan 18 23:07:09 2017"
[1] "PD24332"                  "Wed Jan 18 23:07:10 2017"
[1] "PD24333"                  "Wed Jan 18 23:07:10 2017"
[1] "PD24335"                  "Wed Jan 18 23:07:11 2017"
[1] "PD24336"                  "Wed Jan 18 23:07:11 2017"
[1] "PD24337"                  "Wed Jan 18 23:07:12 2017"
[1] "PD3851"                   "Wed Jan 18 23:07:13 2017"
[1] "PD3890"                   "Wed Jan 18 23:07:13 2017"
[1] "PD3904"                   "Wed Jan 18 23:07:14 2017"
[1] "PD3905"                   "Wed Jan 18 23:07:15 2017"
[1] "PD3945"                   "Wed Jan 18 23:07:16 2017"
[1] "PD3989"                   "Wed Jan 18 23:07:16 2017"
[1] "PD4005"                   "Wed Jan 18 23:07:17 2017"
[1] "PD4006"                   "Wed Jan 18 23:07:17 2017"
[1] "PD4069"                   "Wed Jan 18 23:07:18 2017"
[1] "PD4072"                   "Wed Jan 18 23:07:18 2017"
[1] "PD4076"                   "Wed Jan 18 23:07:19 2017"
[1] "PD4085"                   "Wed Jan 18 23:07:19 2017"
[1] "PD4086"                   "Wed Jan 18 23:07:20 2017"
[1] "PD4088"                   "Wed Jan 18 23:07:20 2017"
[1] "PD4103"                   "Wed Jan 18 23:07:20 2017"
[1] "PD4107"                   "Wed Jan 18 23:07:21 2017"
[1] "PD4109"                   "Wed Jan 18 23:07:21 2017"
[1] "PD4115"                   "Wed Jan 18 23:07:21 2017"
[1] "PD4116"                   "Wed Jan 18 23:07:22 2017"
[1] "PD4192"                   "Wed Jan 18 23:07:22 2017"
[1] "PD4194"                   "Wed Jan 18 23:07:23 2017"
[1] "PD4198"                   "Wed Jan 18 23:07:23 2017"
[1] "PD4199"                   "Wed Jan 18 23:07:24 2017"
[1] "PD4225"                   "Wed Jan 18 23:07:24 2017"
[1] "PD4248"                   "Wed Jan 18 23:07:25 2017"
[1] "PD4252"                   "Wed Jan 18 23:07:26 2017"
[1] "PD4255"                   "Wed Jan 18 23:07:26 2017"
[1] "PD4261"                   "Wed Jan 18 23:07:26 2017"
[1] "PD4264"                   "Wed Jan 18 23:07:27 2017"
[1] "PD4266"                   "Wed Jan 18 23:07:28 2017"
[1] "PD4267"                   "Wed Jan 18 23:07:28 2017"
[1] "PD4315"                   "Wed Jan 18 23:07:29 2017"
[1] "PD4604"                   "Wed Jan 18 23:07:29 2017"
[1] "PD4605"                   "Wed Jan 18 23:07:29 2017"
[1] "PD4606"                   "Wed Jan 18 23:07:30 2017"
[1] "PD4607"                   "Wed Jan 18 23:07:30 2017"
[1] "PD4613"                   "Wed Jan 18 23:07:31 2017"
[1] "PD4826"                   "Wed Jan 18 23:07:31 2017"
[1] "PD4833"                   "Wed Jan 18 23:07:32 2017"
[1] "PD4836"                   "Wed Jan 18 23:07:33 2017"
[1] "PD4841"                   "Wed Jan 18 23:07:33 2017"
[1] "PD4844"                   "Wed Jan 18 23:07:34 2017"
[1] "PD4845"                   "Wed Jan 18 23:07:34 2017"
[1] "PD4847"                   "Wed Jan 18 23:07:35 2017"
[1] "PD4872"                   "Wed Jan 18 23:07:35 2017"
[1] "PD4874"                   "Wed Jan 18 23:07:36 2017"
[1] "PD4875"                   "Wed Jan 18 23:07:36 2017"
[1] "PD4876"                   "Wed Jan 18 23:07:37 2017"
[1] "PD4951"                   "Wed Jan 18 23:07:37 2017"
[1] "PD4952"                   "Wed Jan 18 23:07:38 2017"
[1] "PD4953"                   "Wed Jan 18 23:07:38 2017"
[1] "PD4954"                   "Wed Jan 18 23:07:39 2017"
[1] "PD4955"                   "Wed Jan 18 23:07:39 2017"
[1] "PD4956"                   "Wed Jan 18 23:07:40 2017"
[1] "PD4957"                   "Wed Jan 18 23:07:41 2017"
[1] "PD4958"                   "Wed Jan 18 23:07:41 2017"
[1] "PD4959"                   "Wed Jan 18 23:07:42 2017"
[1] "PD4962"                   "Wed Jan 18 23:07:42 2017"
[1] "PD4965"                   "Wed Jan 18 23:07:43 2017"
[1] "PD4967"                   "Wed Jan 18 23:07:43 2017"
[1] "PD4968"                   "Wed Jan 18 23:07:44 2017"
[1] "PD4969"                   "Wed Jan 18 23:07:44 2017"
[1] "PD4970"                   "Wed Jan 18 23:07:45 2017"
[1] "PD4971"                   "Wed Jan 18 23:07:45 2017"
[1] "PD4972"                   "Wed Jan 18 23:07:46 2017"
[1] "PD4975"                   "Wed Jan 18 23:07:46 2017"
[1] "PD4976"                   "Wed Jan 18 23:07:47 2017"
[1] "PD4977"                   "Wed Jan 18 23:07:47 2017"
[1] "PD4978"                   "Wed Jan 18 23:07:48 2017"
[1] "PD4980"                   "Wed Jan 18 23:07:48 2017"
[1] "PD4981"                   "Wed Jan 18 23:07:49 2017"
[1] "PD4982"                   "Wed Jan 18 23:07:49 2017"
[1] "PD4983"                   "Wed Jan 18 23:07:50 2017"
[1] "PD4985"                   "Wed Jan 18 23:07:51 2017"
[1] "PD4986"                   "Wed Jan 18 23:07:51 2017"
[1] "PD5925"                   "Wed Jan 18 23:07:52 2017"
[1] "PD5928"                   "Wed Jan 18 23:07:52 2017"
[1] "PD5930"                   "Wed Jan 18 23:07:53 2017"
[1] "PD5932"                   "Wed Jan 18 23:07:54 2017"
[1] "PD5934"                   "Wed Jan 18 23:07:55 2017"
[1] "PD5935"                   "Wed Jan 18 23:07:56 2017"
[1] "PD5936"                   "Wed Jan 18 23:07:57 2017"
[1] "PD5937"                   "Wed Jan 18 23:07:57 2017"
[1] "PD5942"                   "Wed Jan 18 23:07:58 2017"
[1] "PD5944"                   "Wed Jan 18 23:07:58 2017"
[1] "PD5945"                   "Wed Jan 18 23:07:59 2017"
[1] "PD5946"                   "Wed Jan 18 23:08:00 2017"
[1] "PD5947"                   "Wed Jan 18 23:08:00 2017"
[1] "PD5948"                   "Wed Jan 18 23:08:01 2017"
[1] "PD5950"                   "Wed Jan 18 23:08:01 2017"
[1] "PD5951"                   "Wed Jan 18 23:08:02 2017"
[1] "PD5953"                   "Wed Jan 18 23:08:03 2017"
[1] "PD5956"                   "Wed Jan 18 23:08:03 2017"
[1] "PD5959"                   "Wed Jan 18 23:08:04 2017"
[1] "PD5960"                   "Wed Jan 18 23:08:04 2017"
[1] "PD5961"                   "Wed Jan 18 23:08:05 2017"
[1] "PD5964"                   "Wed Jan 18 23:08:05 2017"
[1] "PD6016"                   "Wed Jan 18 23:08:05 2017"
[1] "PD6041"                   "Wed Jan 18 23:08:06 2017"
[1] "PD6042"                   "Wed Jan 18 23:08:06 2017"
[1] "PD6043"                   "Wed Jan 18 23:08:07 2017"
[1] "PD6044"                   "Wed Jan 18 23:08:08 2017"
[1] "PD6045"                   "Wed Jan 18 23:08:08 2017"
[1] "PD6046"                   "Wed Jan 18 23:08:09 2017"
[1] "PD6047"                   "Wed Jan 18 23:08:09 2017"
[1] "PD6048"                   "Wed Jan 18 23:08:09 2017"
[1] "PD6404"                   "Wed Jan 18 23:08:10 2017"
[1] "PD6405"                   "Wed Jan 18 23:08:10 2017"
[1] "PD6406"                   "Wed Jan 18 23:08:13 2017"
[1] "PD6409"                   "Wed Jan 18 23:08:14 2017"
[1] "PD6410"                   "Wed Jan 18 23:08:14 2017"
[1] "PD6411"                   "Wed Jan 18 23:08:15 2017"
[1] "PD6412"                   "Wed Jan 18 23:08:16 2017"
[1] "PD6413"                   "Wed Jan 18 23:08:16 2017"
[1] "PD6414"                   "Wed Jan 18 23:08:17 2017"
[1] "PD6415"                   "Wed Jan 18 23:08:17 2017"
[1] "PD6416"                   "Wed Jan 18 23:08:18 2017"
[1] "PD6417"                   "Wed Jan 18 23:08:18 2017"
[1] "PD6418"                   "Wed Jan 18 23:08:19 2017"
[1] "PD6422"                   "Wed Jan 18 23:08:19 2017"
[1] "PD6466"                   "Wed Jan 18 23:08:20 2017"
[1] "PD6684"                   "Wed Jan 18 23:08:20 2017"
[1] "PD6711"                   "Wed Jan 18 23:08:21 2017"
[1] "PD6719"                   "Wed Jan 18 23:08:21 2017"
[1] "PD6720"                   "Wed Jan 18 23:08:22 2017"
[1] "PD6721"                   "Wed Jan 18 23:08:22 2017"
[1] "PD6722"                   "Wed Jan 18 23:08:23 2017"
[1] "PD6727"                   "Wed Jan 18 23:08:23 2017"
[1] "PD6728"                   "Wed Jan 18 23:08:24 2017"
[1] "PD6729"                   "Wed Jan 18 23:08:25 2017"
[1] "PD6730"                   "Wed Jan 18 23:08:26 2017"
[1] "PD6731"                   "Wed Jan 18 23:08:26 2017"
[1] "PD6732"                   "Wed Jan 18 23:08:27 2017"
[1] "PD6733"                   "Wed Jan 18 23:08:27 2017"
[1] "PD7066"                   "Wed Jan 18 23:08:28 2017"
[1] "PD7067"                   "Wed Jan 18 23:08:29 2017"
[1] "PD7069"                   "Wed Jan 18 23:08:29 2017"
[1] "PD7199"                   "Wed Jan 18 23:08:29 2017"
[1] "PD7201"                   "Wed Jan 18 23:08:30 2017"
[1] "PD7202"                   "Wed Jan 18 23:08:30 2017"
[1] "PD7203"                   "Wed Jan 18 23:08:31 2017"
[1] "PD7204"                   "Wed Jan 18 23:08:31 2017"
[1] "PD7205"                   "Wed Jan 18 23:08:31 2017"
[1] "PD7206"                   "Wed Jan 18 23:08:32 2017"
[1] "PD7207"                   "Wed Jan 18 23:08:32 2017"
[1] "PD7209"                   "Wed Jan 18 23:08:33 2017"
[1] "PD7210"                   "Wed Jan 18 23:08:33 2017"
[1] "PD7211"                   "Wed Jan 18 23:08:34 2017"
[1] "PD7214"                   "Wed Jan 18 23:08:35 2017"
[1] "PD7215"                   "Wed Jan 18 23:08:35 2017"
[1] "PD7217"                   "Wed Jan 18 23:08:36 2017"
[1] "PD7218"                   "Wed Jan 18 23:08:36 2017"
[1] "PD7219"                   "Wed Jan 18 23:08:37 2017"
[1] "PD7220"                   "Wed Jan 18 23:08:38 2017"
[1] "PD7221"                   "Wed Jan 18 23:08:38 2017"
[1] "PD7238"                   "Wed Jan 18 23:08:39 2017"
[1] "PD7240"                   "Wed Jan 18 23:08:39 2017"
[1] "PD7243"                   "Wed Jan 18 23:08:40 2017"
[1] "PD7248"                   "Wed Jan 18 23:08:41 2017"
[1] "PD7249"                   "Wed Jan 18 23:08:41 2017"
[1] "PD7250"                   "Wed Jan 18 23:08:42 2017"
[1] "PD7304"                   "Wed Jan 18 23:08:43 2017"
[1] "PD7305"                   "Wed Jan 18 23:08:43 2017"
[1] "PD7306"                   "Wed Jan 18 23:08:44 2017"
[1] "PD7307"                   "Wed Jan 18 23:08:44 2017"
[1] "PD7316"                   "Wed Jan 18 23:08:45 2017"
[1] "PD7321"                   "Wed Jan 18 23:08:46 2017"
[1] "PD7322"                   "Wed Jan 18 23:08:46 2017"
[1] "PD7341"                   "Wed Jan 18 23:08:47 2017"
[1] "PD7344"                   "Wed Jan 18 23:08:47 2017"
[1] "PD7426"                   "Wed Jan 18 23:08:48 2017"
[1] "PD7428"                   "Wed Jan 18 23:08:48 2017"
[1] "PD8609"                   "Wed Jan 18 23:08:49 2017"
[1] "PD8610"                   "Wed Jan 18 23:08:50 2017"
[1] "PD8611"                   "Wed Jan 18 23:08:50 2017"
[1] "PD8612"                   "Wed Jan 18 23:08:51 2017"
[1] "PD8614"                   "Wed Jan 18 23:08:51 2017"
[1] "PD8615"                   "Wed Jan 18 23:08:51 2017"
[1] "PD8617"                   "Wed Jan 18 23:08:52 2017"
[1] "PD8618"                   "Wed Jan 18 23:08:53 2017"
[1] "PD8619"                   "Wed Jan 18 23:08:53 2017"
[1] "PD8620"                   "Wed Jan 18 23:08:54 2017"
[1] "PD8621"                   "Wed Jan 18 23:08:54 2017"
[1] "PD8622"                   "Wed Jan 18 23:08:55 2017"
[1] "PD8623"                   "Wed Jan 18 23:08:56 2017"
[1] "PD8652"                   "Wed Jan 18 23:08:56 2017"
[1] "PD8660"                   "Wed Jan 18 23:08:57 2017"
[1] "PD8828"                   "Wed Jan 18 23:08:58 2017"
[1] "PD8830"                   "Wed Jan 18 23:08:58 2017"
[1] "PD8832"                   "Wed Jan 18 23:08:59 2017"
[1] "PD8964"                   "Wed Jan 18 23:09:00 2017"
[1] "PD8965"                   "Wed Jan 18 23:09:01 2017"
[1] "PD8969"                   "Wed Jan 18 23:09:01 2017"
[1] "PD8973"                   "Wed Jan 18 23:09:02 2017"
[1] "PD8977"                   "Wed Jan 18 23:09:02 2017"
[1] "PD8978"                   "Wed Jan 18 23:09:03 2017"
[1] "PD8979"                   "Wed Jan 18 23:09:03 2017"
[1] "PD8980"                   "Wed Jan 18 23:09:04 2017"
[1] "PD8981"                   "Wed Jan 18 23:09:04 2017"
[1] "PD8982"                   "Wed Jan 18 23:09:05 2017"
[1] "PD8984"                   "Wed Jan 18 23:09:05 2017"
[1] "PD8995"                   "Wed Jan 18 23:09:06 2017"
[1] "PD8996"                   "Wed Jan 18 23:09:07 2017"
[1] "PD8997"                   "Wed Jan 18 23:09:07 2017"
[1] "PD8998"                   "Wed Jan 18 23:09:08 2017"
[1] "PD8999"                   "Wed Jan 18 23:09:08 2017"
[1] "PD9000"                   "Wed Jan 18 23:09:09 2017"
[1] "PD9001"                   "Wed Jan 18 23:09:09 2017"
[1] "PD9002"                   "Wed Jan 18 23:09:10 2017"
[1] "PD9004"                   "Wed Jan 18 23:09:11 2017"
[1] "PD9009"                   "Wed Jan 18 23:09:12 2017"
[1] "PD9063"                   "Wed Jan 18 23:09:12 2017"
[1] "PD9064"                   "Wed Jan 18 23:09:13 2017"
[1] "PD9065"                   "Wed Jan 18 23:09:14 2017"
[1] "PD9067"                   "Wed Jan 18 23:09:14 2017"
[1] "PD9193"                   "Wed Jan 18 23:09:15 2017"
[1] "PD9464"                   "Wed Jan 18 23:09:15 2017"
[1] "PD9467"                   "Wed Jan 18 23:09:15 2017"
[1] "PD9539"                   "Wed Jan 18 23:09:16 2017"
[1] "PD9541"                   "Wed Jan 18 23:09:16 2017"
[1] "PD9544"                   "Wed Jan 18 23:09:17 2017"
[1] "PD9567"                   "Wed Jan 18 23:09:17 2017"
[1] "PD9568"                   "Wed Jan 18 23:09:18 2017"
[1] "PD9569"                   "Wed Jan 18 23:09:18 2017"
[1] "PD9570"                   "Wed Jan 18 23:09:19 2017"
[1] "PD9571"                   "Wed Jan 18 23:09:19 2017"
[1] "PD9572"                   "Wed Jan 18 23:09:20 2017"
[1] "PD9573"                   "Wed Jan 18 23:09:21 2017"
[1] "PD9574"                   "Wed Jan 18 23:09:21 2017"
[1] "PD9575"                   "Wed Jan 18 23:09:21 2017"
[1] "PD9576"                   "Wed Jan 18 23:09:22 2017"
[1] "PD9577"                   "Wed Jan 18 23:09:23 2017"
[1] "PD9578"                   "Wed Jan 18 23:09:23 2017"
[1] "PD9579"                   "Wed Jan 18 23:09:24 2017"
[1] "PD9581"                   "Wed Jan 18 23:09:24 2017"
[1] "PD9582"                   "Wed Jan 18 23:09:25 2017"
[1] "PD9584"                   "Wed Jan 18 23:09:25 2017"
[1] "PD9585"                   "Wed Jan 18 23:09:26 2017"
[1] "PD9589"                   "Wed Jan 18 23:09:26 2017"
[1] "PD9591"                   "Wed Jan 18 23:09:27 2017"
[1] "PD9592"                   "Wed Jan 18 23:09:27 2017"
[1] "PD9593"                   "Wed Jan 18 23:09:28 2017"
[1] "PD9595"                   "Wed Jan 18 23:09:29 2017"
[1] "PD9597"                   "Wed Jan 18 23:09:29 2017"
[1] "PD9599"                   "Wed Jan 18 23:09:30 2017"
[1] "PD9600"                   "Wed Jan 18 23:09:30 2017"
[1] "PD9604"                   "Wed Jan 18 23:09:31 2017"
[1] "PD9605"                   "Wed Jan 18 23:09:31 2017"
[1] "PD9606"                   "Wed Jan 18 23:09:32 2017"
[1] "PD9694"                   "Wed Jan 18 23:09:32 2017"
[1] "PD9696"                   "Wed Jan 18 23:09:33 2017"
[1] "PD9702"                   "Wed Jan 18 23:09:34 2017"
[1] "PD9752"                   "Wed Jan 18 23:09:34 2017"
[1] "PD9754"                   "Wed Jan 18 23:09:35 2017"
[1] "PD9755"                   "Wed Jan 18 23:09:35 2017"
[1] "PD9756"                   "Wed Jan 18 23:09:36 2017"
[1] "PD9759"                   "Wed Jan 18 23:09:36 2017"
[1] "PD9760"                   "Wed Jan 18 23:09:37 2017"
[1] "PD9761"                   "Wed Jan 18 23:09:37 2017"
[1] "PD9842"                   "Wed Jan 18 23:09:38 2017"
[1] "PD9843"                   "Wed Jan 18 23:09:38 2017"
[1] "PD9844"                   "Wed Jan 18 23:09:39 2017"
[1] "PD9845"                   "Wed Jan 18 23:09:39 2017"
[1] "PD9847"                   "Wed Jan 18 23:09:40 2017"
[1] "Wed Jan 18 23:09:41 2017"
